{"/home/patsicko/Desktop/my-brand-patrick/server/my-brand-bakend/index.js":{"path":"/home/patsicko/Desktop/my-brand-patrick/server/my-brand-bakend/index.js","statementMap":{"0":{"start":{"line":3,"column":29},"end":{"line":3,"column":84}},"1":{"start":{"line":4,"column":0},"end":{"line":6,"column":3}},"2":{"start":{"line":7,"column":0},"end":{"line":7,"column":28}},"3":{"start":{"line":8,"column":15},"end":{"line":8,"column":57}},"4":{"start":{"line":9,"column":12},"end":{"line":9,"column":51}},"5":{"start":{"line":10,"column":14},"end":{"line":10,"column":55}},"6":{"start":{"line":11,"column":10},"end":{"line":11,"column":58}},"7":{"start":{"line":12,"column":16},"end":{"line":12,"column":59}},"8":{"start":{"line":13,"column":20},"end":{"line":13,"column":76}},"9":{"start":{"line":14,"column":17},"end":{"line":14,"column":70}},"10":{"start":{"line":15,"column":17},"end":{"line":15,"column":70}},"11":{"start":{"line":16,"column":18},"end":{"line":16,"column":72}},"12":{"start":{"line":17,"column":0},"end":{"line":17,"column":46}},"13":{"start":{"line":18,"column":10},"end":{"line":18,"column":36}},"14":{"start":{"line":19,"column":0},"end":{"line":22,"column":4}},"15":{"start":{"line":23,"column":0},"end":{"line":23,"column":36}},"16":{"start":{"line":24,"column":0},"end":{"line":24,"column":28}},"17":{"start":{"line":25,"column":11},"end":{"line":25,"column":53}},"18":{"start":{"line":26,"column":0},"end":{"line":28,"column":3}},"19":{"start":{"line":27,"column":2},"end":{"line":27,"column":58}},"20":{"start":{"line":29,"column":0},"end":{"line":29,"column":22}},"21":{"start":{"line":30,"column":0},"end":{"line":30,"column":42}},"22":{"start":{"line":31,"column":0},"end":{"line":31,"column":39}},"23":{"start":{"line":32,"column":0},"end":{"line":32,"column":39}},"24":{"start":{"line":33,"column":0},"end":{"line":33,"column":42}},"25":{"start":{"line":34,"column":15},"end":{"line":34,"column":18}},"26":{"start":{"line":35,"column":0},"end":{"line":35,"column":30}}},"fnMap":{"0":{"name":"(anonymous_0)","decl":{"start":{"line":26,"column":17},"end":{"line":26,"column":18}},"loc":{"start":{"line":26,"column":29},"end":{"line":28,"column":1}},"line":26}},"branchMap":{"0":{"loc":{"start":{"line":25,"column":11},"end":{"line":25,"column":53}},"type":"cond-expr","locations":[{"start":{"line":25,"column":30},"end":{"line":25,"column":46}},{"start":{"line":25,"column":49},"end":{"line":25,"column":53}}],"line":25}},"s":{"0":1,"1":1,"2":1,"3":1,"4":1,"5":1,"6":1,"7":1,"8":1,"9":1,"10":1,"11":1,"12":1,"13":1,"14":1,"15":1,"16":1,"17":1,"18":1,"19":1,"20":1,"21":1,"22":1,"23":1,"24":1,"25":1,"26":1},"f":{"0":1},"b":{"0":[1,0]},"inputSourceMap":{"version":3,"names":["mongoose","set","app","Express","use","cors","origin","methods","json","dotenv","config","port","process","env","PORT","listen","console","log","dbConnect","ContactRoute","BlogRoute","userRoute","adminRoute"],"sourceRoot":"/home/patsicko/Desktop/my-brand-patrick/server/my-brand-bakend/","sources":["index.js"],"sourcesContent":["import Express  from \"express\";\nimport cors from \"cors\";\nimport dotenv from 'dotenv';\nimport dbConnect from \"./database/db\";\nimport mongoose from \"mongoose\";\nimport ContactRoute from \"./routes/ContactRoute\";\nimport BlogRoute from \"./routes/blogRoute\";\nimport userRoute from \"./routes/userRoute\";\nimport adminRoute from \"./routes/adminRoute\";\n\nmongoose.set('strictQuery',true)\n\n\nconst app=Express();\n\napp.use(cors({origin:'*',methods: ['GET','POST','DELETE','UPDATE','PUT','PATCH']}));\n\napp.use(Express.json());\n\ndotenv.config();\n\nconst port=process.env.PORT ? process.env.PORT:5001;\n\napp.listen(port,()=>{\n    console.log(`app is listening on port : ${port}`)\n})\n\ndbConnect();\n\napp.use(\"/api\",ContactRoute);\napp.use(\"/api\",BlogRoute);\napp.use(\"/api\",userRoute);\napp.use(\"/admin\",adminRoute);\n\n\nexport default app"],"mappings":";;;;;;;AAAA;AACA;AACA;AACA;AACA;AACA;AACA;AACA;AACA;AAEAA,oBAAQ,CAACC,GAAG,CAAC,aAAa,EAAC,IAAI,CAAC;AAGhC,IAAMC,GAAG,GAAC,IAAAC,mBAAO,GAAE;AAEnBD,GAAG,CAACE,GAAG,CAAC,IAAAC,gBAAI,EAAC;EAACC,MAAM,EAAC,GAAG;EAACC,OAAO,EAAE,CAAC,KAAK,EAAC,MAAM,EAAC,QAAQ,EAAC,QAAQ,EAAC,KAAK,EAAC,OAAO;AAAC,CAAC,CAAC,CAAC;AAEnFL,GAAG,CAACE,GAAG,CAACD,mBAAO,CAACK,IAAI,EAAE,CAAC;AAEvBC,kBAAM,CAACC,MAAM,EAAE;AAEf,IAAMC,IAAI,GAACC,OAAO,CAACC,GAAG,CAACC,IAAI,GAAGF,OAAO,CAACC,GAAG,CAACC,IAAI,GAAC,IAAI;AAEnDZ,GAAG,CAACa,MAAM,CAACJ,IAAI,EAAC,YAAI;EAChBK,OAAO,CAACC,GAAG,sCAA+BN,IAAI,EAAG;AACrD,CAAC,CAAC;AAEF,IAAAO,cAAS,GAAE;AAEXhB,GAAG,CAACE,GAAG,CAAC,MAAM,EAACe,wBAAY,CAAC;AAC5BjB,GAAG,CAACE,GAAG,CAAC,MAAM,EAACgB,qBAAS,CAAC;AACzBlB,GAAG,CAACE,GAAG,CAAC,MAAM,EAACiB,qBAAS,CAAC;AACzBnB,GAAG,CAACE,GAAG,CAAC,QAAQ,EAACkB,sBAAU,CAAC;AAAC,eAGdpB,GAAG;AAAA"},"_coverageSchema":"1a1c01bbd47fc00a2c39e90264f33305004495a9","hash":"77a1d0127f836aadf14a64633eae5e90c1e4e55e","contentHash":"518cffc2368b8ecfbb59da03fc4626c400d3028518f1d629cfc2ae5dcfcf5c34"},"/home/patsicko/Desktop/my-brand-patrick/server/my-brand-bakend/database/db.js":{"path":"/home/patsicko/Desktop/my-brand-patrick/server/my-brand-bakend/database/db.js","statementMap":{"0":{"start":{"line":3,"column":29},"end":{"line":3,"column":84}},"1":{"start":{"line":4,"column":0},"end":{"line":6,"column":3}},"2":{"start":{"line":7,"column":0},"end":{"line":7,"column":28}},"3":{"start":{"line":8,"column":19},"end":{"line":8,"column":80}},"4":{"start":{"line":9,"column":25},"end":{"line":9,"column":99}},"5":{"start":{"line":10,"column":16},"end":{"line":10,"column":59}},"6":{"start":{"line":11,"column":29},"end":{"line":39,"column":3}},"7":{"start":{"line":12,"column":13},"end":{"line":35,"column":5}},"8":{"start":{"line":13,"column":4},"end":{"line":34,"column":32}},"9":{"start":{"line":14,"column":6},"end":{"line":33,"column":7}},"10":{"start":{"line":14,"column":16},"end":{"line":33,"column":7}},"11":{"start":{"line":16,"column":10},"end":{"line":16,"column":28}},"12":{"start":{"line":17,"column":10},"end":{"line":17,"column":28}},"13":{"start":{"line":18,"column":10},"end":{"line":21,"column":13}},"14":{"start":{"line":23,"column":10},"end":{"line":23,"column":57}},"15":{"start":{"line":24,"column":10},"end":{"line":24,"column":28}},"16":{"start":{"line":25,"column":10},"end":{"line":25,"column":16}},"17":{"start":{"line":27,"column":10},"end":{"line":27,"column":28}},"18":{"start":{"line":28,"column":10},"end":{"line":28,"column":45}},"19":{"start":{"line":29,"column":10},"end":{"line":29,"column":43}},"20":{"start":{"line":32,"column":10},"end":{"line":32,"column":33}},"21":{"start":{"line":36,"column":2},"end":{"line":38,"column":4}},"22":{"start":{"line":37,"column":4},"end":{"line":37,"column":39}},"23":{"start":{"line":40,"column":15},"end":{"line":40,"column":24}},"24":{"start":{"line":41,"column":0},"end":{"line":41,"column":30}}},"fnMap":{"0":{"name":"(anonymous_0)","decl":{"start":{"line":11,"column":29},"end":{"line":11,"column":30}},"loc":{"start":{"line":11,"column":41},"end":{"line":39,"column":1}},"line":11},"1":{"name":"_callee","decl":{"start":{"line":12,"column":100},"end":{"line":12,"column":107}},"loc":{"start":{"line":12,"column":110},"end":{"line":35,"column":3}},"line":12},"2":{"name":"_callee$","decl":{"start":{"line":13,"column":49},"end":{"line":13,"column":57}},"loc":{"start":{"line":13,"column":68},"end":{"line":34,"column":5}},"line":13},"3":{"name":"dbConnect","decl":{"start":{"line":36,"column":18},"end":{"line":36,"column":27}},"loc":{"start":{"line":36,"column":30},"end":{"line":38,"column":3}},"line":36}},"branchMap":{"0":{"loc":{"start":{"line":14,"column":16},"end":{"line":33,"column":7}},"type":"switch","locations":[{"start":{"line":15,"column":8},"end":{"line":21,"column":13}},{"start":{"line":22,"column":8},"end":{"line":25,"column":16}},{"start":{"line":26,"column":8},"end":{"line":29,"column":43}},{"start":{"line":30,"column":8},"end":{"line":30,"column":15}},{"start":{"line":31,"column":8},"end":{"line":32,"column":33}}],"line":14}},"s":{"0":1,"1":1,"2":1,"3":1,"4":1,"5":1,"6":1,"7":1,"8":1,"9":2,"10":3,"11":1,"12":1,"13":1,"14":1,"15":1,"16":1,"17":0,"18":0,"19":0,"20":1,"21":1,"22":1,"23":1,"24":1},"f":{"0":1,"1":1,"2":2,"3":1},"b":{"0":[1,1,0,1,1]},"inputSourceMap":{"version":3,"names":["dbConnect","mongoose","connect","process","env","MONGODB_URL","useNewUrlParser","useUnifiedTopology","console","log","message"],"sourceRoot":"/home/patsicko/Desktop/my-brand-patrick/server/my-brand-bakend/database/","sources":["db.js"],"sourcesContent":["import mongoose from \"mongoose\";\n\nconst dbConnect=async()=>{\n    try{\n    await mongoose.connect(process.env.MONGODB_URL,{\n        useNewUrlParser:true,\n        useUnifiedTopology:true\n    })\n\n    console.log('database connected successfully')\n\n    }catch(error){\n    console.log(error.message)\n    }\n}\n\nexport default dbConnect;"],"mappings":";;;;;;;;;AAAA;AAEA,IAAMA,SAAS;EAAA,yFAAC;IAAA;MAAA;QAAA;UAAA;UAAA;UAAA,OAENC,oBAAQ,CAACC,OAAO,CAACC,OAAO,CAACC,GAAG,CAACC,WAAW,EAAC;YAC3CC,eAAe,EAAC,IAAI;YACpBC,kBAAkB,EAAC;UACvB,CAAC,CAAC;QAAA;UAEFC,OAAO,CAACC,GAAG,CAAC,iCAAiC,CAAC;UAAA;UAAA;QAAA;UAAA;UAAA;UAG9CD,OAAO,CAACC,GAAG,CAAC,YAAMC,OAAO,CAAC;QAAA;QAAA;UAAA;MAAA;IAAA;EAAA,CAE7B;EAAA,gBAZKV,SAAS;IAAA;EAAA;AAAA,GAYd;AAAA,eAEcA,SAAS;AAAA"},"_coverageSchema":"1a1c01bbd47fc00a2c39e90264f33305004495a9","hash":"395e29478fc1c7811d15d25be794b9c74323587a","contentHash":"b927dc1b872808ca1cbb9ab84707b60731ab34e31f5bc85e04f18d152a904ff2"},"/home/patsicko/Desktop/my-brand-patrick/server/my-brand-bakend/routes/ContactRoute.js":{"path":"/home/patsicko/Desktop/my-brand-patrick/server/my-brand-bakend/routes/ContactRoute.js","statementMap":{"0":{"start":{"line":3,"column":29},"end":{"line":3,"column":84}},"1":{"start":{"line":4,"column":0},"end":{"line":6,"column":3}},"2":{"start":{"line":7,"column":0},"end":{"line":7,"column":28}},"3":{"start":{"line":8,"column":15},"end":{"line":8,"column":57}},"4":{"start":{"line":9,"column":25},"end":{"line":9,"column":91}},"5":{"start":{"line":10,"column":20},"end":{"line":10,"column":81}},"6":{"start":{"line":11,"column":25},"end":{"line":11,"column":91}},"7":{"start":{"line":12,"column":19},"end":{"line":12,"column":47}},"8":{"start":{"line":13,"column":0},"end":{"line":13,"column":112}},"9":{"start":{"line":14,"column":0},"end":{"line":14,"column":103}},"10":{"start":{"line":15,"column":0},"end":{"line":15,"column":110}},"11":{"start":{"line":16,"column":0},"end":{"line":16,"column":110}},"12":{"start":{"line":17,"column":15},"end":{"line":17,"column":27}},"13":{"start":{"line":18,"column":0},"end":{"line":18,"column":30}}},"fnMap":{},"branchMap":{},"s":{"0":1,"1":1,"2":1,"3":1,"4":1,"5":1,"6":1,"7":1,"8":1,"9":1,"10":1,"11":1,"12":1,"13":1},"f":{},"b":{},"inputSourceMap":{"version":3,"names":["ContactRoute","Express","Router","post","validateMessage","ContactController","createMessage","get","verifyToken","getMessages","getSingleMessage","deleteMessage"],"sourceRoot":"/home/patsicko/Desktop/my-brand-patrick/server/my-brand-bakend/routes/","sources":["ContactRoute.js"],"sourcesContent":["\nimport Express  from \"express\";\nimport validateMessage from \"../middleware/messageValidation\";\nimport verifyToken from \"../middleware/authenticate\";\n\n\nimport ContactController from \"../controller/ContactController\";\nconst ContactRoute=Express.Router();\n\nContactRoute.post(\"/createMessage\",validateMessage,ContactController.createMessage);\nContactRoute.get(\"/getMessages/\",verifyToken,ContactController.getMessages);\nContactRoute.get(\"/getMessage/:id\",verifyToken,ContactController.getSingleMessage);\nContactRoute.get(\"/deleteMessage/:id\",verifyToken,ContactController.deleteMessage);\n\n export default ContactRoute\n"],"mappings":";;;;;;;AACA;AACA;AACA;AAGA;AACA,IAAMA,YAAY,GAACC,mBAAO,CAACC,MAAM,EAAE;AAEnCF,YAAY,CAACG,IAAI,CAAC,gBAAgB,EAACC,6BAAe,EAACC,6BAAiB,CAACC,aAAa,CAAC;AACnFN,YAAY,CAACO,GAAG,CAAC,eAAe,EAACC,wBAAW,EAACH,6BAAiB,CAACI,WAAW,CAAC;AAC3ET,YAAY,CAACO,GAAG,CAAC,iBAAiB,EAACC,wBAAW,EAACH,6BAAiB,CAACK,gBAAgB,CAAC;AAClFV,YAAY,CAACO,GAAG,CAAC,oBAAoB,EAACC,wBAAW,EAACH,6BAAiB,CAACM,aAAa,CAAC;AAAC,eAEnEX,YAAY;AAAA"},"_coverageSchema":"1a1c01bbd47fc00a2c39e90264f33305004495a9","hash":"4f795caf1b719211066aea5430e6b9eb8f9d7443","contentHash":"b324e7fbeb84796ad306f156b0d26c453fe9aa552b18c02f8d28f38adddd6eea"},"/home/patsicko/Desktop/my-brand-patrick/server/my-brand-bakend/middleware/messageValidation.js":{"path":"/home/patsicko/Desktop/my-brand-patrick/server/my-brand-bakend/middleware/messageValidation.js","statementMap":{"0":{"start":{"line":3,"column":29},"end":{"line":3,"column":84}},"1":{"start":{"line":4,"column":0},"end":{"line":6,"column":3}},"2":{"start":{"line":7,"column":0},"end":{"line":7,"column":28}},"3":{"start":{"line":8,"column":25},"end":{"line":8,"column":91}},"4":{"start":{"line":9,"column":22},"end":{"line":23,"column":1}},"5":{"start":{"line":10,"column":30},"end":{"line":12,"column":6}},"6":{"start":{"line":13,"column":12},"end":{"line":13,"column":39}},"7":{"start":{"line":14,"column":12},"end":{"line":14,"column":39}},"8":{"start":{"line":15,"column":2},"end":{"line":20,"column":3}},"9":{"start":{"line":16,"column":4},"end":{"line":19,"column":7}},"10":{"start":{"line":21,"column":2},"end":{"line":21,"column":28}},"11":{"start":{"line":22,"column":2},"end":{"line":22,"column":9}},"12":{"start":{"line":24,"column":15},"end":{"line":24,"column":30}},"13":{"start":{"line":25,"column":0},"end":{"line":25,"column":30}}},"fnMap":{"0":{"name":"validateMessage","decl":{"start":{"line":9,"column":31},"end":{"line":9,"column":46}},"loc":{"start":{"line":9,"column":63},"end":{"line":23,"column":1}},"line":9}},"branchMap":{"0":{"loc":{"start":{"line":15,"column":2},"end":{"line":20,"column":3}},"type":"if","locations":[{"start":{"line":15,"column":2},"end":{"line":20,"column":3}},{"start":{"line":15,"column":2},"end":{"line":20,"column":3}}],"line":15}},"s":{"0":1,"1":1,"2":1,"3":1,"4":1,"5":0,"6":0,"7":0,"8":0,"9":0,"10":0,"11":0,"12":1,"13":1},"f":{"0":0},"b":{"0":[0,0]},"inputSourceMap":{"version":3,"names":["validateMessage","req","res","next","messageSchema","validate","body","abortEarly","error","value","status","json","details","message","validatedData"],"sourceRoot":"/home/patsicko/Desktop/my-brand-patrick/server/my-brand-bakend/middleware/","sources":["messageValidation.js"],"sourcesContent":["import messageSchema from \"../validation/messageValidation\";\n\nconst validateMessage=(req,res,next)=>{\nconst { error,value } = messageSchema.validate(req.body,{abortEarly:false});\nif(error){\n    return res.status(400).json({\n            status:400,\n            error:error.details[0].message\n        })\n}\n\nreq.validatedData=value;\nnext();\n}\n\nexport default validateMessage;"],"mappings":";;;;;;;AAAA;AAEA,IAAMA,eAAe,GAAC,SAAhBA,eAAe,CAAEC,GAAG,EAACC,GAAG,EAACC,IAAI,EAAG;EACtC,4BAAwBC,6BAAa,CAACC,QAAQ,CAACJ,GAAG,CAACK,IAAI,EAAC;MAACC,UAAU,EAAC;IAAK,CAAC,CAAC;IAAnEC,KAAK,yBAALA,KAAK;IAACC,KAAK,yBAALA,KAAK;EACnB,IAAGD,KAAK,EAAC;IACL,OAAON,GAAG,CAACQ,MAAM,CAAC,GAAG,CAAC,CAACC,IAAI,CAAC;MACpBD,MAAM,EAAC,GAAG;MACVF,KAAK,EAACA,KAAK,CAACI,OAAO,CAAC,CAAC,CAAC,CAACC;IAC3B,CAAC,CAAC;EACV;EAEAZ,GAAG,CAACa,aAAa,GAACL,KAAK;EACvBN,IAAI,EAAE;AACN,CAAC;AAAA,eAEcH,eAAe;AAAA"},"_coverageSchema":"1a1c01bbd47fc00a2c39e90264f33305004495a9","hash":"88404a4bf29e23e6b3a8c4ffffb2efe7735b9cf1","contentHash":"dc59df35bd8741a8890892d3ba311fc7f061b0bbfe22dc8b06bd7714f1a5ea5a"},"/home/patsicko/Desktop/my-brand-patrick/server/my-brand-bakend/validation/messageValidation.js":{"path":"/home/patsicko/Desktop/my-brand-patrick/server/my-brand-bakend/validation/messageValidation.js","statementMap":{"0":{"start":{"line":3,"column":29},"end":{"line":3,"column":84}},"1":{"start":{"line":4,"column":0},"end":{"line":6,"column":3}},"2":{"start":{"line":7,"column":0},"end":{"line":7,"column":28}},"3":{"start":{"line":8,"column":11},"end":{"line":8,"column":49}},"4":{"start":{"line":9,"column":20},"end":{"line":15,"column":2}},"5":{"start":{"line":16,"column":15},"end":{"line":16,"column":28}},"6":{"start":{"line":17,"column":0},"end":{"line":17,"column":30}}},"fnMap":{},"branchMap":{},"s":{"0":1,"1":1,"2":1,"3":1,"4":1,"5":1,"6":1},"f":{},"b":{},"inputSourceMap":{"version":3,"names":["messageSchema","Joi","object","names","string","min","required","email","minDomainSegments","message"],"sourceRoot":"/home/patsicko/Desktop/my-brand-patrick/server/my-brand-bakend/validation/","sources":["messageValidation.js"],"sourcesContent":["import Joi from \"joi\";\n\nconst messageSchema= Joi.object({\n   names:Joi.string().min(4).required(),\n   email:Joi.string().email({minDomainSegments:2}).required(),\n   message:Joi.string().min(10).required()\n\n})\n\nexport default messageSchema;"],"mappings":";;;;;;;AAAA;AAEA,IAAMA,aAAa,GAAEC,eAAG,CAACC,MAAM,CAAC;EAC7BC,KAAK,EAACF,eAAG,CAACG,MAAM,EAAE,CAACC,GAAG,CAAC,CAAC,CAAC,CAACC,QAAQ,EAAE;EACpCC,KAAK,EAACN,eAAG,CAACG,MAAM,EAAE,CAACG,KAAK,CAAC;IAACC,iBAAiB,EAAC;EAAC,CAAC,CAAC,CAACF,QAAQ,EAAE;EAC1DG,OAAO,EAACR,eAAG,CAACG,MAAM,EAAE,CAACC,GAAG,CAAC,EAAE,CAAC,CAACC,QAAQ;AAExC,CAAC,CAAC;AAAA,eAEaN,aAAa;AAAA"},"_coverageSchema":"1a1c01bbd47fc00a2c39e90264f33305004495a9","hash":"7100279641348e0fd820690de26789d140d20c11","contentHash":"41c80d74aed742f83d3c7dc02af7a8936c4cd1de4f5a20798c2a452a1f49437e"},"/home/patsicko/Desktop/my-brand-patrick/server/my-brand-bakend/middleware/authenticate.js":{"path":"/home/patsicko/Desktop/my-brand-patrick/server/my-brand-bakend/middleware/authenticate.js","statementMap":{"0":{"start":{"line":3,"column":29},"end":{"line":3,"column":84}},"1":{"start":{"line":4,"column":0},"end":{"line":6,"column":3}},"2":{"start":{"line":7,"column":0},"end":{"line":7,"column":28}},"3":{"start":{"line":8,"column":20},"end":{"line":8,"column":67}},"4":{"start":{"line":9,"column":18},"end":{"line":26,"column":1}},"5":{"start":{"line":10,"column":2},"end":{"line":25,"column":3}},"6":{"start":{"line":11,"column":21},"end":{"line":11,"column":38}},"7":{"start":{"line":12,"column":4},"end":{"line":16,"column":5}},"8":{"start":{"line":13,"column":6},"end":{"line":15,"column":9}},"9":{"start":{"line":17,"column":16},"end":{"line":17,"column":40}},"10":{"start":{"line":18,"column":18},"end":{"line":18,"column":80}},"11":{"start":{"line":19,"column":4},"end":{"line":19,"column":23}},"12":{"start":{"line":20,"column":4},"end":{"line":20,"column":11}},"13":{"start":{"line":22,"column":4},"end":{"line":24,"column":7}},"14":{"start":{"line":27,"column":15},"end":{"line":27,"column":26}},"15":{"start":{"line":28,"column":0},"end":{"line":28,"column":30}}},"fnMap":{"0":{"name":"verifyToken","decl":{"start":{"line":9,"column":27},"end":{"line":9,"column":38}},"loc":{"start":{"line":9,"column":55},"end":{"line":26,"column":1}},"line":9}},"branchMap":{"0":{"loc":{"start":{"line":12,"column":4},"end":{"line":16,"column":5}},"type":"if","locations":[{"start":{"line":12,"column":4},"end":{"line":16,"column":5}},{"start":{"line":12,"column":4},"end":{"line":16,"column":5}}],"line":12}},"s":{"0":1,"1":1,"2":1,"3":1,"4":1,"5":2,"6":2,"7":2,"8":0,"9":2,"10":2,"11":2,"12":2,"13":0,"14":1,"15":1},"f":{"0":2},"b":{"0":[0,2]},"inputSourceMap":{"version":3,"names":["verifyToken","req","res","next","authHeader","headers","token","status","json","message","split","decoded","jwt","verify","process","env","JWT_SECRET","user","error","msg"],"sourceRoot":"/home/patsicko/Desktop/my-brand-patrick/server/my-brand-bakend/middleware/","sources":["authenticate.js"],"sourcesContent":["import jwt from 'jsonwebtoken';\n\n const verifyToken = (req, res, next) => {\n    try {\n        const authHeader = req.headers.token;\n        if(!authHeader) {\n            return res.status(401).json({message:\"unauthorized\"});\n        }\n        const token = authHeader.split(' ')[1];\n        const decoded = jwt.verify(token, process.env.JWT_SECRET);\n        req.user = decoded;\n        next();\n    } catch (error) {\n        res.status(401).json({msg:\"unauthorized\"});\n    }\n}\n\nexport default verifyToken;"],"mappings":";;;;;;;AAAA;AAEC,IAAMA,WAAW,GAAG,SAAdA,WAAW,CAAIC,GAAG,EAAEC,GAAG,EAAEC,IAAI,EAAK;EACrC,IAAI;IACA,IAAMC,UAAU,GAAGH,GAAG,CAACI,OAAO,CAACC,KAAK;IACpC,IAAG,CAACF,UAAU,EAAE;MACZ,OAAOF,GAAG,CAACK,MAAM,CAAC,GAAG,CAAC,CAACC,IAAI,CAAC;QAACC,OAAO,EAAC;MAAc,CAAC,CAAC;IACzD;IACA,IAAMH,KAAK,GAAGF,UAAU,CAACM,KAAK,CAAC,GAAG,CAAC,CAAC,CAAC,CAAC;IACtC,IAAMC,OAAO,GAAGC,wBAAG,CAACC,MAAM,CAACP,KAAK,EAAEQ,OAAO,CAACC,GAAG,CAACC,UAAU,CAAC;IACzDf,GAAG,CAACgB,IAAI,GAAGN,OAAO;IAClBR,IAAI,EAAE;EACV,CAAC,CAAC,OAAOe,KAAK,EAAE;IACZhB,GAAG,CAACK,MAAM,CAAC,GAAG,CAAC,CAACC,IAAI,CAAC;MAACW,GAAG,EAAC;IAAc,CAAC,CAAC;EAC9C;AACJ,CAAC;AAAA,eAEcnB,WAAW;AAAA"},"_coverageSchema":"1a1c01bbd47fc00a2c39e90264f33305004495a9","hash":"70c01c4510b061ae6f638b448bd978e8824249ba","contentHash":"12c48a1745e40a7795d0113a3f73e3a09984eb5c6fbe96f98a02a28aea28cb09"},"/home/patsicko/Desktop/my-brand-patrick/server/my-brand-bakend/controller/ContactController.js":{"path":"/home/patsicko/Desktop/my-brand-patrick/server/my-brand-bakend/controller/ContactController.js","statementMap":{"0":{"start":{"line":3,"column":29},"end":{"line":3,"column":84}},"1":{"start":{"line":4,"column":0},"end":{"line":6,"column":3}},"2":{"start":{"line":7,"column":0},"end":{"line":7,"column":28}},"3":{"start":{"line":8,"column":19},"end":{"line":8,"column":80}},"4":{"start":{"line":9,"column":25},"end":{"line":9,"column":99}},"5":{"start":{"line":10,"column":23},"end":{"line":10,"column":95}},"6":{"start":{"line":11,"column":20},"end":{"line":11,"column":89}},"7":{"start":{"line":12,"column":20},"end":{"line":12,"column":76}},"8":{"start":{"line":13,"column":37},"end":{"line":174,"column":3}},"9":{"start":{"line":15,"column":4},"end":{"line":15,"column":62}},"10":{"start":{"line":17,"column":2},"end":{"line":172,"column":6}},"11":{"start":{"line":20,"column":27},"end":{"line":53,"column":9}},"12":{"start":{"line":22,"column":8},"end":{"line":52,"column":36}},"13":{"start":{"line":23,"column":10},"end":{"line":51,"column":11}},"14":{"start":{"line":23,"column":20},"end":{"line":51,"column":11}},"15":{"start":{"line":25,"column":14},"end":{"line":25,"column":32}},"16":{"start":{"line":26,"column":14},"end":{"line":30,"column":17}},"17":{"start":{"line":31,"column":14},"end":{"line":31,"column":32}},"18":{"start":{"line":32,"column":14},"end":{"line":32,"column":36}},"19":{"start":{"line":34,"column":14},"end":{"line":37,"column":17}},"20":{"start":{"line":38,"column":14},"end":{"line":38,"column":45}},"21":{"start":{"line":39,"column":14},"end":{"line":39,"column":33}},"22":{"start":{"line":40,"column":14},"end":{"line":40,"column":20}},"23":{"start":{"line":42,"column":14},"end":{"line":42,"column":32}},"24":{"start":{"line":43,"column":14},"end":{"line":43,"column":49}},"25":{"start":{"line":44,"column":14},"end":{"line":47,"column":17}},"26":{"start":{"line":50,"column":14},"end":{"line":50,"column":37}},"27":{"start":{"line":55,"column":8},"end":{"line":55,"column":53}},"28":{"start":{"line":57,"column":6},"end":{"line":57,"column":27}},"29":{"start":{"line":62,"column":25},"end":{"line":92,"column":9}},"30":{"start":{"line":64,"column":8},"end":{"line":91,"column":37}},"31":{"start":{"line":65,"column":10},"end":{"line":90,"column":11}},"32":{"start":{"line":65,"column":20},"end":{"line":90,"column":11}},"33":{"start":{"line":67,"column":14},"end":{"line":67,"column":33}},"34":{"start":{"line":68,"column":14},"end":{"line":68,"column":33}},"35":{"start":{"line":69,"column":14},"end":{"line":69,"column":53}},"36":{"start":{"line":71,"column":14},"end":{"line":71,"column":40}},"37":{"start":{"line":72,"column":14},"end":{"line":77,"column":17}},"38":{"start":{"line":78,"column":14},"end":{"line":78,"column":34}},"39":{"start":{"line":79,"column":14},"end":{"line":79,"column":20}},"40":{"start":{"line":81,"column":14},"end":{"line":81,"column":33}},"41":{"start":{"line":82,"column":14},"end":{"line":82,"column":51}},"42":{"start":{"line":83,"column":14},"end":{"line":86,"column":17}},"43":{"start":{"line":89,"column":14},"end":{"line":89,"column":38}},"44":{"start":{"line":94,"column":8},"end":{"line":94,"column":51}},"45":{"start":{"line":96,"column":6},"end":{"line":96,"column":25}},"46":{"start":{"line":101,"column":30},"end":{"line":131,"column":9}},"47":{"start":{"line":103,"column":8},"end":{"line":130,"column":37}},"48":{"start":{"line":104,"column":10},"end":{"line":129,"column":11}},"49":{"start":{"line":104,"column":20},"end":{"line":129,"column":11}},"50":{"start":{"line":106,"column":14},"end":{"line":106,"column":33}},"51":{"start":{"line":107,"column":14},"end":{"line":107,"column":33}},"52":{"start":{"line":108,"column":14},"end":{"line":108,"column":68}},"53":{"start":{"line":110,"column":14},"end":{"line":110,"column":39}},"54":{"start":{"line":111,"column":14},"end":{"line":116,"column":17}},"55":{"start":{"line":117,"column":14},"end":{"line":117,"column":34}},"56":{"start":{"line":118,"column":14},"end":{"line":118,"column":20}},"57":{"start":{"line":120,"column":14},"end":{"line":120,"column":33}},"58":{"start":{"line":121,"column":14},"end":{"line":121,"column":51}},"59":{"start":{"line":122,"column":14},"end":{"line":125,"column":17}},"60":{"start":{"line":128,"column":14},"end":{"line":128,"column":38}},"61":{"start":{"line":133,"column":8},"end":{"line":133,"column":56}},"62":{"start":{"line":135,"column":6},"end":{"line":135,"column":30}},"63":{"start":{"line":140,"column":27},"end":{"line":166,"column":9}},"64":{"start":{"line":141,"column":8},"end":{"line":165,"column":37}},"65":{"start":{"line":142,"column":10},"end":{"line":164,"column":11}},"66":{"start":{"line":142,"column":20},"end":{"line":164,"column":11}},"67":{"start":{"line":144,"column":14},"end":{"line":144,"column":33}},"68":{"start":{"line":145,"column":14},"end":{"line":145,"column":33}},"69":{"start":{"line":146,"column":14},"end":{"line":146,"column":79}},"70":{"start":{"line":148,"column":14},"end":{"line":151,"column":17}},"71":{"start":{"line":152,"column":14},"end":{"line":152,"column":33}},"72":{"start":{"line":153,"column":14},"end":{"line":153,"column":20}},"73":{"start":{"line":155,"column":14},"end":{"line":155,"column":33}},"74":{"start":{"line":156,"column":14},"end":{"line":156,"column":51}},"75":{"start":{"line":157,"column":14},"end":{"line":160,"column":17}},"76":{"start":{"line":163,"column":14},"end":{"line":163,"column":38}},"77":{"start":{"line":168,"column":8},"end":{"line":168,"column":53}},"78":{"start":{"line":170,"column":6},"end":{"line":170,"column":27}},"79":{"start":{"line":173,"column":2},"end":{"line":173,"column":27}},"80":{"start":{"line":175,"column":15},"end":{"line":175,"column":32}},"81":{"start":{"line":176,"column":0},"end":{"line":176,"column":30}}},"fnMap":{"0":{"name":"(anonymous_0)","decl":{"start":{"line":13,"column":37},"end":{"line":13,"column":38}},"loc":{"start":{"line":13,"column":49},"end":{"line":174,"column":1}},"line":13},"1":{"name":"ContactController","decl":{"start":{"line":14,"column":11},"end":{"line":14,"column":28}},"loc":{"start":{"line":14,"column":31},"end":{"line":16,"column":3}},"line":14},"2":{"name":"(anonymous_2)","decl":{"start":{"line":19,"column":11},"end":{"line":19,"column":12}},"loc":{"start":{"line":19,"column":23},"end":{"line":58,"column":5}},"line":19},"3":{"name":"_callee","decl":{"start":{"line":20,"column":114},"end":{"line":20,"column":121}},"loc":{"start":{"line":20,"column":132},"end":{"line":53,"column":7}},"line":20},"4":{"name":"_callee$","decl":{"start":{"line":22,"column":53},"end":{"line":22,"column":61}},"loc":{"start":{"line":22,"column":72},"end":{"line":52,"column":9}},"line":22},"5":{"name":"createMessage","decl":{"start":{"line":54,"column":15},"end":{"line":54,"column":28}},"loc":{"start":{"line":54,"column":38},"end":{"line":56,"column":7}},"line":54},"6":{"name":"(anonymous_6)","decl":{"start":{"line":61,"column":11},"end":{"line":61,"column":12}},"loc":{"start":{"line":61,"column":23},"end":{"line":97,"column":5}},"line":61},"7":{"name":"_callee2","decl":{"start":{"line":62,"column":112},"end":{"line":62,"column":120}},"loc":{"start":{"line":62,"column":131},"end":{"line":92,"column":7}},"line":62},"8":{"name":"_callee2$","decl":{"start":{"line":64,"column":53},"end":{"line":64,"column":62}},"loc":{"start":{"line":64,"column":74},"end":{"line":91,"column":9}},"line":64},"9":{"name":"getMessages","decl":{"start":{"line":93,"column":15},"end":{"line":93,"column":26}},"loc":{"start":{"line":93,"column":37},"end":{"line":95,"column":7}},"line":93},"10":{"name":"(anonymous_10)","decl":{"start":{"line":100,"column":11},"end":{"line":100,"column":12}},"loc":{"start":{"line":100,"column":23},"end":{"line":136,"column":5}},"line":100},"11":{"name":"_callee3","decl":{"start":{"line":101,"column":117},"end":{"line":101,"column":125}},"loc":{"start":{"line":101,"column":136},"end":{"line":131,"column":7}},"line":101},"12":{"name":"_callee3$","decl":{"start":{"line":103,"column":53},"end":{"line":103,"column":62}},"loc":{"start":{"line":103,"column":74},"end":{"line":130,"column":9}},"line":103},"13":{"name":"getSingleMessage","decl":{"start":{"line":132,"column":15},"end":{"line":132,"column":31}},"loc":{"start":{"line":132,"column":42},"end":{"line":134,"column":7}},"line":132},"14":{"name":"(anonymous_14)","decl":{"start":{"line":139,"column":11},"end":{"line":139,"column":12}},"loc":{"start":{"line":139,"column":23},"end":{"line":171,"column":5}},"line":139},"15":{"name":"_callee4","decl":{"start":{"line":140,"column":114},"end":{"line":140,"column":122}},"loc":{"start":{"line":140,"column":133},"end":{"line":166,"column":7}},"line":140},"16":{"name":"_callee4$","decl":{"start":{"line":141,"column":53},"end":{"line":141,"column":62}},"loc":{"start":{"line":141,"column":74},"end":{"line":165,"column":9}},"line":141},"17":{"name":"deleteMessage","decl":{"start":{"line":167,"column":15},"end":{"line":167,"column":28}},"loc":{"start":{"line":167,"column":39},"end":{"line":169,"column":7}},"line":167}},"branchMap":{"0":{"loc":{"start":{"line":23,"column":20},"end":{"line":51,"column":11}},"type":"switch","locations":[{"start":{"line":24,"column":12},"end":{"line":32,"column":36}},{"start":{"line":33,"column":12},"end":{"line":40,"column":20}},{"start":{"line":41,"column":12},"end":{"line":47,"column":17}},{"start":{"line":48,"column":12},"end":{"line":48,"column":20}},{"start":{"line":49,"column":12},"end":{"line":50,"column":37}}],"line":23},"1":{"loc":{"start":{"line":65,"column":20},"end":{"line":90,"column":11}},"type":"switch","locations":[{"start":{"line":66,"column":12},"end":{"line":69,"column":53}},{"start":{"line":70,"column":12},"end":{"line":79,"column":20}},{"start":{"line":80,"column":12},"end":{"line":86,"column":17}},{"start":{"line":87,"column":12},"end":{"line":87,"column":20}},{"start":{"line":88,"column":12},"end":{"line":89,"column":38}}],"line":65},"2":{"loc":{"start":{"line":104,"column":20},"end":{"line":129,"column":11}},"type":"switch","locations":[{"start":{"line":105,"column":12},"end":{"line":108,"column":68}},{"start":{"line":109,"column":12},"end":{"line":118,"column":20}},{"start":{"line":119,"column":12},"end":{"line":125,"column":17}},{"start":{"line":126,"column":12},"end":{"line":126,"column":20}},{"start":{"line":127,"column":12},"end":{"line":128,"column":38}}],"line":104},"3":{"loc":{"start":{"line":142,"column":20},"end":{"line":164,"column":11}},"type":"switch","locations":[{"start":{"line":143,"column":12},"end":{"line":146,"column":79}},{"start":{"line":147,"column":12},"end":{"line":153,"column":20}},{"start":{"line":154,"column":12},"end":{"line":160,"column":17}},{"start":{"line":161,"column":12},"end":{"line":161,"column":19}},{"start":{"line":162,"column":12},"end":{"line":163,"column":38}}],"line":142}},"s":{"0":1,"1":1,"2":1,"3":1,"4":1,"5":1,"6":1,"7":1,"8":1,"9":0,"10":1,"11":1,"12":0,"13":0,"14":0,"15":0,"16":0,"17":0,"18":0,"19":0,"20":0,"21":0,"22":0,"23":0,"24":0,"25":0,"26":0,"27":0,"28":1,"29":1,"30":0,"31":0,"32":0,"33":0,"34":0,"35":0,"36":0,"37":0,"38":0,"39":0,"40":0,"41":0,"42":0,"43":0,"44":0,"45":1,"46":1,"47":0,"48":0,"49":0,"50":0,"51":0,"52":0,"53":0,"54":0,"55":0,"56":0,"57":0,"58":0,"59":0,"60":0,"61":0,"62":1,"63":1,"64":0,"65":0,"66":0,"67":0,"68":0,"69":0,"70":0,"71":0,"72":0,"73":0,"74":0,"75":0,"76":0,"77":0,"78":1,"79":1,"80":1,"81":1},"f":{"0":1,"1":0,"2":1,"3":0,"4":0,"5":0,"6":1,"7":0,"8":0,"9":0,"10":1,"11":0,"12":0,"13":0,"14":1,"15":0,"16":0,"17":0},"b":{"0":[0,0,0,0,0],"1":[0,0,0,0,0],"2":[0,0,0,0,0],"3":[0,0,0,0,0]},"inputSourceMap":{"version":3,"names":["ContactController","req","res","message","Message","names","body","email","save","status","json","console","log","find","messages","data","findOne","param","id","findByIdAndDelete","params"],"sourceRoot":"/home/patsicko/Desktop/my-brand-patrick/server/my-brand-bakend/controller/","sources":["ContactController.js"],"sourcesContent":["import Message from \"../model/ContactModel\";\n\nclass ContactController {\n\n    static async createMessage(req, res) {\n        try {\n          const message = new Message({\n            names:req.body.names,\n            email:req.body.email,\n            message:req.body.message,\n          });\n          await message.save();\n          res.status(201).json({\n            \"status\":\"success\",\n            \"post\":message\n          });\n          console.log(\"message created\");\n        } catch (error) {\n          res.status(401).json({\n            \"status\":\"error\",\n            \"message\":error.message\n          });\n        }\n      }\n      \n    static async getMessages(req,res) {\n      try {\n     const messages=await Message.find();\n     res.status(200).json({\n      status:\"success\",\n      data:{\n        \"posts\":messages\n      }\n    })\n      }catch (error){\n          res.status(404).json({\n            \"status\":\"error\",\n            \"message\":error.message\n          });\n      }\n  }\n\n\n  static async getSingleMessage(req,res) {\n    try {\n   const message=await Message.findOne(req.param.id);\n\n   res.status(200).json({\n    \"status\":\"success\",\n    \"data\":{\n      \"post\":message\n    }\n   })\n    }catch (error){\n        res.status(404).json({\n          \"status\":\"error\",\n          \"message\":error.message\n        });\n    }\n}\n\n\n  static async deleteMessage(req,res){\n    try{\n     \n      await Message.findByIdAndDelete(req.params.id);\n        res.status(200).json({\n          \"status\":\"success\",\n          \"message\":\"message deleted\"\n        })\n      \n      \n    }catch(error){\n      res.status(404).json({\n        \"status\":\"error\",\n        \"message\":error.message\n      })\n    }\n  }\n\n\n}\n\n\nexport default ContactController;"],"mappings":";;;;;;;;;;;AAAA;AAA4C,IAEtCA,iBAAiB;EAAA;IAAA;EAAA;EAAA;IAAA;IAAA;MAAA,mGAEnB,iBAA2BC,GAAG,EAAEC,GAAG;QAAA;QAAA;UAAA;YAAA;cAAA;cAEvBC,OAAO,GAAG,IAAIC,wBAAO,CAAC;gBAC1BC,KAAK,EAACJ,GAAG,CAACK,IAAI,CAACD,KAAK;gBACpBE,KAAK,EAACN,GAAG,CAACK,IAAI,CAACC,KAAK;gBACpBJ,OAAO,EAACF,GAAG,CAACK,IAAI,CAACH;cACnB,CAAC,CAAC;cAAA;cAAA,OACIA,OAAO,CAACK,IAAI,EAAE;YAAA;cACpBN,GAAG,CAACO,MAAM,CAAC,GAAG,CAAC,CAACC,IAAI,CAAC;gBACnB,QAAQ,EAAC,SAAS;gBAClB,MAAM,EAACP;cACT,CAAC,CAAC;cACFQ,OAAO,CAACC,GAAG,CAAC,iBAAiB,CAAC;cAAC;cAAA;YAAA;cAAA;cAAA;cAE/BV,GAAG,CAACO,MAAM,CAAC,GAAG,CAAC,CAACC,IAAI,CAAC;gBACnB,QAAQ,EAAC,OAAO;gBAChB,SAAS,EAAC,YAAMP;cAClB,CAAC,CAAC;YAAC;YAAA;cAAA;UAAA;QAAA;MAAA,CAEN;MAAA;QAAA;MAAA;MAAA;IAAA;EAAA;IAAA;IAAA;MAAA,iGAEH,kBAAyBF,GAAG,EAACC,GAAG;QAAA;QAAA;UAAA;YAAA;cAAA;cAAA;cAAA,OAEVE,wBAAO,CAACS,IAAI,EAAE;YAAA;cAA7BC,QAAQ;cACdZ,GAAG,CAACO,MAAM,CAAC,GAAG,CAAC,CAACC,IAAI,CAAC;gBACpBD,MAAM,EAAC,SAAS;gBAChBM,IAAI,EAAC;kBACH,OAAO,EAACD;gBACV;cACF,CAAC,CAAC;cAAA;cAAA;YAAA;cAAA;cAAA;cAEIZ,GAAG,CAACO,MAAM,CAAC,GAAG,CAAC,CAACC,IAAI,CAAC;gBACnB,QAAQ,EAAC,OAAO;gBAChB,SAAS,EAAC,aAAMP;cAClB,CAAC,CAAC;YAAC;YAAA;cAAA;UAAA;QAAA;MAAA,CAEV;MAAA;QAAA;MAAA;MAAA;IAAA;EAAA;IAAA;IAAA;MAAA,sGAGD,kBAA8BF,GAAG,EAACC,GAAG;QAAA;QAAA;UAAA;YAAA;cAAA;cAAA;cAAA,OAEhBE,wBAAO,CAACY,OAAO,CAACf,GAAG,CAACgB,KAAK,CAACC,EAAE,CAAC;YAAA;cAA3Cf,OAAO;cAEbD,GAAG,CAACO,MAAM,CAAC,GAAG,CAAC,CAACC,IAAI,CAAC;gBACpB,QAAQ,EAAC,SAAS;gBAClB,MAAM,EAAC;kBACL,MAAM,EAACP;gBACT;cACD,CAAC,CAAC;cAAA;cAAA;YAAA;cAAA;cAAA;cAEGD,GAAG,CAACO,MAAM,CAAC,GAAG,CAAC,CAACC,IAAI,CAAC;gBACnB,QAAQ,EAAC,OAAO;gBAChB,SAAS,EAAC,aAAMP;cAClB,CAAC,CAAC;YAAC;YAAA;cAAA;UAAA;QAAA;MAAA,CAEV;MAAA;QAAA;MAAA;MAAA;IAAA;EAAA;IAAA;IAAA;MAAA,mGAGC,kBAA2BF,GAAG,EAACC,GAAG;QAAA;UAAA;YAAA;cAAA;cAAA;cAAA,OAGxBE,wBAAO,CAACe,iBAAiB,CAAClB,GAAG,CAACmB,MAAM,CAACF,EAAE,CAAC;YAAA;cAC5ChB,GAAG,CAACO,MAAM,CAAC,GAAG,CAAC,CAACC,IAAI,CAAC;gBACnB,QAAQ,EAAC,SAAS;gBAClB,SAAS,EAAC;cACZ,CAAC,CAAC;cAAA;cAAA;YAAA;cAAA;cAAA;cAIJR,GAAG,CAACO,MAAM,CAAC,GAAG,CAAC,CAACC,IAAI,CAAC;gBACnB,QAAQ,EAAC,OAAO;gBAChB,SAAS,EAAC,aAAMP;cAClB,CAAC,CAAC;YAAA;YAAA;cAAA;UAAA;QAAA;MAAA,CAEL;MAAA;QAAA;MAAA;MAAA;IAAA;EAAA;EAAA;AAAA;AAAA,eAMYH,iBAAiB;AAAA"},"_coverageSchema":"1a1c01bbd47fc00a2c39e90264f33305004495a9","hash":"93d013d91e5797968236eefb7f81636e9d1d5e25","contentHash":"ebd211b8cf70e43ac2f80ad0ed71f0b5aed46fb0055aa6f41e641512a2e1562a"},"/home/patsicko/Desktop/my-brand-patrick/server/my-brand-bakend/model/ContactModel.js":{"path":"/home/patsicko/Desktop/my-brand-patrick/server/my-brand-bakend/model/ContactModel.js","statementMap":{"0":{"start":{"line":3,"column":29},"end":{"line":3,"column":84}},"1":{"start":{"line":4,"column":0},"end":{"line":6,"column":3}},"2":{"start":{"line":7,"column":0},"end":{"line":7,"column":28}},"3":{"start":{"line":8,"column":16},"end":{"line":8,"column":59}},"4":{"start":{"line":9,"column":21},"end":{"line":22,"column":2}},"5":{"start":{"line":23,"column":14},"end":{"line":23,"column":75}},"6":{"start":{"line":24,"column":15},"end":{"line":24,"column":22}},"7":{"start":{"line":25,"column":0},"end":{"line":25,"column":30}}},"fnMap":{},"branchMap":{},"s":{"0":1,"1":1,"2":1,"3":1,"4":1,"5":1,"6":1,"7":1},"f":{},"b":{},"inputSourceMap":{"version":3,"names":["ContactMessage","mongoose","Schema","names","type","String","required","email","message","Message","model"],"sourceRoot":"/home/patsicko/Desktop/my-brand-patrick/server/my-brand-bakend/model/","sources":["ContactModel.js"],"sourcesContent":["import mongoose from \"mongoose\";\n\nconst ContactMessage=mongoose.Schema({\n\n    names:{\n        type:String,\n        required:true\n    },\n   \n    email:{\n        type:String,\n        required:true,\n        \n    },\n    message: {\n        type:String,\n        required:true\n    }\n\n \n});\n\nconst Message=mongoose.model('Contact_message',ContactMessage);\n\nexport default Message;"],"mappings":";;;;;;;AAAA;AAEA,IAAMA,cAAc,GAACC,oBAAQ,CAACC,MAAM,CAAC;EAEjCC,KAAK,EAAC;IACFC,IAAI,EAACC,MAAM;IACXC,QAAQ,EAAC;EACb,CAAC;EAEDC,KAAK,EAAC;IACFH,IAAI,EAACC,MAAM;IACXC,QAAQ,EAAC;EAEb,CAAC;EACDE,OAAO,EAAE;IACLJ,IAAI,EAACC,MAAM;IACXC,QAAQ,EAAC;EACb;AAGJ,CAAC,CAAC;AAEF,IAAMG,OAAO,GAACR,oBAAQ,CAACS,KAAK,CAAC,iBAAiB,EAACV,cAAc,CAAC;AAAC,eAEhDS,OAAO;AAAA"},"_coverageSchema":"1a1c01bbd47fc00a2c39e90264f33305004495a9","hash":"1dfc75898d7eec8a3978c37d75a73dd2ca5c6061","contentHash":"89cc673f4ecb692620db1e79dec71ac151a4ab18f9c7baf3450a2e9d171424df"},"/home/patsicko/Desktop/my-brand-patrick/server/my-brand-bakend/routes/blogRoute.js":{"path":"/home/patsicko/Desktop/my-brand-patrick/server/my-brand-bakend/routes/blogRoute.js","statementMap":{"0":{"start":{"line":3,"column":29},"end":{"line":3,"column":84}},"1":{"start":{"line":4,"column":0},"end":{"line":6,"column":3}},"2":{"start":{"line":7,"column":0},"end":{"line":7,"column":28}},"3":{"start":{"line":8,"column":15},"end":{"line":8,"column":57}},"4":{"start":{"line":9,"column":22},"end":{"line":9,"column":85}},"5":{"start":{"line":10,"column":14},"end":{"line":10,"column":67}},"6":{"start":{"line":11,"column":20},"end":{"line":11,"column":81}},"7":{"start":{"line":12,"column":20},"end":{"line":12,"column":81}},"8":{"start":{"line":13,"column":15},"end":{"line":13,"column":47}},"9":{"start":{"line":14,"column":16},"end":{"line":14,"column":44}},"10":{"start":{"line":15,"column":0},"end":{"line":15,"column":206}},"11":{"start":{"line":16,"column":0},"end":{"line":16,"column":123}},"12":{"start":{"line":17,"column":0},"end":{"line":17,"column":103}},"13":{"start":{"line":18,"column":0},"end":{"line":18,"column":98}},"14":{"start":{"line":19,"column":0},"end":{"line":19,"column":138}},"15":{"start":{"line":20,"column":15},"end":{"line":20,"column":24}},"16":{"start":{"line":21,"column":0},"end":{"line":21,"column":30}}},"fnMap":{},"branchMap":{},"s":{"0":1,"1":1,"2":1,"3":1,"4":1,"5":1,"6":1,"7":1,"8":1,"9":1,"10":1,"11":1,"12":1,"13":1,"14":1,"15":1,"16":1},"f":{},"b":{},"inputSourceMap":{"version":3,"names":["BlogRoute","Express","Router","post","verifyToken","findUserById","isAdmin","upload","single","validateBlog","BlogController","createBlog","get","retrieveBlogAll","retrieveBlogSingle","deleteBlog","put","updateBlog"],"sourceRoot":"/home/patsicko/Desktop/my-brand-patrick/server/my-brand-bakend/routes/","sources":["blogRoute.js"],"sourcesContent":["import Express from \"express\";\nimport BlogController from \"../controller/blogController\";\nimport upload from \"../uploader/multer\";\nimport validateBlog from \"../middleware/blogValidate\";\nimport  verifyToken  from \"../middleware/authenticate\";\nimport {isAdmin,findUserById} from \"../middleware/isAdmin\";\n\nconst BlogRoute=Express.Router();\n\nBlogRoute.post(\"/createBlog/:id\",verifyToken,findUserById,isAdmin,upload.single('blogImage'),validateBlog,BlogController.createBlog);\nBlogRoute.get(\"/getBlogs\",verifyToken,verifyToken,BlogController.retrieveBlogAll);\nBlogRoute.get(\"/getBlog/:id\",verifyToken,BlogController.retrieveBlogSingle);\nBlogRoute.get(\"/deleteBlog/:id\",verifyToken,BlogController.deleteBlog);\nBlogRoute.put(\"/updateBlog/:id\",upload.single('blogImage'),validateBlog,BlogController.updateBlog);\n\n\n\nexport default BlogRoute"],"mappings":";;;;;;;AAAA;AACA;AACA;AACA;AACA;AACA;AAEA,IAAMA,SAAS,GAACC,mBAAO,CAACC,MAAM,EAAE;AAEhCF,SAAS,CAACG,IAAI,CAAC,iBAAiB,EAACC,wBAAW,EAACC,qBAAY,EAACC,gBAAO,EAACC,kBAAM,CAACC,MAAM,CAAC,WAAW,CAAC,EAACC,wBAAY,EAACC,0BAAc,CAACC,UAAU,CAAC;AACpIX,SAAS,CAACY,GAAG,CAAC,WAAW,EAACR,wBAAW,EAACA,wBAAW,EAACM,0BAAc,CAACG,eAAe,CAAC;AACjFb,SAAS,CAACY,GAAG,CAAC,cAAc,EAACR,wBAAW,EAACM,0BAAc,CAACI,kBAAkB,CAAC;AAC3Ed,SAAS,CAACY,GAAG,CAAC,iBAAiB,EAACR,wBAAW,EAACM,0BAAc,CAACK,UAAU,CAAC;AACtEf,SAAS,CAACgB,GAAG,CAAC,iBAAiB,EAACT,kBAAM,CAACC,MAAM,CAAC,WAAW,CAAC,EAACC,wBAAY,EAACC,0BAAc,CAACO,UAAU,CAAC;AAAC,eAIpFjB,SAAS;AAAA"},"_coverageSchema":"1a1c01bbd47fc00a2c39e90264f33305004495a9","hash":"4a59af3f45783dab537be1600bf1b98123197e09","contentHash":"df1917205c4f4047b194ecd537d37d965042e5acc2d162f3a3bcbaa22ce342fc"},"/home/patsicko/Desktop/my-brand-patrick/server/my-brand-bakend/controller/blogController.js":{"path":"/home/patsicko/Desktop/my-brand-patrick/server/my-brand-bakend/controller/blogController.js","statementMap":{"0":{"start":{"line":3,"column":29},"end":{"line":3,"column":84}},"1":{"start":{"line":4,"column":0},"end":{"line":6,"column":3}},"2":{"start":{"line":7,"column":0},"end":{"line":7,"column":28}},"3":{"start":{"line":8,"column":19},"end":{"line":8,"column":80}},"4":{"start":{"line":9,"column":25},"end":{"line":9,"column":99}},"5":{"start":{"line":10,"column":23},"end":{"line":10,"column":95}},"6":{"start":{"line":11,"column":20},"end":{"line":11,"column":89}},"7":{"start":{"line":12,"column":17},"end":{"line":12,"column":70}},"8":{"start":{"line":13,"column":18},"end":{"line":13,"column":75}},"9":{"start":{"line":14,"column":34},"end":{"line":235,"column":3}},"10":{"start":{"line":16,"column":4},"end":{"line":16,"column":59}},"11":{"start":{"line":18,"column":2},"end":{"line":233,"column":6}},"12":{"start":{"line":21,"column":24},"end":{"line":58,"column":9}},"13":{"start":{"line":23,"column":8},"end":{"line":57,"column":37}},"14":{"start":{"line":24,"column":10},"end":{"line":56,"column":11}},"15":{"start":{"line":24,"column":20},"end":{"line":56,"column":11}},"16":{"start":{"line":26,"column":14},"end":{"line":26,"column":32}},"17":{"start":{"line":27,"column":14},"end":{"line":27,"column":32}},"18":{"start":{"line":28,"column":14},"end":{"line":28,"column":75}},"19":{"start":{"line":30,"column":14},"end":{"line":30,"column":37}},"20":{"start":{"line":31,"column":14},"end":{"line":37,"column":17}},"21":{"start":{"line":38,"column":14},"end":{"line":38,"column":32}},"22":{"start":{"line":39,"column":14},"end":{"line":39,"column":33}},"23":{"start":{"line":42,"column":14},"end":{"line":42,"column":41}},"24":{"start":{"line":43,"column":14},"end":{"line":43,"column":54}},"25":{"start":{"line":44,"column":14},"end":{"line":44,"column":33}},"26":{"start":{"line":45,"column":14},"end":{"line":45,"column":20}},"27":{"start":{"line":47,"column":14},"end":{"line":47,"column":33}},"28":{"start":{"line":48,"column":14},"end":{"line":48,"column":49}},"29":{"start":{"line":49,"column":14},"end":{"line":52,"column":17}},"30":{"start":{"line":55,"column":14},"end":{"line":55,"column":37}},"31":{"start":{"line":60,"column":8},"end":{"line":60,"column":50}},"32":{"start":{"line":62,"column":6},"end":{"line":62,"column":24}},"33":{"start":{"line":67,"column":29},"end":{"line":97,"column":9}},"34":{"start":{"line":69,"column":8},"end":{"line":96,"column":37}},"35":{"start":{"line":70,"column":10},"end":{"line":95,"column":11}},"36":{"start":{"line":70,"column":20},"end":{"line":95,"column":11}},"37":{"start":{"line":72,"column":14},"end":{"line":72,"column":33}},"38":{"start":{"line":73,"column":14},"end":{"line":73,"column":33}},"39":{"start":{"line":74,"column":14},"end":{"line":74,"column":50}},"40":{"start":{"line":76,"column":14},"end":{"line":76,"column":37}},"41":{"start":{"line":77,"column":14},"end":{"line":82,"column":17}},"42":{"start":{"line":83,"column":14},"end":{"line":83,"column":34}},"43":{"start":{"line":84,"column":14},"end":{"line":84,"column":20}},"44":{"start":{"line":86,"column":14},"end":{"line":86,"column":33}},"45":{"start":{"line":87,"column":14},"end":{"line":87,"column":51}},"46":{"start":{"line":88,"column":14},"end":{"line":91,"column":17}},"47":{"start":{"line":94,"column":14},"end":{"line":94,"column":38}},"48":{"start":{"line":99,"column":8},"end":{"line":99,"column":55}},"49":{"start":{"line":101,"column":6},"end":{"line":101,"column":29}},"50":{"start":{"line":106,"column":32},"end":{"line":136,"column":9}},"51":{"start":{"line":108,"column":8},"end":{"line":135,"column":37}},"52":{"start":{"line":109,"column":10},"end":{"line":134,"column":11}},"53":{"start":{"line":109,"column":20},"end":{"line":134,"column":11}},"54":{"start":{"line":111,"column":14},"end":{"line":111,"column":33}},"55":{"start":{"line":112,"column":14},"end":{"line":112,"column":33}},"56":{"start":{"line":113,"column":14},"end":{"line":113,"column":67}},"57":{"start":{"line":115,"column":14},"end":{"line":115,"column":36}},"58":{"start":{"line":116,"column":14},"end":{"line":121,"column":17}},"59":{"start":{"line":122,"column":14},"end":{"line":122,"column":34}},"60":{"start":{"line":123,"column":14},"end":{"line":123,"column":20}},"61":{"start":{"line":125,"column":14},"end":{"line":125,"column":33}},"62":{"start":{"line":126,"column":14},"end":{"line":126,"column":51}},"63":{"start":{"line":127,"column":14},"end":{"line":130,"column":17}},"64":{"start":{"line":133,"column":14},"end":{"line":133,"column":38}},"65":{"start":{"line":138,"column":8},"end":{"line":138,"column":58}},"66":{"start":{"line":140,"column":6},"end":{"line":140,"column":32}},"67":{"start":{"line":145,"column":24},"end":{"line":171,"column":9}},"68":{"start":{"line":146,"column":8},"end":{"line":170,"column":37}},"69":{"start":{"line":147,"column":10},"end":{"line":169,"column":11}},"70":{"start":{"line":147,"column":20},"end":{"line":169,"column":11}},"71":{"start":{"line":149,"column":14},"end":{"line":149,"column":33}},"72":{"start":{"line":150,"column":14},"end":{"line":150,"column":33}},"73":{"start":{"line":151,"column":14},"end":{"line":151,"column":76}},"74":{"start":{"line":153,"column":14},"end":{"line":156,"column":17}},"75":{"start":{"line":157,"column":14},"end":{"line":157,"column":33}},"76":{"start":{"line":158,"column":14},"end":{"line":158,"column":20}},"77":{"start":{"line":160,"column":14},"end":{"line":160,"column":33}},"78":{"start":{"line":161,"column":14},"end":{"line":161,"column":51}},"79":{"start":{"line":162,"column":14},"end":{"line":165,"column":17}},"80":{"start":{"line":168,"column":14},"end":{"line":168,"column":38}},"81":{"start":{"line":173,"column":8},"end":{"line":173,"column":50}},"82":{"start":{"line":175,"column":6},"end":{"line":175,"column":24}},"83":{"start":{"line":180,"column":24},"end":{"line":227,"column":9}},"84":{"start":{"line":182,"column":8},"end":{"line":226,"column":38}},"85":{"start":{"line":183,"column":10},"end":{"line":225,"column":11}},"86":{"start":{"line":183,"column":20},"end":{"line":225,"column":11}},"87":{"start":{"line":185,"column":14},"end":{"line":185,"column":33}},"88":{"start":{"line":186,"column":14},"end":{"line":186,"column":33}},"89":{"start":{"line":187,"column":14},"end":{"line":187,"column":67}},"90":{"start":{"line":189,"column":14},"end":{"line":189,"column":36}},"91":{"start":{"line":190,"column":14},"end":{"line":190,"column":33}},"92":{"start":{"line":191,"column":14},"end":{"line":191,"column":77}},"93":{"start":{"line":193,"column":14},"end":{"line":193,"column":33}},"94":{"start":{"line":194,"column":14},"end":{"line":194,"column":75}},"95":{"start":{"line":196,"column":14},"end":{"line":196,"column":38}},"96":{"start":{"line":197,"column":14},"end":{"line":197,"column":34}},"97":{"start":{"line":198,"column":14},"end":{"line":207,"column":17}},"98":{"start":{"line":209,"column":14},"end":{"line":209,"column":43}},"99":{"start":{"line":210,"column":14},"end":{"line":213,"column":17}},"100":{"start":{"line":214,"column":14},"end":{"line":214,"column":34}},"101":{"start":{"line":215,"column":14},"end":{"line":215,"column":20}},"102":{"start":{"line":217,"column":14},"end":{"line":217,"column":34}},"103":{"start":{"line":218,"column":14},"end":{"line":218,"column":51}},"104":{"start":{"line":219,"column":14},"end":{"line":221,"column":17}},"105":{"start":{"line":224,"column":14},"end":{"line":224,"column":38}},"106":{"start":{"line":229,"column":8},"end":{"line":229,"column":50}},"107":{"start":{"line":231,"column":6},"end":{"line":231,"column":24}},"108":{"start":{"line":234,"column":2},"end":{"line":234,"column":24}},"109":{"start":{"line":236,"column":15},"end":{"line":236,"column":29}},"110":{"start":{"line":237,"column":0},"end":{"line":237,"column":30}}},"fnMap":{"0":{"name":"(anonymous_0)","decl":{"start":{"line":14,"column":34},"end":{"line":14,"column":35}},"loc":{"start":{"line":14,"column":46},"end":{"line":235,"column":1}},"line":14},"1":{"name":"BlogController","decl":{"start":{"line":15,"column":11},"end":{"line":15,"column":25}},"loc":{"start":{"line":15,"column":28},"end":{"line":17,"column":3}},"line":15},"2":{"name":"(anonymous_2)","decl":{"start":{"line":20,"column":11},"end":{"line":20,"column":12}},"loc":{"start":{"line":20,"column":23},"end":{"line":63,"column":5}},"line":20},"3":{"name":"_callee","decl":{"start":{"line":21,"column":111},"end":{"line":21,"column":118}},"loc":{"start":{"line":21,"column":129},"end":{"line":58,"column":7}},"line":21},"4":{"name":"_callee$","decl":{"start":{"line":23,"column":53},"end":{"line":23,"column":61}},"loc":{"start":{"line":23,"column":72},"end":{"line":57,"column":9}},"line":23},"5":{"name":"createBlog","decl":{"start":{"line":59,"column":15},"end":{"line":59,"column":25}},"loc":{"start":{"line":59,"column":35},"end":{"line":61,"column":7}},"line":59},"6":{"name":"(anonymous_6)","decl":{"start":{"line":66,"column":11},"end":{"line":66,"column":12}},"loc":{"start":{"line":66,"column":23},"end":{"line":102,"column":5}},"line":66},"7":{"name":"_callee2","decl":{"start":{"line":67,"column":116},"end":{"line":67,"column":124}},"loc":{"start":{"line":67,"column":135},"end":{"line":97,"column":7}},"line":67},"8":{"name":"_callee2$","decl":{"start":{"line":69,"column":53},"end":{"line":69,"column":62}},"loc":{"start":{"line":69,"column":74},"end":{"line":96,"column":9}},"line":69},"9":{"name":"retrieveBlogAll","decl":{"start":{"line":98,"column":15},"end":{"line":98,"column":30}},"loc":{"start":{"line":98,"column":41},"end":{"line":100,"column":7}},"line":98},"10":{"name":"(anonymous_10)","decl":{"start":{"line":105,"column":11},"end":{"line":105,"column":12}},"loc":{"start":{"line":105,"column":23},"end":{"line":141,"column":5}},"line":105},"11":{"name":"_callee3","decl":{"start":{"line":106,"column":119},"end":{"line":106,"column":127}},"loc":{"start":{"line":106,"column":138},"end":{"line":136,"column":7}},"line":106},"12":{"name":"_callee3$","decl":{"start":{"line":108,"column":53},"end":{"line":108,"column":62}},"loc":{"start":{"line":108,"column":74},"end":{"line":135,"column":9}},"line":108},"13":{"name":"retrieveBlogSingle","decl":{"start":{"line":137,"column":15},"end":{"line":137,"column":33}},"loc":{"start":{"line":137,"column":44},"end":{"line":139,"column":7}},"line":137},"14":{"name":"(anonymous_14)","decl":{"start":{"line":144,"column":11},"end":{"line":144,"column":12}},"loc":{"start":{"line":144,"column":23},"end":{"line":176,"column":5}},"line":144},"15":{"name":"_callee4","decl":{"start":{"line":145,"column":111},"end":{"line":145,"column":119}},"loc":{"start":{"line":145,"column":130},"end":{"line":171,"column":7}},"line":145},"16":{"name":"_callee4$","decl":{"start":{"line":146,"column":53},"end":{"line":146,"column":62}},"loc":{"start":{"line":146,"column":74},"end":{"line":170,"column":9}},"line":146},"17":{"name":"deleteBlog","decl":{"start":{"line":172,"column":15},"end":{"line":172,"column":25}},"loc":{"start":{"line":172,"column":36},"end":{"line":174,"column":7}},"line":172},"18":{"name":"(anonymous_18)","decl":{"start":{"line":179,"column":11},"end":{"line":179,"column":12}},"loc":{"start":{"line":179,"column":23},"end":{"line":232,"column":5}},"line":179},"19":{"name":"_callee5","decl":{"start":{"line":180,"column":111},"end":{"line":180,"column":119}},"loc":{"start":{"line":180,"column":130},"end":{"line":227,"column":7}},"line":180},"20":{"name":"_callee5$","decl":{"start":{"line":182,"column":53},"end":{"line":182,"column":62}},"loc":{"start":{"line":182,"column":74},"end":{"line":226,"column":9}},"line":182},"21":{"name":"updateBlog","decl":{"start":{"line":228,"column":15},"end":{"line":228,"column":25}},"loc":{"start":{"line":228,"column":37},"end":{"line":230,"column":7}},"line":228}},"branchMap":{"0":{"loc":{"start":{"line":24,"column":20},"end":{"line":56,"column":11}},"type":"switch","locations":[{"start":{"line":25,"column":12},"end":{"line":28,"column":75}},{"start":{"line":29,"column":12},"end":{"line":39,"column":33}},{"start":{"line":40,"column":12},"end":{"line":45,"column":20}},{"start":{"line":46,"column":12},"end":{"line":52,"column":17}},{"start":{"line":53,"column":12},"end":{"line":53,"column":20}},{"start":{"line":54,"column":12},"end":{"line":55,"column":37}}],"line":24},"1":{"loc":{"start":{"line":70,"column":20},"end":{"line":95,"column":11}},"type":"switch","locations":[{"start":{"line":71,"column":12},"end":{"line":74,"column":50}},{"start":{"line":75,"column":12},"end":{"line":84,"column":20}},{"start":{"line":85,"column":12},"end":{"line":91,"column":17}},{"start":{"line":92,"column":12},"end":{"line":92,"column":20}},{"start":{"line":93,"column":12},"end":{"line":94,"column":38}}],"line":70},"2":{"loc":{"start":{"line":109,"column":20},"end":{"line":134,"column":11}},"type":"switch","locations":[{"start":{"line":110,"column":12},"end":{"line":113,"column":67}},{"start":{"line":114,"column":12},"end":{"line":123,"column":20}},{"start":{"line":124,"column":12},"end":{"line":130,"column":17}},{"start":{"line":131,"column":12},"end":{"line":131,"column":20}},{"start":{"line":132,"column":12},"end":{"line":133,"column":38}}],"line":109},"3":{"loc":{"start":{"line":147,"column":20},"end":{"line":169,"column":11}},"type":"switch","locations":[{"start":{"line":148,"column":12},"end":{"line":151,"column":76}},{"start":{"line":152,"column":12},"end":{"line":158,"column":20}},{"start":{"line":159,"column":12},"end":{"line":165,"column":17}},{"start":{"line":166,"column":12},"end":{"line":166,"column":19}},{"start":{"line":167,"column":12},"end":{"line":168,"column":38}}],"line":147},"4":{"loc":{"start":{"line":183,"column":20},"end":{"line":225,"column":11}},"type":"switch","locations":[{"start":{"line":184,"column":12},"end":{"line":187,"column":67}},{"start":{"line":188,"column":12},"end":{"line":191,"column":77}},{"start":{"line":192,"column":12},"end":{"line":194,"column":75}},{"start":{"line":195,"column":12},"end":{"line":207,"column":17}},{"start":{"line":208,"column":12},"end":{"line":215,"column":20}},{"start":{"line":216,"column":12},"end":{"line":221,"column":17}},{"start":{"line":222,"column":12},"end":{"line":222,"column":20}},{"start":{"line":223,"column":12},"end":{"line":224,"column":38}}],"line":183}},"s":{"0":1,"1":1,"2":1,"3":1,"4":1,"5":1,"6":1,"7":1,"8":1,"9":1,"10":0,"11":1,"12":1,"13":0,"14":0,"15":0,"16":0,"17":0,"18":0,"19":0,"20":0,"21":0,"22":0,"23":0,"24":0,"25":0,"26":0,"27":0,"28":0,"29":0,"30":0,"31":0,"32":1,"33":1,"34":0,"35":0,"36":0,"37":0,"38":0,"39":0,"40":0,"41":0,"42":0,"43":0,"44":0,"45":0,"46":0,"47":0,"48":0,"49":1,"50":1,"51":0,"52":0,"53":0,"54":0,"55":0,"56":0,"57":0,"58":0,"59":0,"60":0,"61":0,"62":0,"63":0,"64":0,"65":0,"66":1,"67":1,"68":0,"69":0,"70":0,"71":0,"72":0,"73":0,"74":0,"75":0,"76":0,"77":0,"78":0,"79":0,"80":0,"81":0,"82":1,"83":1,"84":0,"85":0,"86":0,"87":0,"88":0,"89":0,"90":0,"91":0,"92":0,"93":0,"94":0,"95":0,"96":0,"97":0,"98":0,"99":0,"100":0,"101":0,"102":0,"103":0,"104":0,"105":0,"106":0,"107":1,"108":1,"109":1,"110":1},"f":{"0":1,"1":0,"2":1,"3":0,"4":0,"5":0,"6":1,"7":0,"8":0,"9":0,"10":1,"11":0,"12":0,"13":0,"14":1,"15":0,"16":0,"17":0,"18":1,"19":0,"20":0,"21":0},"b":{"0":[0,0,0,0,0,0],"1":[0,0,0,0,0],"2":[0,0,0,0,0],"3":[0,0,0,0,0],"4":[0,0,0,0,0,0,0,0]},"inputSourceMap":{"version":3,"names":["BlogController","req","res","cloudinary","uploader","upload","file","path","result","blog","Blog","blogTitle","body","blogAuthor","blogImage","secure_url","blogText","blogComments","save","status","json","console","log","message","find","blogs","findOne","params","_id","findByIdAndDelete","id","findById","destroy","findByIdAndUpdate","$set","updatedBlog","data","error"],"sourceRoot":"/home/patsicko/Desktop/my-brand-patrick/server/my-brand-bakend/controller/","sources":["blogController.js"],"sourcesContent":["import Blog from \"../model/blogModel\";\nimport cloudinary from \"../uploader/cloudinary\";\n\n\n\nclass BlogController{\n\nstatic async createBlog(req,res){\n try{\n\n    const result= await cloudinary.uploader.upload(req.file.path);\n   \n    const blog=new Blog({\n        blogTitle:req.body.blogTitle,\n        blogAuthor:req.body.blogAuthor,\n        blogImage:result.secure_url,\n        blogText:req.body.blogText,\n        blogComments:req.body.blogComments,\n    });\n\n    await blog.save();;\n    res.status(201).json(blog); \n    console.log('blog created successully');\n }catch(error){\n    res.status(401).json({\n        \"status\":\"error\",\n        \"message\":error.message\n    })\n }\n}\n\n\n\nstatic async retrieveBlogAll(req,res){\n    \ntry{\n\nconst blogs=await Blog.find();\nres.status(200).json({\n    \"status\":\"success\",\n    \"data\":{\n        \"post\":blogs\n    }\n\n})\n\n}catch(error){\n  res.status(404).json({\n    \"status\":\"error\",\n    \"message\":error.message\n  })\n}\n\n}\n\n\nstatic async retrieveBlogSingle(req,res){\n    try{\n        \n        const blog=await Blog.findOne(req.params._id);\n\n        res.status(200).json({\n            \"status\":\"success\",\n            \"data\":{\n                \"post\":blog\n            }\n        })\n\n    }catch(error){\n        res.status(404).json({\n            \"status\":\"error\",\n            \"message\":error.message\n        })\n    }\n}\n\n\n\nstatic async deleteBlog(req,res){\n    try{\n\n        await Blog.findByIdAndDelete(req.params.id);\n        res.status(200).json({\n            \"status\":\"success\",\n            \"message\":\"blog deleted successfully\"\n        })\n\n    }catch(error){\n        res.status(404).json({\n            \"status\":\"error\",\n            \"message\":error.message\n        })\n    }\n}\n\n\nstatic async updateBlog(req,res){\n//     try{\n  \n    // let blog=await Blog.findOne({id:req.params.id});\n//     console.log(blog)\n//     await cloudinary.uploader.destroy(blog.blogImage)\n//     const result=await cloudinary.uploader.upload(req.file.path);\n//     console.log(\"this is a blog image\",result)\n//     const updatedBlog=await Blog.findByIdAndUpdate(req.params._id,{$set:{\n//         blogTitle:req.body.blogTitle,\n//         blogAuthor:req.body.blogAuthor,\n//         blogImage:result.secure_url,\n//         blogText:req.body.blogText,\n\n//     }},{new:true})\n\n\n        \n\n//         res.status(200).json({\n//             \"status\":\"success\",\n//             \"message\":\"blog updated successfully\",\n//             \"data\":updatedBlog\n//         })\n\n//     }catch(error){\n//      res.status(404).json({\n//         \"status\":\"error\",\n//         \"message\":error.message\n//      })\n//     }\n\n\n\ntry {\n    const blog = await Blog.findById(req.params.id);\n    await cloudinary.uploader.destroy(blog.blogImage);\n    const result = await cloudinary.uploader.upload(req.file.path);\n    const updatedBlog = await Blog.findByIdAndUpdate(req.params.id,{$set:{\n        blogTitle:req.body.blogTitle,\n        blogAuthor:req.body.blogAuthor,\n        blogImage:result.secure_url,\n        blogText:req.body.blogText,\n    }},{new:true});\n    res.status(200).json({\n      status:\"success\",\n      data:updatedBlog\n    });\n  } catch (error) {\n    res.status(500).json({ error: error.message });\n  }\n}\n\n\n\n\n\n\n\n\n}\n\n\nexport default BlogController"],"mappings":";;;;;;;;;;;AAAA;AACA;AAAgD,IAI1CA,cAAc;EAAA;IAAA;EAAA;EAAA;IAAA;IAAA;MAAA,gGAEpB,iBAAwBC,GAAG,EAACC,GAAG;QAAA;QAAA;UAAA;YAAA;cAAA;cAAA;cAAA,OAGPC,sBAAU,CAACC,QAAQ,CAACC,MAAM,CAACJ,GAAG,CAACK,IAAI,CAACC,IAAI,CAAC;YAAA;cAAvDC,MAAM;cAENC,IAAI,GAAC,IAAIC,qBAAI,CAAC;gBAChBC,SAAS,EAACV,GAAG,CAACW,IAAI,CAACD,SAAS;gBAC5BE,UAAU,EAACZ,GAAG,CAACW,IAAI,CAACC,UAAU;gBAC9BC,SAAS,EAACN,MAAM,CAACO,UAAU;gBAC3BC,QAAQ,EAACf,GAAG,CAACW,IAAI,CAACI,QAAQ;gBAC1BC,YAAY,EAAChB,GAAG,CAACW,IAAI,CAACK;cAC1B,CAAC,CAAC;cAAA;cAAA,OAEIR,IAAI,CAACS,IAAI,EAAE;YAAA;cAAC;cAClBhB,GAAG,CAACiB,MAAM,CAAC,GAAG,CAAC,CAACC,IAAI,CAACX,IAAI,CAAC;cAC1BY,OAAO,CAACC,GAAG,CAAC,0BAA0B,CAAC;cAAC;cAAA;YAAA;cAAA;cAAA;cAExCpB,GAAG,CAACiB,MAAM,CAAC,GAAG,CAAC,CAACC,IAAI,CAAC;gBACjB,QAAQ,EAAC,OAAO;gBAChB,SAAS,EAAC,YAAMG;cACpB,CAAC,CAAC;YAAA;YAAA;cAAA;UAAA;QAAA;MAAA,CAEL;MAAA;QAAA;MAAA;MAAA;IAAA;EAAA;IAAA;IAAA;MAAA,qGAID,kBAA6BtB,GAAG,EAACC,GAAG;QAAA;QAAA;UAAA;YAAA;cAAA;cAAA;cAAA,OAIlBQ,qBAAI,CAACc,IAAI,EAAE;YAAA;cAAvBC,KAAK;cACXvB,GAAG,CAACiB,MAAM,CAAC,GAAG,CAAC,CAACC,IAAI,CAAC;gBACjB,QAAQ,EAAC,SAAS;gBAClB,MAAM,EAAC;kBACH,MAAM,EAACK;gBACX;cAEJ,CAAC,CAAC;cAAA;cAAA;YAAA;cAAA;cAAA;cAGAvB,GAAG,CAACiB,MAAM,CAAC,GAAG,CAAC,CAACC,IAAI,CAAC;gBACnB,QAAQ,EAAC,OAAO;gBAChB,SAAS,EAAC,aAAMG;cAClB,CAAC,CAAC;YAAA;YAAA;cAAA;UAAA;QAAA;MAAA,CAGH;MAAA;QAAA;MAAA;MAAA;IAAA;EAAA;IAAA;IAAA;MAAA,wGAGD,kBAAgCtB,GAAG,EAACC,GAAG;QAAA;QAAA;UAAA;YAAA;cAAA;cAAA;cAAA,OAGdQ,qBAAI,CAACgB,OAAO,CAACzB,GAAG,CAAC0B,MAAM,CAACC,GAAG,CAAC;YAAA;cAAvCnB,IAAI;cAEVP,GAAG,CAACiB,MAAM,CAAC,GAAG,CAAC,CAACC,IAAI,CAAC;gBACjB,QAAQ,EAAC,SAAS;gBAClB,MAAM,EAAC;kBACH,MAAM,EAACX;gBACX;cACJ,CAAC,CAAC;cAAA;cAAA;YAAA;cAAA;cAAA;cAGFP,GAAG,CAACiB,MAAM,CAAC,GAAG,CAAC,CAACC,IAAI,CAAC;gBACjB,QAAQ,EAAC,OAAO;gBAChB,SAAS,EAAC,aAAMG;cACpB,CAAC,CAAC;YAAA;YAAA;cAAA;UAAA;QAAA;MAAA,CAET;MAAA;QAAA;MAAA;MAAA;IAAA;EAAA;IAAA;IAAA;MAAA,gGAID,kBAAwBtB,GAAG,EAACC,GAAG;QAAA;UAAA;YAAA;cAAA;cAAA;cAAA,OAGjBQ,qBAAI,CAACmB,iBAAiB,CAAC5B,GAAG,CAAC0B,MAAM,CAACG,EAAE,CAAC;YAAA;cAC3C5B,GAAG,CAACiB,MAAM,CAAC,GAAG,CAAC,CAACC,IAAI,CAAC;gBACjB,QAAQ,EAAC,SAAS;gBAClB,SAAS,EAAC;cACd,CAAC,CAAC;cAAA;cAAA;YAAA;cAAA;cAAA;cAGFlB,GAAG,CAACiB,MAAM,CAAC,GAAG,CAAC,CAACC,IAAI,CAAC;gBACjB,QAAQ,EAAC,OAAO;gBAChB,SAAS,EAAC,aAAMG;cACpB,CAAC,CAAC;YAAA;YAAA;cAAA;UAAA;QAAA;MAAA,CAET;MAAA;QAAA;MAAA;MAAA;IAAA;EAAA;IAAA;IAAA;MAAA,gGAGD,kBAAwBtB,GAAG,EAACC,GAAG;QAAA;QAAA;UAAA;YAAA;cAAA;cAAA;cAAA,OAmCRQ,qBAAI,CAACqB,QAAQ,CAAC9B,GAAG,CAAC0B,MAAM,CAACG,EAAE,CAAC;YAAA;cAAzCrB,IAAI;cAAA;cAAA,OACJN,sBAAU,CAACC,QAAQ,CAAC4B,OAAO,CAACvB,IAAI,CAACK,SAAS,CAAC;YAAA;cAAA;cAAA,OAC5BX,sBAAU,CAACC,QAAQ,CAACC,MAAM,CAACJ,GAAG,CAACK,IAAI,CAACC,IAAI,CAAC;YAAA;cAAxDC,MAAM;cAAA;cAAA,OACcE,qBAAI,CAACuB,iBAAiB,CAAChC,GAAG,CAAC0B,MAAM,CAACG,EAAE,EAAC;gBAACI,IAAI,EAAC;kBACjEvB,SAAS,EAACV,GAAG,CAACW,IAAI,CAACD,SAAS;kBAC5BE,UAAU,EAACZ,GAAG,CAACW,IAAI,CAACC,UAAU;kBAC9BC,SAAS,EAACN,MAAM,CAACO,UAAU;kBAC3BC,QAAQ,EAACf,GAAG,CAACW,IAAI,CAACI;gBACtB;cAAC,CAAC,EAAC;gBAAC,OAAI;cAAI,CAAC,CAAC;YAAA;cALRmB,WAAW;cAMjBjC,GAAG,CAACiB,MAAM,CAAC,GAAG,CAAC,CAACC,IAAI,CAAC;gBACnBD,MAAM,EAAC,SAAS;gBAChBiB,IAAI,EAACD;cACP,CAAC,CAAC;cAAC;cAAA;YAAA;cAAA;cAAA;cAEHjC,GAAG,CAACiB,MAAM,CAAC,GAAG,CAAC,CAACC,IAAI,CAAC;gBAAEiB,KAAK,EAAE,aAAMd;cAAQ,CAAC,CAAC;YAAC;YAAA;cAAA;UAAA;QAAA;MAAA,CAElD;MAAA;QAAA;MAAA;MAAA;IAAA;EAAA;EAAA;AAAA;AAAA,eAYcvB,cAAc;AAAA"},"_coverageSchema":"1a1c01bbd47fc00a2c39e90264f33305004495a9","hash":"837099daa30671c9da86d115b95a02c902180b63","contentHash":"6cd7b1ed0ef67411b749d437faebca1406c3a613b18785137c00ec6f8b4ef56c"},"/home/patsicko/Desktop/my-brand-patrick/server/my-brand-bakend/model/blogModel.js":{"path":"/home/patsicko/Desktop/my-brand-patrick/server/my-brand-bakend/model/blogModel.js","statementMap":{"0":{"start":{"line":3,"column":29},"end":{"line":3,"column":84}},"1":{"start":{"line":4,"column":0},"end":{"line":6,"column":3}},"2":{"start":{"line":7,"column":0},"end":{"line":7,"column":28}},"3":{"start":{"line":8,"column":16},"end":{"line":8,"column":59}},"4":{"start":{"line":9,"column":17},"end":{"line":29,"column":2}},"5":{"start":{"line":30,"column":11},"end":{"line":30,"column":57}},"6":{"start":{"line":31,"column":15},"end":{"line":31,"column":19}},"7":{"start":{"line":32,"column":0},"end":{"line":32,"column":30}}},"fnMap":{},"branchMap":{},"s":{"0":1,"1":1,"2":1,"3":1,"4":1,"5":1,"6":1,"7":1},"f":{},"b":{},"inputSourceMap":{"version":3,"names":["BlogSchema","mongoose","Schema","blogTitle","type","String","required","blogAuthor","blogImage","blogText","blogComments","Blog","model"],"sourceRoot":"/home/patsicko/Desktop/my-brand-patrick/server/my-brand-bakend/model/","sources":["blogModel.js"],"sourcesContent":["import mongoose from \"mongoose\";\n\nconst BlogSchema=mongoose.Schema({\n\nblogTitle:{\n    type:String,\n    required:true\n},\nblogAuthor:{\n    type:String,\n    required:true\n},\nblogImage:{\n    type:String,\n    required:true,\n  \n},\nblogText:{\n    type:String,\n    required:true\n},\nblogComments:{\n    type:String\n    \n}\n\n}) \n\nconst Blog=mongoose.model(\"Blog\",BlogSchema);\n\nexport default Blog;"],"mappings":";;;;;;;AAAA;AAEA,IAAMA,UAAU,GAACC,oBAAQ,CAACC,MAAM,CAAC;EAEjCC,SAAS,EAAC;IACNC,IAAI,EAACC,MAAM;IACXC,QAAQ,EAAC;EACb,CAAC;EACDC,UAAU,EAAC;IACPH,IAAI,EAACC,MAAM;IACXC,QAAQ,EAAC;EACb,CAAC;EACDE,SAAS,EAAC;IACNJ,IAAI,EAACC,MAAM;IACXC,QAAQ,EAAC;EAEb,CAAC;EACDG,QAAQ,EAAC;IACLL,IAAI,EAACC,MAAM;IACXC,QAAQ,EAAC;EACb,CAAC;EACDI,YAAY,EAAC;IACTN,IAAI,EAACC;EAET;AAEA,CAAC,CAAC;AAEF,IAAMM,IAAI,GAACV,oBAAQ,CAACW,KAAK,CAAC,MAAM,EAACZ,UAAU,CAAC;AAAC,eAE9BW,IAAI;AAAA"},"_coverageSchema":"1a1c01bbd47fc00a2c39e90264f33305004495a9","hash":"a203b90e2a007f466c96826e188e8fd526310305","contentHash":"68723ee0476dc7b93db290f8afddde081a4366628aea30b56c1ff1902f07d53c"},"/home/patsicko/Desktop/my-brand-patrick/server/my-brand-bakend/uploader/cloudinary.js":{"path":"/home/patsicko/Desktop/my-brand-patrick/server/my-brand-bakend/uploader/cloudinary.js","statementMap":{"0":{"start":{"line":3,"column":29},"end":{"line":3,"column":84}},"1":{"start":{"line":4,"column":0},"end":{"line":6,"column":3}},"2":{"start":{"line":7,"column":0},"end":{"line":7,"column":28}},"3":{"start":{"line":8,"column":18},"end":{"line":8,"column":63}},"4":{"start":{"line":9,"column":14},"end":{"line":9,"column":55}},"5":{"start":{"line":10,"column":0},"end":{"line":10,"column":28}},"6":{"start":{"line":11,"column":0},"end":{"line":15,"column":3}},"7":{"start":{"line":16,"column":15},"end":{"line":16,"column":37}},"8":{"start":{"line":17,"column":0},"end":{"line":17,"column":30}}},"fnMap":{},"branchMap":{},"s":{"0":1,"1":1,"2":1,"3":1,"4":1,"5":1,"6":1,"7":1,"8":1},"f":{},"b":{},"inputSourceMap":{"version":3,"names":["dotenv","config","cloudinary","cloud_name","process","env","CLOUD_NAME","api_key","API_KEY","api_secret","API_SECRET"],"sourceRoot":"/home/patsicko/Desktop/my-brand-patrick/server/my-brand-bakend/uploader/","sources":["cloudinary.js"],"sourcesContent":["import cloudinary from \"cloudinary\";\nimport dotenv from \"dotenv\";\n\ndotenv.config();\n\ncloudinary.config({\ncloud_name:process.env.CLOUD_NAME,\napi_key: process.env.API_KEY,\napi_secret:process.env.API_SECRET\n\n});\n\n\nexport default cloudinary;\n"],"mappings":";;;;;;;AAAA;AACA;AAEAA,kBAAM,CAACC,MAAM,EAAE;AAEfC,sBAAU,CAACD,MAAM,CAAC;EAClBE,UAAU,EAACC,OAAO,CAACC,GAAG,CAACC,UAAU;EACjCC,OAAO,EAAEH,OAAO,CAACC,GAAG,CAACG,OAAO;EAC5BC,UAAU,EAACL,OAAO,CAACC,GAAG,CAACK;AAEvB,CAAC,CAAC;AAAC,eAGYR,sBAAU;AAAA"},"_coverageSchema":"1a1c01bbd47fc00a2c39e90264f33305004495a9","hash":"ba0c8ba70908dce060f51cfedb16d404dd992954","contentHash":"7d7d129971ec4a67c9ef829376f614684a8538b9a795133869bac2a042bbfa10"},"/home/patsicko/Desktop/my-brand-patrick/server/my-brand-bakend/uploader/multer.js":{"path":"/home/patsicko/Desktop/my-brand-patrick/server/my-brand-bakend/uploader/multer.js","statementMap":{"0":{"start":{"line":3,"column":29},"end":{"line":3,"column":84}},"1":{"start":{"line":4,"column":0},"end":{"line":6,"column":3}},"2":{"start":{"line":7,"column":0},"end":{"line":7,"column":28}},"3":{"start":{"line":8,"column":14},"end":{"line":8,"column":55}},"4":{"start":{"line":9,"column":12},"end":{"line":9,"column":51}},"5":{"start":{"line":10,"column":13},"end":{"line":23,"column":2}},"6":{"start":{"line":13,"column":4},"end":{"line":13,"column":32}},"7":{"start":{"line":16,"column":19},"end":{"line":16,"column":62}},"8":{"start":{"line":17,"column":4},"end":{"line":20,"column":5}},"9":{"start":{"line":18,"column":6},"end":{"line":18,"column":49}},"10":{"start":{"line":19,"column":6},"end":{"line":19,"column":13}},"11":{"start":{"line":21,"column":4},"end":{"line":21,"column":19}},"12":{"start":{"line":24,"column":15},"end":{"line":24,"column":21}},"13":{"start":{"line":25,"column":0},"end":{"line":25,"column":30}}},"fnMap":{"0":{"name":"filename","decl":{"start":{"line":12,"column":21},"end":{"line":12,"column":29}},"loc":{"start":{"line":12,"column":45},"end":{"line":14,"column":3}},"line":12},"1":{"name":"fileFilter","decl":{"start":{"line":15,"column":23},"end":{"line":15,"column":33}},"loc":{"start":{"line":15,"column":49},"end":{"line":22,"column":3}},"line":15}},"branchMap":{"0":{"loc":{"start":{"line":17,"column":4},"end":{"line":20,"column":5}},"type":"if","locations":[{"start":{"line":17,"column":4},"end":{"line":20,"column":5}},{"start":{"line":17,"column":4},"end":{"line":20,"column":5}}],"line":17},"1":{"loc":{"start":{"line":17,"column":8},"end":{"line":17,"column":74}},"type":"binary-expr","locations":[{"start":{"line":17,"column":8},"end":{"line":17,"column":27}},{"start":{"line":17,"column":31},"end":{"line":17,"column":51}},{"start":{"line":17,"column":55},"end":{"line":17,"column":74}}],"line":17}},"s":{"0":1,"1":1,"2":1,"3":1,"4":1,"5":1,"6":0,"7":0,"8":0,"9":0,"10":0,"11":0,"12":1,"13":1},"f":{"0":0,"1":0},"b":{"0":[0,0],"1":[0,0,0]},"inputSourceMap":{"version":3,"names":["upload","multer","storage","diskStorage","filename","req","file","cb","originalname","fileFilter","extenton","path","extname","Error"],"sourceRoot":"/home/patsicko/Desktop/my-brand-patrick/server/my-brand-bakend/uploader/","sources":["multer.js"],"sourcesContent":["import multer from \"multer\";\nimport path from \"path\";\n\n\nconst upload=multer({\n    storage:multer.diskStorage({}),\n    filename:(req,file,cb)=>{\n        cb(null,file.originalname)\n    },\n    fileFilter:(req,file,cb)=>{\n    const extenton=path.extname(file.originalname);\n    if(!extenton==\".jpg\" && !extenton==\".jpeg\" && !extenton==\".png\"){\n        cb(new Error(\"unsupported format\",false));\n        return;\n    }\n    cb(null,true)\n    }\n\n})\n\nexport default upload;"],"mappings":";;;;;;;AAAA;AACA;AAGA,IAAMA,MAAM,GAAC,IAAAC,kBAAM,EAAC;EAChBC,OAAO,EAACD,kBAAM,CAACE,WAAW,CAAC,CAAC,CAAC,CAAC;EAC9BC,QAAQ,EAAC,kBAACC,GAAG,EAACC,IAAI,EAACC,EAAE,EAAG;IACpBA,EAAE,CAAC,IAAI,EAACD,IAAI,CAACE,YAAY,CAAC;EAC9B,CAAC;EACDC,UAAU,EAAC,oBAACJ,GAAG,EAACC,IAAI,EAACC,EAAE,EAAG;IAC1B,IAAMG,QAAQ,GAACC,gBAAI,CAACC,OAAO,CAACN,IAAI,CAACE,YAAY,CAAC;IAC9C,IAAG,CAACE,QAAQ,IAAE,MAAM,IAAI,CAACA,QAAQ,IAAE,OAAO,IAAI,CAACA,QAAQ,IAAE,MAAM,EAAC;MAC5DH,EAAE,CAAC,IAAIM,KAAK,CAAC,oBAAoB,EAAC,KAAK,CAAC,CAAC;MACzC;IACJ;IACAN,EAAE,CAAC,IAAI,EAAC,IAAI,CAAC;EACb;AAEJ,CAAC,CAAC;AAAA,eAEaP,MAAM;AAAA"},"_coverageSchema":"1a1c01bbd47fc00a2c39e90264f33305004495a9","hash":"0bb931bea1fa06c5b845514bc06483c485573570","contentHash":"967b2b69783a436a2b44ba56ef1bc38be23e60331522de9bde42ec6c3b395f67"},"/home/patsicko/Desktop/my-brand-patrick/server/my-brand-bakend/middleware/blogValidate.js":{"path":"/home/patsicko/Desktop/my-brand-patrick/server/my-brand-bakend/middleware/blogValidate.js","statementMap":{"0":{"start":{"line":3,"column":29},"end":{"line":3,"column":84}},"1":{"start":{"line":4,"column":0},"end":{"line":6,"column":3}},"2":{"start":{"line":7,"column":0},"end":{"line":7,"column":28}},"3":{"start":{"line":8,"column":22},"end":{"line":8,"column":85}},"4":{"start":{"line":9,"column":19},"end":{"line":23,"column":1}},"5":{"start":{"line":10,"column":30},"end":{"line":12,"column":6}},"6":{"start":{"line":13,"column":12},"end":{"line":13,"column":39}},"7":{"start":{"line":14,"column":12},"end":{"line":14,"column":39}},"8":{"start":{"line":15,"column":2},"end":{"line":20,"column":3}},"9":{"start":{"line":16,"column":4},"end":{"line":19,"column":7}},"10":{"start":{"line":21,"column":2},"end":{"line":21,"column":27}},"11":{"start":{"line":22,"column":2},"end":{"line":22,"column":9}},"12":{"start":{"line":24,"column":15},"end":{"line":24,"column":27}},"13":{"start":{"line":25,"column":0},"end":{"line":25,"column":30}}},"fnMap":{"0":{"name":"validateBlog","decl":{"start":{"line":9,"column":28},"end":{"line":9,"column":40}},"loc":{"start":{"line":9,"column":57},"end":{"line":23,"column":1}},"line":9}},"branchMap":{"0":{"loc":{"start":{"line":15,"column":2},"end":{"line":20,"column":3}},"type":"if","locations":[{"start":{"line":15,"column":2},"end":{"line":20,"column":3}},{"start":{"line":15,"column":2},"end":{"line":20,"column":3}}],"line":15}},"s":{"0":1,"1":1,"2":1,"3":1,"4":1,"5":0,"6":0,"7":0,"8":0,"9":0,"10":0,"11":0,"12":1,"13":1},"f":{"0":0},"b":{"0":[0,0]},"inputSourceMap":{"version":3,"names":["validateBlog","req","res","next","blogValidationSchema","validate","body","abortEarly","error","value","status","json","details","message"],"sourceRoot":"/home/patsicko/Desktop/my-brand-patrick/server/my-brand-bakend/middleware/","sources":["blogValidate.js"],"sourcesContent":["import blogValidationSchema from \"../validation/blogValidation\";\n\nconst validateBlog=(req,res,next)=>{\n\nconst {error,value}=blogValidationSchema.validate(req.body,{abortEarly:false});\n\nif(error){\n    return res.status(400).json({\n        status:400,\n        error:error.details[0].message\n    })\n}\nreq.validateBlog=value;\nnext();\n}\n\nexport default validateBlog;"],"mappings":";;;;;;;AAAA;AAEA,IAAMA,YAAY,GAAC,SAAbA,YAAY,CAAEC,GAAG,EAACC,GAAG,EAACC,IAAI,EAAG;EAEnC,4BAAoBC,0BAAoB,CAACC,QAAQ,CAACJ,GAAG,CAACK,IAAI,EAAC;MAACC,UAAU,EAAC;IAAK,CAAC,CAAC;IAAvEC,KAAK,yBAALA,KAAK;IAACC,KAAK,yBAALA,KAAK;EAElB,IAAGD,KAAK,EAAC;IACL,OAAON,GAAG,CAACQ,MAAM,CAAC,GAAG,CAAC,CAACC,IAAI,CAAC;MACxBD,MAAM,EAAC,GAAG;MACVF,KAAK,EAACA,KAAK,CAACI,OAAO,CAAC,CAAC,CAAC,CAACC;IAC3B,CAAC,CAAC;EACN;EACAZ,GAAG,CAACD,YAAY,GAACS,KAAK;EACtBN,IAAI,EAAE;AACN,CAAC;AAAA,eAEcH,YAAY;AAAA"},"_coverageSchema":"1a1c01bbd47fc00a2c39e90264f33305004495a9","hash":"31d22ab2267bec258bb8ec0bef0367f08a1c7aca","contentHash":"8cdc697937f733250027b2c1ae2b7481796aca5de552fcca7c2a975804f4bee8"},"/home/patsicko/Desktop/my-brand-patrick/server/my-brand-bakend/validation/blogValidation.js":{"path":"/home/patsicko/Desktop/my-brand-patrick/server/my-brand-bakend/validation/blogValidation.js","statementMap":{"0":{"start":{"line":3,"column":29},"end":{"line":3,"column":84}},"1":{"start":{"line":4,"column":0},"end":{"line":6,"column":3}},"2":{"start":{"line":7,"column":0},"end":{"line":7,"column":28}},"3":{"start":{"line":8,"column":11},"end":{"line":8,"column":49}},"4":{"start":{"line":9,"column":27},"end":{"line":15,"column":2}},"5":{"start":{"line":16,"column":15},"end":{"line":16,"column":35}},"6":{"start":{"line":17,"column":0},"end":{"line":17,"column":30}}},"fnMap":{},"branchMap":{},"s":{"0":1,"1":1,"2":1,"3":1,"4":1,"5":1,"6":1},"f":{},"b":{},"inputSourceMap":{"version":3,"names":["blogValidationSchema","Joi","object","blogTitle","string","required","blogAuthor","blogImage","blogText","blogComments"],"sourceRoot":"/home/patsicko/Desktop/my-brand-patrick/server/my-brand-bakend/validation/","sources":["blogValidation.js"],"sourcesContent":["import Joi from \"joi\";\n\nconst blogValidationSchema=Joi.object({\n    blogTitle: Joi.string().required(),\n    blogAuthor: Joi.string().required(),\n    blogImage:Joi.string(),\n    blogText:Joi.string().required(),\n    blogComments: Joi.string(),\n    });\n    export default blogValidationSchema;"],"mappings":";;;;;;;AAAA;AAEA,IAAMA,oBAAoB,GAACC,eAAG,CAACC,MAAM,CAAC;EAClCC,SAAS,EAAEF,eAAG,CAACG,MAAM,EAAE,CAACC,QAAQ,EAAE;EAClCC,UAAU,EAAEL,eAAG,CAACG,MAAM,EAAE,CAACC,QAAQ,EAAE;EACnCE,SAAS,EAACN,eAAG,CAACG,MAAM,EAAE;EACtBI,QAAQ,EAACP,eAAG,CAACG,MAAM,EAAE,CAACC,QAAQ,EAAE;EAChCI,YAAY,EAAER,eAAG,CAACG,MAAM;AACxB,CAAC,CAAC;AAAC,eACYJ,oBAAoB;AAAA"},"_coverageSchema":"1a1c01bbd47fc00a2c39e90264f33305004495a9","hash":"ea93600d8ad5e2e1b8ec2be7e75045de347c1c2c","contentHash":"c042c2b682c340e739ec2dd10faaa22ae4df22b47b8a8c5a316306f805824316"},"/home/patsicko/Desktop/my-brand-patrick/server/my-brand-bakend/middleware/isAdmin.js":{"path":"/home/patsicko/Desktop/my-brand-patrick/server/my-brand-bakend/middleware/isAdmin.js","statementMap":{"0":{"start":{"line":3,"column":29},"end":{"line":3,"column":84}},"1":{"start":{"line":4,"column":0},"end":{"line":6,"column":3}},"2":{"start":{"line":7,"column":0},"end":{"line":7,"column":48}},"3":{"start":{"line":8,"column":19},"end":{"line":8,"column":80}},"4":{"start":{"line":9,"column":25},"end":{"line":9,"column":99}},"5":{"start":{"line":10,"column":17},"end":{"line":10,"column":70}},"6":{"start":{"line":11,"column":27},"end":{"line":51,"column":3}},"7":{"start":{"line":12,"column":13},"end":{"line":47,"column":5}},"8":{"start":{"line":14,"column":4},"end":{"line":46,"column":33}},"9":{"start":{"line":15,"column":6},"end":{"line":45,"column":7}},"10":{"start":{"line":15,"column":16},"end":{"line":45,"column":7}},"11":{"start":{"line":17,"column":10},"end":{"line":17,"column":28}},"12":{"start":{"line":18,"column":10},"end":{"line":18,"column":28}},"13":{"start":{"line":19,"column":10},"end":{"line":22,"column":13}},"14":{"start":{"line":24,"column":10},"end":{"line":24,"column":38}},"15":{"start":{"line":25,"column":10},"end":{"line":25,"column":35}},"16":{"start":{"line":26,"column":10},"end":{"line":29,"column":11
[...]
tus(404).json({\n              \"status\":\"error\",\n              \"message\":error.message\n            });\n        }\n    }\n\n   static async getUser(req,res) {\n    try {\n      const user=await User.findOne({id:req.params.id});\n      res.status(200).json({\n        \"status\":\n        \"success\",\n        \"data\":user\n      })\n    }catch (error){\n        res.status(404).json({\n            \"status\":\"error\",\n            \"message\":error.message\n        });\n   }\n\n}\n\nstatic async deleteUser(req,res) {\n\n    try{\n        const user=await User.findOneAndDelete({id:req.params.id});\n        res.status(200).json({\n            \"status\":\"success\", \"message\":\"user deleted\"})\n    }catch (error){\n        res.status(404).json({\n            \"status\":\"error\",\n            \"message\":error.message\n        })\n    }\n}\n\nstatic async login(req,res){\n  try {\n    const user=await User.findOne({email:req.body.email});\n    if(!user){\n      res.status(404).json(\n        {\n          \"status\":\"error\",\n          \"message\":\"user not found\"\n        }\n      );\n    }\n\n    const isMatch=await bcrypt.compare(req.body.password,user.password);\n    if(!isMatch){\n      res.status(404).json({\n        \"status\":\"error\",\n        \"message\":\"password is incorrect\"\n      });\n    }\n    const token=jwt.sign({id:user._id},process.env.JWT_SECRET,{expiresIn:\"2h\"});\n    res.status(200).json({\n      \"status\":\"success\",data:user,token:token})\n  } catch (error) {\n    res.status(401).json({status:\"error\",message:error.message})\n  }\n}\n}\nexport default userController;"],"mappings":";;;;;;;;;;;AAAA;AACA;AACA;AAA+B,IAEzBA,cAAc;EAAA;IAAA;EAAA;EAAA;IAAA;IAAA;MAAA,gGAEhB,iBAAwBC,GAAG,EAAEC,GAAG;QAAA;QAAA;UAAA;YAAA;cAAA;cAAA,OACXC,kBAAM,CAACC,OAAO,CAAC,EAAE,CAAC;YAAA;cAA/BC,IAAI;cAAA;cAAA,OACmBF,kBAAM,CAACG,IAAI,CAACL,GAAG,CAACM,IAAI,CAACC,QAAQ,EAAEH,IAAI,CAAC;YAAA;cAA3DI,cAAc;cAAA;cAEVC,IAAI,GAAG,IAAIC,qBAAI,CAAC;gBACpBC,KAAK,EAACX,GAAG,CAACM,IAAI,CAACK,KAAK;gBACpBC,KAAK,EAACZ,GAAG,CAACM,IAAI,CAACM,KAAK;gBACpBC,KAAK,EAACb,GAAG,CAACM,IAAI,CAACO,KAAK;gBACpBN,QAAQ,EAACC;cACX,CAAC,CAAC;cAAA;cAAA,OACIC,IAAI,CAACK,IAAI,EAAE;YAAA;cACjBb,GAAG,CAACc,MAAM,CAAC,GAAG,CAAC,CAACC,IAAI,CAAC;gBACnB,QAAQ,EAAC,SAAS;gBAClB,MAAM,EAACP;cAET,CAAC,CAAC;cACFQ,OAAO,CAACC,GAAG,CAAC,cAAc,CAAC;cAAC;cAAA;YAAA;cAAA;cAAA;cAE5BjB,GAAG,CAACc,MAAM,CAAC,GAAG,CAAC,CAACC,IAAI,CAAC;gBACnB,QAAQ,EAAC,OAAO;gBAChB,SAAS,EAAC,YAAMG;cAClB,CAAC,CAAC;YAAC;YAAA;cAAA;UAAA;QAAA;MAAA,CAEN;MAAA;QAAA;MAAA;MAAA;IAAA;EAAA;IAAA;IAAA;MAAA,8FAGH,kBAAsBnB,GAAG,EAACC,GAAG;QAAA;QAAA;UAAA;YAAA;cAAA;cAAA;cAAA,OAERS,qBAAI,CAACU,IAAI,EAAE;YAAA;cAAvBC,KAAK;cACXpB,GAAG,CAACc,MAAM,CAAC,GAAG,CAAC,CAACC,IAAI,CAAC;gBACpB,QAAQ,EAAC,SAAS;gBAClB,MAAM,EAACK;cACR,CAAC,CAAC;cAAA;cAAA;YAAA;cAAA;cAAA;cAEGpB,GAAG,CAACc,MAAM,CAAC,GAAG,CAAC,CAACC,IAAI,CAAC;gBACnB,QAAQ,EAAC,OAAO;gBAChB,SAAS,EAAC,aAAMG;cAClB,CAAC,CAAC;YAAC;YAAA;cAAA;UAAA;QAAA;MAAA,CAEV;MAAA;QAAA;MAAA;MAAA;IAAA;EAAA;IAAA;IAAA;MAAA,6FAEF,kBAAqBnB,GAAG,EAACC,GAAG;QAAA;QAAA;UAAA;YAAA;cAAA;cAAA;cAAA,OAERS,qBAAI,CAACY,OAAO,CAAC;gBAACC,EAAE,EAACvB,GAAG,CAACwB,MAAM,CAACD;cAAE,CAAC,CAAC;YAAA;cAA3Cd,IAAI;cACVR,GAAG,CAACc,MAAM,CAAC,GAAG,CAAC,CAACC,IAAI,CAAC;gBACnB,QAAQ,EACR,SAAS;gBACT,MAAM,EAACP;cACT,CAAC,CAAC;cAAA;cAAA;YAAA;cAAA;cAAA;cAEAR,GAAG,CAACc,MAAM,CAAC,GAAG,CAAC,CAACC,IAAI,CAAC;gBACjB,QAAQ,EAAC,OAAO;gBAChB,SAAS,EAAC,aAAMG;cACpB,CAAC,CAAC;YAAC;YAAA;cAAA;UAAA;QAAA;MAAA,CAGV;MAAA;QAAA;MAAA;MAAA;IAAA;EAAA;IAAA;IAAA;MAAA,gGAED,kBAAwBnB,GAAG,EAACC,GAAG;QAAA;QAAA;UAAA;YAAA;cAAA;cAAA;cAAA,OAGNS,qBAAI,CAACe,gBAAgB,CAAC;gBAACF,EAAE,EAACvB,GAAG,CAACwB,MAAM,CAACD;cAAE,CAAC,CAAC;YAAA;cAApDd,IAAI;cACVR,GAAG,CAACc,MAAM,CAAC,GAAG,CAAC,CAACC,IAAI,CAAC;gBACjB,QAAQ,EAAC,SAAS;gBAAE,SAAS,EAAC;cAAc,CAAC,CAAC;cAAA;cAAA;YAAA;cAAA;cAAA;cAElDf,GAAG,CAACc,MAAM,CAAC,GAAG,CAAC,CAACC,IAAI,CAAC;gBACjB,QAAQ,EAAC,OAAO;gBAChB,SAAS,EAAC,aAAMG;cACpB,CAAC,CAAC;YAAA;YAAA;cAAA;UAAA;QAAA;MAAA,CAET;MAAA;QAAA;MAAA;MAAA;IAAA;EAAA;IAAA;IAAA;MAAA,2FAED,kBAAmBnB,GAAG,EAACC,GAAG;QAAA;QAAA;UAAA;YAAA;cAAA;cAAA;cAAA,OAELS,qBAAI,CAACY,OAAO,CAAC;gBAACT,KAAK,EAACb,GAAG,CAACM,IAAI,CAACO;cAAK,CAAC,CAAC;YAAA;cAA/CJ,IAAI;cACV,IAAG,CAACA,IAAI,EAAC;gBACPR,GAAG,CAACc,MAAM,CAAC,GAAG,CAAC,CAACC,IAAI,CAClB;kBACE,QAAQ,EAAC,OAAO;kBAChB,SAAS,EAAC;gBACZ,CAAC,CACF;cACH;cAAC;cAAA,OAEmBd,kBAAM,CAACwB,OAAO,CAAC1B,GAAG,CAACM,IAAI,CAACC,QAAQ,EAACE,IAAI,CAACF,QAAQ,CAAC;YAAA;cAA7DoB,OAAO;cACb,IAAG,CAACA,OAAO,EAAC;gBACV1B,GAAG,CAACc,MAAM,CAAC,GAAG,CAAC,CAACC,IAAI,CAAC;kBACnB,QAAQ,EAAC,OAAO;kBAChB,SAAS,EAAC;gBACZ,CAAC,CAAC;cACJ;cACMY,KAAK,GAACC,wBAAG,CAACC,IAAI,CAAC;gBAACP,EAAE,EAACd,IAAI,CAACsB;cAAG,CAAC,EAACC,OAAO,CAACC,GAAG,CAACC,UAAU,EAAC;gBAACC,SAAS,EAAC;cAAI,CAAC,CAAC;cAC3ElC,GAAG,CAACc,MAAM,CAAC,GAAG,CAAC,CAACC,IAAI,CAAC;gBACnB,QAAQ,EAAC,SAAS;gBAACoB,IAAI,EAAC3B,IAAI;gBAACmB,KAAK,EAACA;cAAK,CAAC,CAAC;cAAA;cAAA;YAAA;cAAA;cAAA;cAE5C3B,GAAG,CAACc,MAAM,CAAC,GAAG,CAAC,CAACC,IAAI,CAAC;gBAACD,MAAM,EAAC,OAAO;gBAACI,OAAO,EAAC,aAAMA;cAAO,CAAC,CAAC;YAAA;YAAA;cAAA;UAAA;QAAA;MAAA,CAE/D;MAAA;QAAA;MAAA;MAAA;IAAA;EAAA;EAAA;AAAA;AAAA,eAEcpB,cAAc;AAAA"},"_coverageSchema":"1a1c01bbd47fc00a2c39e90264f33305004495a9","hash":"5a5edbb33bdfd6e5043869344d37bde63356c3ee","contentHash":"009393a36a6602a9d912ecc36edf4ac56fcdc1c6208bac2dfa16e4f3ad8a78dc"},"/home/patsicko/Desktop/my-brand-patrick/server/my-brand-bakend/middleware/userValidation.js":{"path":"/home/patsicko/Desktop/my-brand-patrick/server/my-brand-bakend/middleware/userValidation.js","statementMap":{"0":{"start":{"line":3,"column":29},"end":{"line":3,"column":84}},"1":{"start":{"line":4,"column":0},"end":{"line":6,"column":3}},"2":{"start":{"line":7,"column":0},"end":{"line":7,"column":28}},"3":{"start":{"line":8,"column":22},"end":{"line":8,"column":85}},"4":{"start":{"line":9,"column":19},"end":{"line":23,"column":1}},"5":{"start":{"line":10,"column":30},"end":{"line":12,"column":6}},"6":{"start":{"line":13,"column":12},"end":{"line":13,"column":39}},"7":{"start":{"line":14,"column":12},"end":{"line":14,"column":39}},"8":{"start":{"line":15,"column":2},"end":{"line":20,"column":3}},"9":{"start":{"line":16,"column":4},"end":{"line":19,"column":7}},"10":{"start":{"line":21,"column":2},"end":{"line":21,"column":28}},"11":{"start":{"line":22,"column":2},"end":{"line":22,"column":9}},"12":{"start":{"line":24,"column":15},"end":{"line":24,"column":27}},"13":{"start":{"line":25,"column":0},"end":{"line":25,"column":30}}},"fnMap":{"0":{"name":"validateUser","decl":{"start":{"line":9,"column":28},"end":{"line":9,"column":40}},"loc":{"start":{"line":9,"column":57},"end":{"line":23,"column":1}},"line":9}},"branchMap":{"0":{"loc":{"start":{"line":15,"column":2},"end":{"line":20,"column":3}},"type":"if","locations":[{"start":{"line":15,"column":2},"end":{"line":20,"column":3}},{"start":{"line":15,"column":2},"end":{"line":20,"column":3}}],"line":15}},"s":{"0":1,"1":1,"2":1,"3":1,"4":1,"5":1,"6":1,"7":1,"8":1,"9":0,"10":1,"11":1,"12":1,"13":1},"f":{"0":1},"b":{"0":[0,1]},"inputSourceMap":{"version":3,"names":["validateUser","req","res","next","userValidationSchema","validate","body","abortEarly","error","value","status","json","details","message","validatedUser"],"sourceRoot":"/home/patsicko/Desktop/my-brand-patrick/server/my-brand-bakend/middleware/","sources":["userValidation.js"],"sourcesContent":["import userValidationSchema from \"../validation/userValidation\";\n\nconst validateUser=(req,res,next)=>{\n \n    const {error,value}=userValidationSchema.validate(req.body,{abortEarly:false});\n    if(error){\n       return res.status(400).json({\n        \"status\":\"error\",\n        \"message\":error.details[0].message,\n       }) \n    }\n  req.validatedUser=value;\n  next();\n}\n\nexport default validateUser"],"mappings":";;;;;;;AAAA;AAEA,IAAMA,YAAY,GAAC,SAAbA,YAAY,CAAEC,GAAG,EAACC,GAAG,EAACC,IAAI,EAAG;EAE/B,4BAAoBC,0BAAoB,CAACC,QAAQ,CAACJ,GAAG,CAACK,IAAI,EAAC;MAACC,UAAU,EAAC;IAAK,CAAC,CAAC;IAAvEC,KAAK,yBAALA,KAAK;IAACC,KAAK,yBAALA,KAAK;EAClB,IAAGD,KAAK,EAAC;IACN,OAAON,GAAG,CAACQ,MAAM,CAAC,GAAG,CAAC,CAACC,IAAI,CAAC;MAC3B,QAAQ,EAAC,OAAO;MAChB,SAAS,EAACH,KAAK,CAACI,OAAO,CAAC,CAAC,CAAC,CAACC;IAC5B,CAAC,CAAC;EACL;EACFZ,GAAG,CAACa,aAAa,GAACL,KAAK;EACvBN,IAAI,EAAE;AACR,CAAC;AAAA,eAEcH,YAAY;AAAA"},"_coverageSchema":"1a1c01bbd47fc00a2c39e90264f33305004495a9","hash":"90bd62d6c027b873f50ecceb5e604d510b5228fa","contentHash":"29212d7e9d9ac552d2f3e4fe5138ac7873cfe42f5303676abf48ce818f095c33"},"/home/patsicko/Desktop/my-brand-patrick/server/my-brand-bakend/validation/userValidation.js":{"path":"/home/patsicko/Desktop/my-brand-patrick/server/my-brand-bakend/validation/userValidation.js","statementMap":{"0":{"start":{"line":3,"column":29},"end":{"line":3,"column":84}},"1":{"start":{"line":4,"column":0},"end":{"line":6,"column":3}},"2":{"start":{"line":7,"column":0},"end":{"line":7,"column":28}},"3":{"start":{"line":8,"column":11},"end":{"line":8,"column":49}},"4":{"start":{"line":9,"column":27},"end":{"line":16,"column":2}},"5":{"start":{"line":17,"column":15},"end":{"line":17,"column":35}},"6":{"start":{"line":18,"column":0},"end":{"line":18,"column":30}}},"fnMap":{},"branchMap":{},"s":{"0":1,"1":1,"2":1,"3":1,"4":1,"5":1,"6":1},"f":{},"b":{},"inputSourceMap":{"version":3,"names":["userValidationSchema","Joi","object","fname","string","required","lname","email","minDomainSegments","password","min"],"sourceRoot":"/home/patsicko/Desktop/my-brand-patrick/server/my-brand-bakend/validation/","sources":["userValidation.js"],"sourcesContent":["import Joi from \"joi\";\n\nconst userValidationSchema=Joi.object({\n    fname:Joi.string().required(),\n    lname:Joi.string().required(),\n    email:Joi.string().email({minDomainSegments:2}).required(),\n    password:Joi.string().min(6).required()\n})\n\nexport default userValidationSchema;"],"mappings":";;;;;;;AAAA;AAEA,IAAMA,oBAAoB,GAACC,eAAG,CAACC,MAAM,CAAC;EAClCC,KAAK,EAACF,eAAG,CAACG,MAAM,EAAE,CAACC,QAAQ,EAAE;EAC7BC,KAAK,EAACL,eAAG,CAACG,MAAM,EAAE,CAACC,QAAQ,EAAE;EAC7BE,KAAK,EAACN,eAAG,CAACG,MAAM,EAAE,CAACG,KAAK,CAAC;IAACC,iBAAiB,EAAC;EAAC,CAAC,CAAC,CAACH,QAAQ,EAAE;EAC1DI,QAAQ,EAACR,eAAG,CAACG,MAAM,EAAE,CAACM,GAAG,CAAC,CAAC,CAAC,CAACL,QAAQ;AACzC,CAAC,CAAC;AAAA,eAEaL,oBAAoB;AAAA"},"_coverageSchema":"1a1c01bbd47fc00a2c39e90264f33305004495a9","hash":"1fbeba7fbab8620e75b54fc10266958b622bad5a","contentHash":"4aa62f3d93c4db03d7dd686ad5bf4afe104c5f31c0a9c9a71afe3b9f8b13e881"},"/home/patsicko/Desktop/my-brand-patrick/server/my-brand-bakend/routes/adminRoute.js":{"path":"/home/patsicko/Desktop/my-brand-patrick/server/my-brand-bakend/routes/adminRoute.js","statementMap":{"0":{"start":{"line":3,"column":29},"end":{"line":3,"column":84}},"1":{"start":{"line":4,"column":0},"end":{"line":6,"column":3}},"2":{"start":{"line":7,"column":0},"end":{"line":7,"column":28}},"3":{"start":{"line":8,"column":15},"end":{"line":8,"column":57}},"4":{"start":{"line":9,"column":22},"end":{"line":9,"column":85}},"5":{"start":{"line":10,"column":20},"end":{"line":10,"column":81}},"6":{"start":{"line":11,"column":23},"end":{"line":11,"column":87}},"7":{"start":{"line":12,"column":15},"end":{"line":12,"column":71}},"8":{"start":{"line":13,"column":17},"end":{"line":13,"column":45}},"9":{"start":{"line":14,"column":0},"end":{"line":14,"column":101}},"10":{"start":{"line":15,"column":15},"end":{"line":15,"column":25}},"11":{"start":{"line":16,"column":0},"end":{"line":16,"column":30}}},"fnMap":{},"branchMap":{},"s":{"0":1,"1":1,"2":1,"3":1,"4":1,"5":1,"6":1,"7":1,"8":1,"9":1,"10":1,"11":1},"f":{},"b":{},"inputSourceMap":{"version":3,"names":["adminRoute","express","Router","post","validateUser","adminController","createAdmin"],"sourceRoot":"/home/patsicko/Desktop/my-brand-patrick/server/my-brand-bakend/routes/","sources":["adminRoute.js"],"sourcesContent":["import express from \"express\";\nimport validateUser from \"../middleware/userValidation\";\nimport verifyToken  from \"../middleware/authenticate\";\nimport adminController from \"../controller/adminController\";\nimport isAdmin from \"../middleware/isAdmin\";\n\nconst adminRoute=express.Router();\n\nadminRoute.post(\"/createAdmin\",validateUser,adminController.createAdmin);\n\nexport default adminRoute;"],"mappings":";;;;;;;AAAA;AACA;AACA;AACA;AACA;AAEA,IAAMA,UAAU,GAACC,mBAAO,CAACC,MAAM,EAAE;AAEjCF,UAAU,CAACG,IAAI,CAAC,cAAc,EAACC,0BAAY,EAACC,2BAAe,CAACC,WAAW,CAAC;AAAC,eAE1DN,UAAU;AAAA"},"_coverageSchema":"1a1c01bbd47fc00a2c39e90264f33305004495a9","hash":"005c16e43814a562b2684864d2e79c72e03d55b8","contentHash":"095f08f7924c6c125d8de558beba507ff722db5ed9cd29e75d3fd5f517d61aed"},"/home/patsicko/Desktop/my-brand-patrick/server/my-brand-bakend/controller/adminController.js":{"path":"/home/patsicko/Desktop/my-brand-patrick/server/my-brand-bakend/controller/adminController.js","statementMap":{"0":{"start":{"line":3,"column":29},"end":{"line":3,"column":84}},"1":{"start":{"line":4,"column":0},"end":{"line":6,"column":3}},"2":{"start":{"line":7,"column":0},"end":{"line":7,"column":28}},"3":{"start":{"line":8,"column":19},"end":{"line":8,"column":80}},"4":{"start":{"line":9,"column":25},"end":{"line":9,"column":99}},"5":{"start":{"line":10,"column":23},"end":{"line":10,"column":95}},"6":{"start":{"line":11,"column":20},"end":{"line":11,"column":89}},"7":{"start":{"line":12,"column":17},"end":{"line":12,"column":70}},"8":{"start":{"line":13,"column":14},"end":{"line":13,"column":55}},"9":{"start":{"line":14,"column":20},"end":{"line":14,"column":67}},"10":{"start":{"line":15,"column":35},"end":{"line":73,"column":3}},"11":{"start":{"line":17,"column":4},"end":{"line":17,"column":60}},"12":{"start":{"line":19,"column":2},"end":{"line":71,"column":6}},"13":{"start":{"line":22,"column":25},"end":{"line":65,"column":9}},"14":{"start":{"line":24,"column":8},"end":{"line":64,"column":37}},"15":{"start":{"line":25,"column":10},"end":{"line":63,"column":11}},"16":{"start":{"line":25,"column":20},"end":{"line":63,"column":11}},"17":{"start":{"line":27,"column":14},"end":{"line":27,"column":32}},"18":{"start":{"line":28,"column":14},"end":{"line":28,"column":52}},"19":{"start":{"line":30,"column":14},"end":{"line":30,"column":35}},"20":{"start":{"line":31,"column":14},"end":{"line":31,"column":32}},"21":{"start":{"line":32,"column":14},"end":{"line":32,"column":70}},"22":{"start":{"line":34,"column":14},"end":{"line":34,"column":45}},"23":{"start":{"line":35,"column":14},"end":{"line":35,"column":32}},"24":{"start":{"line":36,"column":14},"end":{"line":42,"column":17}},"25":{"start":{"line":43,"column":14},"end":{"line":43,"column":33}},"26":{"start":{"line":44,"column":14},"end":{"line":44,"column":33}},"27":{"start":{"line":46,"column":14},"end":{"line":49,"column":17}},"28":{"start":{"line":50,"column":14},"end":{"line":50,"column":42}},"29":{"start":{"line":51,"column":14},"end":{"line":51,"column":33}},"30":{"start":{"line":52,"column":14},"end":{"line":52,"column":20}},"31":{"start":{"line":54,"column":14},"end":{"line":54,"column":33}},"32":{"start":{"line":55,"column":14},"end":{"line":55,"column":49}},"33":{"start":{"line":56,"column":14},"end":{"line":59,"column":17}},"34":{"start":{"line":62,"column":14},"end":{"line":62,"column":37}},"35":{"start":{"line":67,"column":8},"end":{"line":67,"column":51}},"36":{"start":{"line":69,"column":6},"end":{"line":69,"column":25}},"37":{"start":{"line":72,"column":2},"end":{"line":72,"column":25}},"38":{"start":{"line":74,"column":15},"end":{"line":74,"column":30}},"39":{"start":{"line":75,"column":0},"end":{"line":75,"column":30}}},"fnMap":{"0":{"name":"(anonymous_0)","decl":{"start":{"line":15,"column":35},"end":{"line":15,"column":36}},"loc":{"start":{"line":15,"column":47},"end":{"line":73,"column":1}},"line":15},"1":{"name":"adminController","decl":{"start":{"line":16,"column":11},"end":{"line":16,"column":26}},"loc":{"start":{"line":16,"column":29},"end":{"line":18,"column":3}},"line":16},"2":{"name":"(anonymous_2)","decl":{"start":{"line":21,"column":11},"end":{"line":21,"column":12}},"loc":{"start":{"line":21,"column":23},"end":{"line":70,"column":5}},"line":21},"3":{"name":"_callee","decl":{"start":{"line":22,"column":112},"end":{"line":22,"column":119}},"loc":{"start":{"line":22,"column":130},"end":{"line":65,"column":7}},"line":22},"4":{"name":"_callee$","decl":{"start":{"line":24,"column":53},"end":{"line":24,"column":61}},"loc":{"start":{"line":24,"column":72},"end":{"line":64,"column":9}},"line":24},"5":{"name":"createAdmin","decl":{"start":{"line":66,"column":15},"end":{"line":66,"column":26}},"loc":{"start":{"line":66,"column":36},"end":{"line":68,"column":7}},"line":66}},"branchMap":{"0":{"loc":{"start":{"line":25,"column":20},"end":{"line":63,"column":11}},"type":"switch","locations":[{"start":{"line":26,"column":12},"end":{"line":28,"column":52}},{"start":{"line":29,"column":12},"end":{"line":32,"column":70}},{"start":{"line":33,"column":12},"end":{"line":44,"column":33}},{"start":{"line":45,"column":12},"end":{"line":52,"column":20}},{"start":{"line":53,"column":12},"end":{"line":59,"column":17}},{"start":{"line":60,"column":12},"end":{"line":60,"column":20}},{"start":{"line":61,"column":12},"end":{"line":62,"column":37}}],"line":25}},"s":{"0":1,"1":1,"2":1,"3":1,"4":1,"5":1,"6":1,"7":1,"8":1,"9":1,"10":1,"11":0,"12":1,"13":1,"14":0,"15":0,"16":0,"17":0,"18":0,"19":0,"20":0,"21":0,"22":0,"23":0,"24":0,"25":0,"26":0,"27":0,"28":0,"29":0,"30":0,"31":0,"32":0,"33":0,"34":0,"35":0,"36":1,"37":1,"38":1,"39":1},"f":{"0":1,"1":0,"2":1,"3":0,"4":0,"5":0},"b":{"0":[0,0,0,0,0,0,0]},"inputSourceMap":{"version":3,"names":["adminController","req","res","bcrypt","genSalt","salt","hash","body","password","hashedPassword","user","User","fname","lname","email","role","save","status","json","console","log","message"],"sourceRoot":"/home/patsicko/Desktop/my-brand-patrick/server/my-brand-bakend/controller/","sources":["adminController.js"],"sourcesContent":["import User from \"../model/userModel\";\nimport bcrypt from \"bcrypt\";\nimport jwt from \"jsonwebtoken\";\n\n\nclass adminController {\n\n\n    static async createAdmin(req, res) {\n        const salt = await bcrypt.genSalt(10);\n        const hashedPassword = await bcrypt.hash(req.body.password, salt);\n          try {\n            const user = new User({\n              fname:req.body.fname,\n              lname:req.body.lname,\n              email:req.body.email,\n              password:hashedPassword,\n              role:\"admin\"\n            });\n            await user.save();\n            res.status(201).json({\n              \"status\":\"success\",\n              \"post\":user\n  \n            });\n            console.log(\"user created\");\n          } catch (error) {\n            res.status(401).json({\n              \"status\":\"error\",\n              \"message\":error.message\n            });\n          }\n        }\n}\n\nexport default adminController;"],"mappings":";;;;;;;;;;;AAAA;AACA;AACA;AAA+B,IAGzBA,eAAe;EAAA;IAAA;EAAA;EAAA;IAAA;IAAA;MAAA,iGAGjB,iBAAyBC,GAAG,EAAEC,GAAG;QAAA;QAAA;UAAA;YAAA;cAAA;cAAA,OACVC,kBAAM,CAACC,OAAO,CAAC,EAAE,CAAC;YAAA;cAA/BC,IAAI;cAAA;cAAA,OACmBF,kBAAM,CAACG,IAAI,CAACL,GAAG,CAACM,IAAI,CAACC,QAAQ,EAAEH,IAAI,CAAC;YAAA;cAA3DI,cAAc;cAAA;cAEVC,IAAI,GAAG,IAAIC,qBAAI,CAAC;gBACpBC,KAAK,EAACX,GAAG,CAACM,IAAI,CAACK,KAAK;gBACpBC,KAAK,EAACZ,GAAG,CAACM,IAAI,CAACM,KAAK;gBACpBC,KAAK,EAACb,GAAG,CAACM,IAAI,CAACO,KAAK;gBACpBN,QAAQ,EAACC,cAAc;gBACvBM,IAAI,EAAC;cACP,CAAC,CAAC;cAAA;cAAA,OACIL,IAAI,CAACM,IAAI,EAAE;YAAA;cACjBd,GAAG,CAACe,MAAM,CAAC,GAAG,CAAC,CAACC,IAAI,CAAC;gBACnB,QAAQ,EAAC,SAAS;gBAClB,MAAM,EAACR;cAET,CAAC,CAAC;cACFS,OAAO,CAACC,GAAG,CAAC,cAAc,CAAC;cAAC;cAAA;YAAA;cAAA;cAAA;cAE5BlB,GAAG,CAACe,MAAM,CAAC,GAAG,CAAC,CAACC,IAAI,CAAC;gBACnB,QAAQ,EAAC,OAAO;gBAChB,SAAS,EAAC,YAAMG;cAClB,CAAC,CAAC;YAAC;YAAA;cAAA;UAAA;QAAA;MAAA,CAEN;MAAA;QAAA;MAAA;MAAA;IAAA;EAAA;EAAA;AAAA;AAAA,eAGMrB,eAAe;AAAA"},"_coverageSchema":"1a1c01bbd47fc00a2c39e90264f33305004495a9","hash":"400a678c0c2d4c352191629c81c0d93e124de4c3","contentHash":"b35753a50c41e6433e3988dcf51283740d6b286dad0ecceae22db0af35797b2b"}}