{"/home/patsicko/Desktop/my-brand-patrick/server/my-brand-bakend/src/index.js":{"path":"/home/patsicko/Desktop/my-brand-patrick/server/my-brand-bakend/src/index.js","statementMap":{"0":{"start":{"line":3,"column":29},"end":{"line":3,"column":84}},"1":{"start":{"line":4,"column":14},"end":{"line":4,"column":54}},"2":{"start":{"line":5,"column":0},"end":{"line":7,"column":3}},"3":{"start":{"line":8,"column":0},"end":{"line":8,"column":28}},"4":{"start":{"line":9,"column":15},"end":{"line":9,"column":57}},"5":{"start":{"line":10,"column":12},"end":{"line":10,"column":51}},"6":{"start":{"line":11,"column":14},"end":{"line":11,"column":55}},"7":{"start":{"line":12,"column":10},"end":{"line":12,"column":58}},"8":{"start":{"line":13,"column":16},"end":{"line":13,"column":59}},"9":{"start":{"line":14,"column":14},"end":{"line":14,"column":64}},"10":{"start":{"line":15,"column":24},"end":{"line":15,"column":78}},"11":{"start":{"line":16,"column":22},"end":{"line":16,"column":73}},"12":{"start":{"line":17,"column":49},"end":{"line":17,"column":96}},"13":{"start":{"line":17,"column":84},"end":{"line":17,"column":96}},"14":{"start":{"line":17,"column":121},"end":{"line":17,"column":134}},"15":{"start":{"line":17,"column":159},"end":{"line":17,"column":172}},"16":{"start":{"line":17,"column":174},"end":{"line":17,"column":333}},"17":{"start":{"line":17,"column":258},"end":{"line":17,"column":316}},"18":{"start":{"line":18,"column":53},"end":{"line":18,"column":111}},"19":{"start":{"line":18,"column":98},"end":{"line":18,"column":109}},"20":{"start":{"line":18,"column":112},"end":{"line":18,"column":218}},"21":{"start":{"line":18,"column":190},"end":{"line":18,"column":216}},"22":{"start":{"line":18,"column":231},"end":{"line":18,"column":268}},"23":{"start":{"line":18,"column":270},"end":{"line":18,"column":325}},"24":{"start":{"line":18,"column":301},"end":{"line":18,"column":323}},"25":{"start":{"line":18,"column":339},"end":{"line":18,"column":341}},"26":{"start":{"line":18,"column":371},"end":{"line":18,"column":427}},"27":{"start":{"line":18,"column":429},"end":{"line":18,"column":730}},"28":{"start":{"line":18,"column":452},"end":{"line":18,"column":728}},"29":{"start":{"line":18,"column":538},"end":{"line":18,"column":610}},"30":{"start":{"line":18,"column":612},"end":{"line":18,"column":726}},"31":{"start":{"line":18,"column":650},"end":{"line":18,"column":691}},"32":{"start":{"line":18,"column":701},"end":{"line":18,"column":724}},"33":{"start":{"line":18,"column":731},"end":{"line":18,"column":755}},"34":{"start":{"line":18,"column":756},"end":{"line":18,"column":794}},"35":{"start":{"line":18,"column":769},"end":{"line":18,"column":792}},"36":{"start":{"line":18,"column":795},"end":{"line":18,"column":809}},"37":{"start":{"line":19,"column":0},"end":{"line":19,"column":46}},"38":{"start":{"line":20,"column":10},"end":{"line":20,"column":36}},"39":{"start":{"line":21,"column":0},"end":{"line":24,"column":4}},"40":{"start":{"line":25,"column":0},"end":{"line":25,"column":36}},"41":{"start":{"line":26,"column":0},"end":{"line":26,"column":28}},"42":{"start":{"line":27,"column":11},"end":{"line":27,"column":53}},"43":{"start":{"line":28,"column":0},"end":{"line":30,"column":3}},"44":{"start":{"line":29,"column":2},"end":{"line":29,"column":58}},"45":{"start":{"line":31,"column":0},"end":{"line":31,"column":22}},"46":{"start":{"line":33,"column":0},"end":{"line":33,"column":33}},"47":{"start":{"line":34,"column":0},"end":{"line":34,"column":63}},"48":{"start":{"line":35,"column":0},"end":{"line":35,"column":91}},"49":{"start":{"line":36,"column":15},"end":{"line":36,"column":18}},"50":{"start":{"line":37,"column":0},"end":{"line":37,"column":30}}},"fnMap":{"0":{"name":"_getRequireWildcardCache","decl":{"start":{"line":17,"column":9},"end":{"line":17,"column":33}},"loc":{"start":{"line":17,"column":47},"end":{"line":17,"column":335}},"line":17},"1":{"name":"_getRequireWildcardCache","decl":{"start":{"line":17,"column":218},"end":{"line":17,"column":242}},"loc":{"start":{"line":17,"column":256},"end":{"line":17,"column":318}},"line":17},"2":{"name":"_interopRequireWildcard","decl":{"start":{"line":18,"column":9},"end":{"line":18,"column":32}},"loc":{"start":{"line":18,"column":51},"end":{"line":18,"column":811}},"line":18},"3":{"name":"(anonymous_3)","decl":{"start":{"line":28,"column":17},"end":{"line":28,"column":18}},"loc":{"start":{"line":28,"column":29},"end":{"line":30,"column":1}},"line":28}},"branchMap":{"0":{"loc":{"start":{"line":17,"column":49},"end":{"line":17,"column":96}},"type":"if","locations":[{"start":{"line":17,"column":49},"end":{"line":17,"column":96}},{"start":{"line":17,"column":49},"end":{"line":17,"column":96}}],"line":17},"1":{"loc":{"start":{"line":17,"column":265},"end":{"line":17,"column":315}},"type":"cond-expr","locations":[{"start":{"line":17,"column":279},"end":{"line":17,"column":295}},{"start":{"line":17,"column":298},"end":{"line":17,"column":315}}],"line":17},"2":{"loc":{"start":{"line":18,"column":53},"end":{"line":18,"column":111}},"type":"if","locations":[{"start":{"line":18,"column":53},"end":{"line":18,"column":111}},{"start":{"line":18,"column":53},"end":{"line":18,"column":111}}],"line":18},"3":{"loc":{"start":{"line":18,"column":57},"end":{"line":18,"column":94}},"type":"binary-expr","locations":[{"start":{"line":18,"column":57},"end":{"line":18,"column":69}},{"start":{"line":18,"column":73},"end":{"line":18,"column":76}},{"start":{"line":18,"column":80},"end":{"line":18,"column":94}}],"line":18},"4":{"loc":{"start":{"line":18,"column":112},"end":{"line":18,"column":218}},"type":"if","locations":[{"start":{"line":18,"column":112},"end":{"line":18,"column":218}},{"start":{"line":18,"column":112},"end":{"line":18,"column":218}}],"line":18},"5":{"loc":{"start":{"line":18,"column":116},"end":{"line":18,"column":186}},"type":"binary-expr","locations":[{"start":{"line":18,"column":116},"end":{"line":18,"column":128}},{"start":{"line":18,"column":132},"end":{"line":18,"column":157}},{"start":{"line":18,"column":161},"end":{"line":18,"column":186}}],"line":18},"6":{"loc":{"start":{"line":18,"column":270},"end":{"line":18,"column":325}},"type":"if","locations":[{"start":{"line":18,"column":270},"end":{"line":18,"column":325}},{"start":{"line":18,"column":270},"end":{"line":18,"column":325}}],"line":18},"7":{"loc":{"start":{"line":18,"column":274},"end":{"line":18,"column":297}},"type":"binary-expr","locations":[{"start":{"line":18,"column":274},"end":{"line":18,"column":279}},{"start":{"line":18,"column":283},"end":{"line":18,"column":297}}],"line":18},"8":{"loc":{"start":{"line":18,"column":371},"end":{"line":18,"column":427}},"type":"binary-expr","locations":[{"start":{"line":18,"column":371},"end":{"line":18,"column":392}},{"start":{"line":18,"column":396},"end":{"line":18,"column":427}}],"line":18},"9":{"loc":{"start":{"line":18,"column":452},"end":{"line":18,"column":728}},"type":"if","locations":[{"start":{"line":18,"column":452},"end":{"line":18,"column":728}},{"start":{"line":18,"column":452},"end":{"line":18,"column":728}}],"line":18},"10":{"loc":{"start":{"line":18,"column":456},"end":{"line":18,"column":523}},"type":"binary-expr","locations":[{"start":{"line":18,"column":456},"end":{"line":18,"column":473}},{"start":{"line":18,"column":477},"end":{"line":18,"column":523}}],"line":18},"11":{"loc":{"start":{"line":18,"column":538},"end":{"line":18,"column":610}},"type":"cond-expr","locations":[{"start":{"line":18,"column":562},"end":{"line":18,"column":603}},{"start":{"line":18,"column":606},"end":{"line":18,"column":610}}],"line":18},"12":{"loc":{"start":{"line":18,"column":612},"end":{"line":18,"column":726}},"type":"if","locations":[{"start":{"line":18,"column":612},"end":{"line":18,"column":726}},{"start":{"line":18,"column":612},"end":{"line":18,"column":726}}],"line":18},"13":{"loc":{"start":{"line":18,"column":616},"end":{"line":18,"column":646}},"type":"binary-expr","locations":[{"start":{"line":18,"column":616},"end":{"line":18,"column":620}},{"start":{"line":18,"column":625},"end":{"line":18,"column":633}},{"start":{"line":18,"column":637},"end":{"line":18,"column":645}}],"line":18},"14":{"loc":{"start":{"line":18,"column":756},"end":{"line":18,"column":794}},"type":"if","locations":[{"start":{"line":18,"column":756},"end":{"line":18,"column":794}},{"start":{"line":18,"column":756},"end":{"line":18,"column":794}}],"line":18},"15":{"loc":{"start":{"line":27,"column":11},"end":{"line":27,"column":53}},"type":"cond-expr","locations":[{"start":{"line":27,"column":30},"end":{"line":27,"column":46}},{"start":{"line":27,"column":49},"end":{"line":27,"column":53}}],"line":27}},"s":{"0":1,"1":1,"2":1,"3":1,"4":1,"5":1,"6":1,"7":1,"8":1,"9":1,"10":1,"11":1,"12":1,"13":0,"14":1,"15":1,"16":1,"17":1,"18":1,"19":0,"20":1,"21":0,"22":1,"23":1,"24":0,"25":1,"26":1,"27":1,"28":5,"29":5,"30":5,"31":0,"32":5,"33":1,"34":1,"35":1,"36":1,"37":1,"38":1,"39":1,"40":1,"41":1,"42":1,"43":1,"44":1,"45":1,"46":1,"47":1,"48":1,"49":1,"50":1},"f":{"0":1,"1":1,"2":1,"3":1},"b":{"0":[0,1],"1":[0,1],"2":[0,1],"3":[1,1,1],"4":[0,1],"5":[1,1,0],"6":[0,1],"7":[1,1],"8":[1,1],"9":[5,0],"10":[5,5],"11":[5,0],"12":[0,5],"13":[5,5,5],"14":[1,0],"15":[1,0]},"inputSourceMap":{"version":3,"names":["mongoose","set","app","Express","use","cors","origin","methods","json","dotenv","config","port","process","env","PORT","listen","console","log","dbConnect","Router","swaggerDoc","serve","setup","swaggerDocumentations"],"sourceRoot":"/home/patsicko/Desktop/my-brand-patrick/server/my-brand-bakend/src/","sources":["index.js"],"sourcesContent":["import Express  from \"express\";\nimport cors from \"cors\";\nimport dotenv from 'dotenv';\nimport dbConnect from \"./database/db\";\nimport mongoose from \"mongoose\";\nimport Router from \"./routes/routes\";\nimport  {serve,setup} from \"swagger-ui-express\";\nimport swaggerDocumentations from \"./documentations\";\n\n\nimport swaggerDoc from \"swagger-ui-express\";\n\n\nmongoose.set('strictQuery',true)\n\n\nconst app=Express();\n\napp.use(cors({origin:'*',methods: ['GET','POST','DELETE','UPDATE','PUT','PATCH']}));\n\napp.use(Express.json());\n\ndotenv.config();\n\nconst port=process.env.PORT ? process.env.PORT:5001;\n\napp.listen(port,()=>{\n    console.log(`app is listening on port : ${port}`)\n})\n\ndbConnect();\n// app.use('/api-docs', serve, setup(swaggerSpecs));\napp.use(\"/\",Router)\n\n\napp.use(\"/documentations\" ,swaggerDoc.serve)\napp.use(\"/documentations\" ,swaggerDoc.setup(swaggerDocumentations))\n\n\nexport default app\n"],"mappings":";;;;;;;;AAAA;AACA;AACA;AACA;AACA;AACA;AACA;AACA;AAAqD;AAAA;AAMrDA,oBAAQ,CAACC,GAAG,CAAC,aAAa,EAAC,IAAI,CAAC;AAGhC,IAAMC,GAAG,GAAC,IAAAC,mBAAO,GAAE;AAEnBD,GAAG,CAACE,GAAG,CAAC,IAAAC,gBAAI,EAAC;EAACC,MAAM,EAAC,GAAG;EAACC,OAAO,EAAE,CAAC,KAAK,EAAC,MAAM,EAAC,QAAQ,EAAC,QAAQ,EAAC,KAAK,EAAC,OAAO;AAAC,CAAC,CAAC,CAAC;AAEnFL,GAAG,CAACE,GAAG,CAACD,mBAAO,CAACK,IAAI,EAAE,CAAC;AAEvBC,kBAAM,CAACC,MAAM,EAAE;AAEf,IAAMC,IAAI,GAACC,OAAO,CAACC,GAAG,CAACC,IAAI,GAAGF,OAAO,CAACC,GAAG,CAACC,IAAI,GAAC,IAAI;AAEnDZ,GAAG,CAACa,MAAM,CAACJ,IAAI,EAAC,YAAI;EAChBK,OAAO,CAACC,GAAG,sCAA+BN,IAAI,EAAG;AACrD,CAAC,CAAC;AAEF,IAAAO,cAAS,GAAE;AACX;AACAhB,GAAG,CAACE,GAAG,CAAC,GAAG,EAACe,kBAAM,CAAC;AAGnBjB,GAAG,CAACE,GAAG,CAAC,iBAAiB,EAAEgB,4BAAU,CAACC,KAAK,CAAC;AAC5CnB,GAAG,CAACE,GAAG,CAAC,iBAAiB,EAAEgB,4BAAU,CAACE,KAAK,CAACC,0BAAqB,CAAC,CAAC;AAAA,eAGpDrB,GAAG;AAAA"},"_coverageSchema":"1a1c01bbd47fc00a2c39e90264f33305004495a9","hash":"6a612edb9c2638899d155482b56d1273d7d625fe","contentHash":"7909060d2a2e22cf3c460b5762a51353b2ff85f4746ab65147815fddbce9482e"},"/home/patsicko/Desktop/my-brand-patrick/server/my-brand-bakend/src/database/db.js":{"path":"/home/patsicko/Desktop/my-brand-patrick/server/my-brand-bakend/src/database/db.js","statementMap":{"0":{"start":{"line":3,"column":29},"end":{"line":3,"column":84}},"1":{"start":{"line":4,"column":0},"end":{"line":6,"column":3}},"2":{"start":{"line":7,"column":0},"end":{"line":7,"column":28}},"3":{"start":{"line":8,"column":19},"end":{"line":8,"column":80}},"4":{"start":{"line":9,"column":25},"end":{"line":9,"column":99}},"5":{"start":{"line":10,"column":16},"end":{"line":10,"column":59}},"6":{"start":{"line":11,"column":29},"end":{"line":39,"column":3}},"7":{"start":{"line":12,"column":13},"end":{"line":35,"column":5}},"8":{"start":{"line":13,"column":4},"end":{"line":34,"column":32}},"9":{"start":{"line":14,"column":6},"end":{"line":33,"column":7}},"10":{"start":{"line":14,"column":16},"end":{"line":33,"column":7}},"11":{"start":{"line":16,"column":10},"end":{"line":16,"column":28}},"12":{"start":{"line":17,"column":10},"end":{"line":17,"column":28}},"13":{"start":{"line":18,"column":10},"end":{"line":21,"column":13}},"14":{"start":{"line":23,"column":10},"end":{"line":23,"column":57}},"15":{"start":{"line":24,"column":10},"end":{"line":24,"column":28}},"16":{"start":{"line":25,"column":10},"end":{"line":25,"column":16}},"17":{"start":{"line":27,"column":10},"end":{"line":27,"column":28}},"18":{"start":{"line":28,"column":10},"end":{"line":28,"column":45}},"19":{"start":{"line":29,"column":10},"end":{"line":29,"column":43}},"20":{"start":{"line":32,"column":10},"end":{"line":32,"column":33}},"21":{"start":{"line":36,"column":2},"end":{"line":38,"column":4}},"22":{"start":{"line":37,"column":4},"end":{"line":37,"column":39}},"23":{"start":{"line":40,"column":15},"end":{"line":40,"column":24}},"24":{"start":{"line":41,"column":0},"end":{"line":41,"column":30}}},"fnMap":{"0":{"name":"(anonymous_0)","decl":{"start":{"line":11,"column":29},"end":{"line":11,"column":30}},"loc":{"start":{"line":11,"column":41},"end":{"line":39,"column":1}},"line":11},"1":{"name":"_callee","decl":{"start":{"line":12,"column":100},"end":{"line":12,"column":107}},"loc":{"start":{"line":12,"column":110},"end":{"line":35,"column":3}},"line":12},"2":{"name":"_callee$","decl":{"start":{"line":13,"column":49},"end":{"line":13,"column":57}},"loc":{"start":{"line":13,"column":68},"end":{"line":34,"column":5}},"line":13},"3":{"name":"dbConnect","decl":{"start":{"line":36,"column":18},"end":{"line":36,"column":27}},"loc":{"start":{"line":36,"column":30},"end":{"line":38,"column":3}},"line":36}},"branchMap":{"0":{"loc":{"start":{"line":14,"column":16},"end":{"line":33,"column":7}},"type":"switch","locations":[{"start":{"line":15,"column":8},"end":{"line":21,"column":13}},{"start":{"line":22,"column":8},"end":{"line":25,"column":16}},{"start":{"line":26,"column":8},"end":{"line":29,"column":43}},{"start":{"line":30,"column":8},"end":{"line":30,"column":15}},{"start":{"line":31,"column":8},"end":{"line":32,"column":33}}],"line":14}},"s":{"0":1,"1":1,"2":1,"3":1,"4":1,"5":1,"6":1,"7":1,"8":1,"9":2,"10":3,"11":1,"12":1,"13":1,"14":1,"15":1,"16":1,"17":0,"18":0,"19":0,"20":1,"21":1,"22":1,"23":1,"24":1},"f":{"0":1,"1":1,"2":2,"3":1},"b":{"0":[1,1,0,1,1]},"inputSourceMap":{"version":3,"names":["dbConnect","mongoose","connect","process","env","MONGODB_URL","useNewUrlParser","useUnifiedTopology","console","log","message"],"sourceRoot":"/home/patsicko/Desktop/my-brand-patrick/server/my-brand-bakend/src/database/","sources":["db.js"],"sourcesContent":["import mongoose from \"mongoose\";\n\nconst dbConnect=async()=>{\n    try{\n    await mongoose.connect(process.env.MONGODB_URL,{\n        useNewUrlParser:true,\n        useUnifiedTopology:true\n    })\n\n    console.log('database connected successfully')\n\n    }catch(error){\n    console.log(error.message)\n    }\n}\n\nexport default dbConnect;"],"mappings":";;;;;;;;;AAAA;AAEA,IAAMA,SAAS;EAAA,yFAAC;IAAA;MAAA;QAAA;UAAA;UAAA;UAAA,OAENC,oBAAQ,CAACC,OAAO,CAACC,OAAO,CAACC,GAAG,CAACC,WAAW,EAAC;YAC3CC,eAAe,EAAC,IAAI;YACpBC,kBAAkB,EAAC;UACvB,CAAC,CAAC;QAAA;UAEFC,OAAO,CAACC,GAAG,CAAC,iCAAiC,CAAC;UAAA;UAAA;QAAA;UAAA;UAAA;UAG9CD,OAAO,CAACC,GAAG,CAAC,YAAMC,OAAO,CAAC;QAAA;QAAA;UAAA;MAAA;IAAA;EAAA,CAE7B;EAAA,gBAZKV,SAAS;IAAA;EAAA;AAAA,GAYd;AAAA,eAEcA,SAAS;AAAA"},"_coverageSchema":"1a1c01bbd47fc00a2c39e90264f33305004495a9","hash":"ee1fb04f97d1d23e7318aabe29bba56a712620cc","contentHash":"88df33e28216b4fb9f1474d5883e7dee28fe67ce1b06b869499e49264afd6e4c"},"/home/patsicko/Desktop/my-brand-patrick/server/my-brand-bakend/src/routes/routes.js":{"path":"/home/patsicko/Desktop/my-brand-patrick/server/my-brand-bakend/src/routes/routes.js","statementMap":{"0":{"start":{"line":3,"column":29},"end":{"line":3,"column":84}},"1":{"start":{"line":4,"column":0},"end":{"line":6,"column":3}},"2":{"start":{"line":7,"column":0},"end":{"line":7,"column":28}},"3":{"start":{"line":8,"column":20},"end":{"line":8,"column":74}},"4":{"start":{"line":9,"column":17},"end":{"line":9,"column":68}},"5":{"start":{"line":10,"column":17},"end":{"line":10,"column":68}},"6":{"start":{"line":11,"column":18},"end":{"line":11,"column":70}},"7":{"start":{"line":12,"column":24},"end":{"line":12,"column":77}},"8":{"start":{"line":13,"column":15},"end":{"line":13,"column":57}},"9":{"start":{"line":14,"column":22},"end":{"line":14,"column":74}},"10":{"start":{"line":15,"column":13},"end":{"line":15,"column":41}},"11":{"start":{"line":16,"column":0},"end":{"line":16,"column":39}},"12":{"start":{"line":17,"column":0},"end":{"line":17,"column":45}},"13":{"start":{"line":18,"column":0},"end":{"line":18,"column":42}},"14":{"start":{"line":19,"column":0},"end":{"line":19,"column":42}},"15":{"start":{"line":20,"column":0},"end":{"line":20,"column":45}},"16":{"start":{"line":22,"column":15},"end":{"line":22,"column":21}},"17":{"start":{"line":23,"column":0},"end":{"line":23,"column":30}}},"fnMap":{},"branchMap":{},"s":{"0":1,"1":1,"2":1,"3":1,"4":1,"5":1,"6":1,"7":1,"8":1,"9":1,"10":1,"11":1,"12":1,"13":1,"14":1,"15":1,"16":1,"17":1},"f":{},"b":{},"inputSourceMap":{"version":3,"names":["Router","express","use","json","ContactRoute","BlogRoute","userRoute","adminRoute"],"sourceRoot":"/home/patsicko/Desktop/my-brand-patrick/server/my-brand-bakend/src/routes/","sources":["routes.js"],"sourcesContent":["\nimport ContactRoute from \"./apis/ContactRoute\";\nimport BlogRoute from \"./apis/blogRoute\";\nimport userRoute from \"./apis/userRoute\";\nimport adminRoute from \"./apis/adminRoute\";\nimport swaggerUi  from \"swagger-ui-express\";\nimport express  from \"express\";\nimport docs from \"../documentations\"\n\n\nconst Router = express.Router();\n\nRouter.use(express.json());\n\n\n\nRouter.use(\"/api\",ContactRoute);\nRouter.use(\"/api\",BlogRoute);\nRouter.use(\"/api\",userRoute);\nRouter.use(\"/admin\",adminRoute);\n// Router.use(\"/swaggerDocs\",swaggerUi.serve,swaggerUi.setup(docs));\n\nexport default Router;"],"mappings":";;;;;;;AACA;AACA;AACA;AACA;AACA;AACA;AACA;AAGA,IAAMA,MAAM,GAAGC,mBAAO,CAACD,MAAM,EAAE;AAE/BA,MAAM,CAACE,GAAG,CAACD,mBAAO,CAACE,IAAI,EAAE,CAAC;AAI1BH,MAAM,CAACE,GAAG,CAAC,MAAM,EAACE,wBAAY,CAAC;AAC/BJ,MAAM,CAACE,GAAG,CAAC,MAAM,EAACG,qBAAS,CAAC;AAC5BL,MAAM,CAACE,GAAG,CAAC,MAAM,EAACI,qBAAS,CAAC;AAC5BN,MAAM,CAACE,GAAG,CAAC,QAAQ,EAACK,sBAAU,CAAC;AAC/B;AAAA,eAEeP,MAAM;AAAA"},"_coverageSchema":"1a1c01bbd47fc00a2c39e90264f33305004495a9","hash":"ea292eb641af9498e9e4383785981c5a0d2b58a7","contentHash":"2040d344dd14197b0152d4f38c77b906e851bcdb36f1311b327aa6eb5f9de22b"},"/home/patsicko/Desktop/my-brand-patrick/server/my-brand-bakend/src/routes/apis/ContactRoute.js":{"path":"/home/patsicko/Desktop/my-brand-patrick/server/my-brand-bakend/src/routes/apis/ContactRoute.js","statementMap":{"0":{"start":{"line":3,"column":29},"end":{"line":3,"column":84}},"1":{"start":{"line":4,"column":0},"end":{"line":6,"column":3}},"2":{"start":{"line":7,"column":0},"end":{"line":7,"column":28}},"3":{"start":{"line":8,"column":15},"end":{"line":8,"column":57}},"4":{"start":{"line":9,"column":25},"end":{"line":9,"column":94}},"5":{"start":{"line":10,"column":20},"end":{"line":10,"column":84}},"6":{"start":{"line":11,"column":15},"end":{"line":11,"column":50}},"7":{"start":{"line":12,"column":25},"end":{"line":12,"column":94}},"8":{"start":{"line":13,"column":19},"end":{"line":13,"column":47}},"9":{"start":{"line":14,"column":0},"end":{"line":14,"column":112}},"10":{"start":{"line":15,"column":0},"end":{"line":15,"column":144}},"11":{"start":{"line":16,"column":0},"end":{"line":16,"column":151}},"12":{"start":{"line":17,"column":0},"end":{"line":17,"column":151}},"13":{"start":{"line":18,"column":15},"end":{"line":18,"column":27}},"14":{"start":{"line":19,"column":0},"end":{"line":19,"column":30}}},"fnMap":{},"branchMap":{},"s":{"0":1,"1":1,"2":1,"3":1,"4":1,"5":1,"6":1,"7":1,"8":1,"9":1,"10":1,"11":1,"12":1,"13":1,"14":1},"f":{},"b":{},"inputSourceMap":{"version":3,"names":["ContactRoute","Express","Router","post","validateMessage","ContactController","createMessage","get","verifyToken","findUserById","isAdmin","getMessages","getSingleMessage","deleteMessage"],"sourceRoot":"/home/patsicko/Desktop/my-brand-patrick/server/my-brand-bakend/src/routes/apis/","sources":["ContactRoute.js"],"sourcesContent":["\nimport Express  from \"express\";\nimport validateMessage from \"../../middleware/messageValidation\";\nimport verifyToken from \"../../middleware/authenticate\";\nimport {isAdmin,findUserById} from \"../../middleware/isAdmin\";\n\n\nimport ContactController from \"../../controller/ContactController\";\nconst ContactRoute=Express.Router();\n\nContactRoute.post(\"/createMessage\",validateMessage,ContactController.createMessage);\nContactRoute.get(\"/getMessages/\",verifyToken,findUserById,isAdmin,ContactController.getMessages);\nContactRoute.get(\"/getMessage/:id\",verifyToken,findUserById,isAdmin,ContactController.getSingleMessage);\nContactRoute.get(\"/deleteMessage/:id\",verifyToken,findUserById,isAdmin,ContactController.deleteMessage);\n\n export default ContactRoute\n"],"mappings":";;;;;;;AACA;AACA;AACA;AACA;AAGA;AACA,IAAMA,YAAY,GAACC,mBAAO,CAACC,MAAM,EAAE;AAEnCF,YAAY,CAACG,IAAI,CAAC,gBAAgB,EAACC,6BAAe,EAACC,6BAAiB,CAACC,aAAa,CAAC;AACnFN,YAAY,CAACO,GAAG,CAAC,eAAe,EAACC,wBAAW,EAACC,qBAAY,EAACC,gBAAO,EAACL,6BAAiB,CAACM,WAAW,CAAC;AAChGX,YAAY,CAACO,GAAG,CAAC,iBAAiB,EAACC,wBAAW,EAACC,qBAAY,EAACC,gBAAO,EAACL,6BAAiB,CAACO,gBAAgB,CAAC;AACvGZ,YAAY,CAACO,GAAG,CAAC,oBAAoB,EAACC,wBAAW,EAACC,qBAAY,EAACC,gBAAO,EAACL,6BAAiB,CAACQ,aAAa,CAAC;AAAC,eAExFb,YAAY;AAAA"},"_coverageSchema":"1a1c01bbd47fc00a2c39e90264f33305004495a9","hash":"321e91c1e37e085e3edd63389ec0d64228d3caec","contentHash":"89dafbfaa6a7aec6839bdb12f6e06d0b6a453bcf9799f819101a0e0a8bdee6eb"},"/home/patsicko/Desktop/my-brand-patrick/server/my-brand-bakend/src/middleware/messageValidation.js":{"path":"/home/patsicko/Desktop/my-brand-patrick/server/my-brand-bakend/src/middleware/messageValidation.js","statementMap":{"0":{"start":{"line":3,"column":29},"end":{"line":3,"column":84}},"1":{"start":{"line":4,"column":0},"end":{"line":6,"column":3}},"2":{"start":{"line":7,"column":0},"end":{"line":7,"column":28}},"3":{"start":{"line":8,"column":25},"end":{"line":8,"column":91}},"4":{"start":{"line":9,"column":22},"end":{"line":23,"column":1}},"5":{"start":{"line":10,"column":30},"end":{"line":12,"column":6}},"6":{"start":{"line":13,"column":12},"end":{"line":13,"column":39}},"7":{"start":{"line":14,"column":12},"end":{"line":14,"column":39}},"8":{"start":{"line":15,"column":2},"end":{"line":20,"column":3}},"9":{"start":{"line":16,"column":4},"end":{"line":19,"column":7}},"10":{"start":{"line":21,"column":2},"end":{"line":21,"column":28}},"11":{"start":{"line":22,"column":2},"end":{"line":22,"column":9}},"12":{"start":{"line":24,"column":15},"end":{"line":24,"column":30}},"13":{"start":{"line":25,"column":0},"end":{"line":25,"column":30}}},"fnMap":{"0":{"name":"validateMessage","decl":{"start":{"line":9,"column":31},"end":{"line":9,"column":46}},"loc":{"start":{"line":9,"column":63},"end":{"line":23,"column":1}},"line":9}},"branchMap":{"0":{"loc":{"start":{"line":15,"column":2},"end":{"line":20,"column":3}},"type":"if","locations":[{"start":{"line":15,"column":2},"end":{"line":20,"column":3}},{"start":{"line":15,"column":2},"end":{"line":20,"column":3}}],"line":15}},"s":{"0":1,"1":1,"2":1,"3":1,"4":1,"5":0,"6":0,"7":0,"8":0,"9":0,"10":0,"11":0,"12":1,"13":1},"f":{"0":0},"b":{"0":[0,0]},"inputSourceMap":{"version":3,"names":["validateMessage","req","res","next","messageSchema","validate","body","abortEarly","error","value","status","json","details","message","validatedData"],"sourceRoot":"/home/patsicko/Desktop/my-brand-patrick/server/my-brand-bakend/src/middleware/","sources":["messageValidation.js"],"sourcesContent":["import messageSchema from \"../validation/messageValidation\";\n\nconst validateMessage=(req,res,next)=>{\nconst { error,value } = messageSchema.validate(req.body,{abortEarly:false});\nif(error){\n    return res.status(400).json({\n            status:400,\n            error:error.details[0].message\n        })\n}\n\nreq.validatedData=value;\nnext();\n}\n\nexport default validateMessage;"],"mappings":";;;;;;;AAAA;AAEA,IAAMA,eAAe,GAAC,SAAhBA,eAAe,CAAEC,GAAG,EAACC,GAAG,EAACC,IAAI,EAAG;EACtC,4BAAwBC,6BAAa,CAACC,QAAQ,CAACJ,GAAG,CAACK,IAAI,EAAC;MAACC,UAAU,EAAC;IAAK,CAAC,CAAC;IAAnEC,KAAK,yBAALA,KAAK;IAACC,KAAK,yBAALA,KAAK;EACnB,IAAGD,KAAK,EAAC;IACL,OAAON,GAAG,CAACQ,MAAM,CAAC,GAAG,CAAC,CAACC,IAAI,CAAC;MACpBD,MAAM,EAAC,GAAG;MACVF,KAAK,EAACA,KAAK,CAACI,OAAO,CAAC,CAAC,CAAC,CAACC;IAC3B,CAAC,CAAC;EACV;EAEAZ,GAAG,CAACa,aAAa,GAACL,KAAK;EACvBN,IAAI,EAAE;AACN,CAAC;AAAA,eAEcH,eAAe;AAAA"},"_coverageSchema":"1a1c01bbd47fc00a2c39e90264f33305004495a9","hash":"3c0d57b4dc129274da9b6a549c966ebe31afa3d6","contentHash":"c3ae7faa655470fd3a3db5680c38244c6f24c0d8413518b4c2223c705b01a0df"},"/home/patsicko/Desktop/my-brand-patrick/server/my-brand-bakend/src/validation/messageValidation.js":{"path":"/home/patsicko/Desktop/my-brand-patrick/server/my-brand-bakend/src/validation/messageValidation.js","statementMap":{"0":{"start":{"line":3,"column":29},"end":{"line":3,"column":84}},"1":{"start":{"line":4,"column":0},"end":{"line":6,"column":3}},"2":{"start":{"line":7,"column":0},"end":{"line":7,"column":28}},"3":{"start":{"line":8,"column":11},"end":{"line":8,"column":49}},"4":{"start":{"line":9,"column":20},"end":{"line":15,"column":2}},"5":{"start":{"line":16,"column":15},"end":{"line":16,"column":28}},"6":{"start":{"line":17,"column":0},"end":{"line":17,"column":30}}},"fnMap":{},"branchMap":{},"s":{"0":1,"1":1,"2":1,"3":1,"4":1,"5":1,"6":1},"f":{},"b":{},"inputSourceMap":{"version":3,"names":["messageSchema","Joi","object","names","string","min","required","email","minDomainSegments","message"],"sourceRoot":"/home/patsicko/Desktop/my-brand-patrick/server/my-brand-bakend/src/validation/","sources":["messageValidation.js"],"sourcesContent":["import Joi from \"joi\";\n\nconst messageSchema= Joi.object({\n   names:Joi.string().min(4).required(),\n   email:Joi.string().email({minDomainSegments:2}).required(),\n   message:Joi.string().min(10).required()\n\n})\n\nexport default messageSchema;"],"mappings":";;;;;;;AAAA;AAEA,IAAMA,aAAa,GAAEC,eAAG,CAACC,MAAM,CAAC;EAC7BC,KAAK,EAACF,eAAG,CAACG,MAAM,EAAE,CAACC,GAAG,CAAC,CAAC,CAAC,CAACC,QAAQ,EAAE;EACpCC,KAAK,EAACN,eAAG,CAACG,MAAM,EAAE,CAACG,KAAK,CAAC;IAACC,iBAAiB,EAAC;EAAC,CAAC,CAAC,CAACF,QAAQ,EAAE;EAC1DG,OAAO,EAACR,eAAG,CAACG,MAAM,EAAE,CAACC,GAAG,CAAC,EAAE,CAAC,CAACC,QAAQ;AAExC,CAAC,CAAC;AAAA,eAEaN,aAAa;AAAA"},"_coverageSchema":"1a1c01bbd47fc00a2c39e90264f33305004495a9","hash":"1f119cae4d85eb28a8a2f9d33cdb8b7ea30f0bac","contentHash":"62f82bc31edd163aa2a3e66dd927c32579f58ce1f761614c3535f640a809e017"},"/home/patsicko/Desktop/my-brand-patrick/server/my-brand-bakend/src/middleware/authenticate.js":{"path":"/home/patsicko/Desktop/my-brand-patrick/server/my-brand-bakend/src/middleware/authenticate.js","statementMap":{"0":{"start":{"line":3,"column":29},"end":{"line":3,"column":84}},"1":{"start":{"line":4,"column":0},"end":{"line":6,"column":3}},"2":{"start":{"line":7,"column":0},"end":{"line":7,"column":28}},"3":{"start":{"line":8,"column":20},"end":{"line":8,"column":67}},"4":{"start":{"line":9,"column":18},"end":{"line":26,"column":1}},"5":{"start":{"line":10,"column":2},"end":{"line":25,"column":3}},"6":{"start":{"line":11,"column":21},"end":{"line":11,"column":38}},"7":{"start":{"line":12,"column":4},"end":{"line":16,"column":5}},"8":{"start":{"line":13,"column":6},"end":{"line":15,"column":9}},"9":{"start":{"line":17,"column":16},"end":{"line":17,"column":40}},"10":{"start":{"line":18,"column":18},"end":{"line":18,"column":80}},"11":{"start":{"line":19,"column":4},"end":{"line":19,"column":23}},"12":{"start":{"line":20,"column":4},"end":{"line":20,"column":11}},"13":{"start":{"line":22,"column":4},"end":{"line":24,"column":7}},"14":{"start":{"line":27,"column":15},"end":{"line":27,"column":26}},"15":{"start":{"line":28,"column":0},"end":{"line":28,"column":30}}},"fnMap":{"0":{"name":"verifyToken","decl":{"start":{"line":9,"column":27},"end":{"line":9,"column":38}},"loc":{"start":{"line":9,"column":55},"end":{"line":26,"column":1}},"line":9}},"branchMap":{"0":{"loc":{"start":{"line":12,"column":4},"end":{"line":16,"column":5}},"type":"if","locations":[{"start":{"line":12,"column":4},"end":{"line":16,"column":5}},{"start":{"line":12,"column":4},"end":{"line":16,"column":5}}],"line":12}},"s":{"0":1,"1":1,"2":1,"3":1,"4":1,"5":3,"6":3,"7":3,"8":0,"9":3,"10":3,"11":3,"12":3,"13":0,"14":1,"15":1},"f":{"0":3},"b":{"0":[0,3]},"inputSourceMap":{"version":3,"names":["verifyToken","req","res","next","authHeader","headers","token","status","json","message","split","decoded","jwt","verify","process","env","JWT_SECRET","user","error","msg"],"sourceRoot":"/home/patsicko/Desktop/my-brand-patrick/server/my-brand-bakend/src/middleware/","sources":["authenticate.js"],"sourcesContent":["import jwt from 'jsonwebtoken';\n\n const verifyToken = (req, res, next) => {\n    try {\n        const authHeader = req.headers.token;\n        if(!authHeader) {\n            return res.status(401).json({message:\"unauthorized\"});\n        }\n        const token = authHeader.split(' ')[1];\n        const decoded = jwt.verify(token, process.env.JWT_SECRET);\n        req.user = decoded;\n        next();\n    } catch (error) {\n        res.status(401).json({msg:\"unauthorized\"});\n    }\n}\n\nexport default verifyToken;"],"mappings":";;;;;;;AAAA;AAEC,IAAMA,WAAW,GAAG,SAAdA,WAAW,CAAIC,GAAG,EAAEC,GAAG,EAAEC,IAAI,EAAK;EACrC,IAAI;IACA,IAAMC,UAAU,GAAGH,GAAG,CAACI,OAAO,CAACC,KAAK;IACpC,IAAG,CAACF,UAAU,EAAE;MACZ,OAAOF,GAAG,CAACK,MAAM,CAAC,GAAG,CAAC,CAACC,IAAI,CAAC;QAACC,OAAO,EAAC;MAAc,CAAC,CAAC;IACzD;IACA,IAAMH,KAAK,GAAGF,UAAU,CAACM,KAAK,CAAC,GAAG,CAAC,CAAC,CAAC,CAAC;IACtC,IAAMC,OAAO,GAAGC,wBAAG,CAACC,MAAM,CAACP,KAAK,EAAEQ,OAAO,CAACC,GAAG,CAACC,UAAU,CAAC;IACzDf,GAAG,CAACgB,IAAI,GAAGN,OAAO;IAClBR,IAAI,EAAE;EACV,CAAC,CAAC,OAAOe,KAAK,EAAE;IACZhB,GAAG,CAACK,MAAM,CAAC,GAAG,CAAC,CAACC,IAAI,CAAC;MAACW,GAAG,EAAC;IAAc,CAAC,CAAC;EAC9C;AACJ,CAAC;AAAA,eAEcnB,WAAW;AAAA"},"_coverageSchema":"1a1c01bbd47fc00a2c39e90264f33305004495a9","hash":"89800a618faf7522476bf1266cae38331be42440","contentHash":"7c947efa170bf3076aa93ee9a1fd7c00cd53e552a23a0ecf25955879671f9024"},"/home/patsicko/Desktop/my-brand-patrick/server/my-brand-bakend/src/middleware/isAdmin.js":{"path":"/home/patsicko/Desktop/my-brand-patrick/server/my-brand-bakend/src/middleware/isAdmin.js","statementMap":{"0":{"start":{"line":3,"column":29},"end":{"line":3,"column":84}},"1":{"start":{"line":4,"column":0},"end":{"line":6,"column":3}},"2":{"start":{"line":7,"column":0},"end":{"line":7,"column":48}},"3":{"start":{"line":8,"column":19},"end":{"line":8,"column":80}},"4":{"start":{"line":9,"column":25},"end":{"line":9,"column":99}},"5":{"start":{"line":10,"column":17},"end":{"line":10,"column":70}},"6":{"start":{"line":11,"column":27},"end":{"line":51,"column":3}},"7":{"start":{"line":12,"column":13},"end":{"line":47,"column":5}},"8":{"start":{"line":14,"column":4},"end":{"line":46,"column":33}},"9":{"start":{"line":15,"column":6},"end":{"line":45,"column":7}},"10":{"start":{"line":15,"column":16},"end":{"line":45,"column":7}},"11":{"start":{"line":17,"column":10},"end":{"line":17,"column":28}},"12":{"start":{"line":18,"column":10},"end":{"line":18,"column":28}},"13":{"start":{"line":19,"column":10},"end":{"line":22,"column":13}},"14":{"start":{"line":24,"column":10},"end":{"line":24,"column":38}},"15":{"start":{"line":25,"column":10},"end":{"line":25,"column":35}},"16":{"start":{"line":26,"column":10},"end":{"line":29,"column":11}},"17":{"start":{"line":27,"column":12},"end":{"line":27,"column":30}},"18":{"start":{"line":28,"column":12},"end":{"line":28,"column":18}},"19":{"start":{"line":30,"column":10},"end":{"line":33,"column":14}},"20":{"start":{"line":35,"column":10},"end":{"line":35,"column":17}},"21":{"start":{"line":36,"column":10},"end":{"line":36,"column":29}},"22":{"start":{"line":37,"column":10},"end":{"line":37,"column":16}},"23":{"start":{"line":39,"column":10},"end":{"line":39,"column":29}},"24":{"start":{"line":40,"column":10},"end":{"line":40,"column":45}},"25":{"start":{"line":41,"column":10},"end":{"line":41,"column":44}},"26":{"start":{"line":44,"column":10},"end":{"line":44,"column":33}},"27":{"start":{"line":48,"column":2},"end":{"line":50,"column":4}},"28":{"start":{"line":49,"column":4},"end":{"line":49,"column":39}},"29":{"start":{"line":52,"column":0},"end":{"line":52,"column":26}},"30":{"start":{"line":53,"column":32},"end":{"line":91,"column":3}},"31":{"start":{"line":54,"column":14},"end":{"line":87,"column":5}},"32":{"start":{"line":56,"column":4},"end":{"line":86,"column":34}},"33":{"start":{"line":57,"column":6},"end":{"line":85,"column":7}},"34":{"start":{"line":57,"column":16},"end":{"line":85,"column":7}},"35":{"start":{"line":59,"column":10},"end":{"line":59,"column":29}},"36":{"start":{"line":60,"column":10},"end":{"line":60,"column":29}},"37":{"start":{"line":61,"column":10},"end":{"line":61,"column":63}},"38":{"start":{"line":63,"column":10},"end":{"line":63,"column":32}},"39":{"start":{"line":64,"column":10},"end":{"line":67,"column":11}},"40":{"start":{"line":65,"column":12},"end":{"line":65,"column":31}},"41":{"start":{"line":66,"column":12},"end":{"line":66,"column":18}},"42":{"start":{"line":68,"column":10},"end":{"line":70,"column":14}},"43":{"start":{"line":72,"column":10},"end":{"line":72,"column":26}},"44":{"start":{"line":73,"column":10},"end":{"line":73,"column":17}},"45":{"start":{"line":74,"column":10},"end":{"line":74,"column":30}},"46":{"start":{"line":75,"column":10},"end":{"line":75,"column":16}},"47":{"start":{"line":77,"column":10},"end":{"line":77,"column":30}},"48":{"start":{"line":78,"column":10},"end":{"line":78,"column":47}},"49":{"start":{"line":79,"column":10},"end":{"line":81,"column":13}},"50":{"start":{"line":84,"column":10},"end":{"line":84,"column":34}},"51":{"start":{"line":88,"column":2},"end":{"line":90,"column":4}},"52":{"start":{"line":89,"column":4},"end":{"line":89,"column":40}},"53":{"start":{"line":92,"column":0},"end":{"line":92,"column":36}}},"fnMap":{"0":{"name":"(anonymous_0)","decl":{"start":{"line":11,"column":27},"end":{"line":11,"column":28}},"loc":{"start":{"line":11,"column":39},"end":{"line":51,"column":1}},"line":11},"1":{"name":"_callee","decl":{"start":{"line":12,"column":100},"end":{"line":12,"column":107}},"loc":{"start":{"line":12,"column":124},"end":{"line":47,"column":3}},"line":12},"2":{"name":"_callee$","decl":{"start":{"line":14,"column":49},"end":{"line":14,"column":57}},"loc":{"start":{"line":14,"column":68},"end":{"line":46,"column":5}},"line":14},"3":{"name":"isAdmin","decl":{"start":{"line":48,"column":18},"end":{"line":48,"column":25}},"loc":{"start":{"line":48,"column":40},"end":{"line":50,"column":3}},"line":48},"4":{"name":"(anonymous_4)","decl":{"start":{"line":53,"column":32},"end":{"line":53,"column":33}},"loc":{"start":{"line":53,"column":44},"end":{"line":91,"column":1}},"line":53},"5":{"name":"_callee2","decl":{"start":{"line":54,"column":101},"end":{"line":54,"column":109}},"loc":{"start":{"line":54,"column":126},"end":{"line":87,"column":3}},"line":54},"6":{"name":"_callee2$","decl":{"start":{"line":56,"column":49},"end":{"line":56,"column":58}},"loc":{"start":{"line":56,"column":70},"end":{"line":86,"column":5}},"line":56},"7":{"name":"findUserById","decl":{"start":{"line":88,"column":18},"end":{"line":88,"column":30}},"loc":{"start":{"line":88,"column":46},"end":{"line":90,"column":3}},"line":88}},"branchMap":{"0":{"loc":{"start":{"line":15,"column":16},"end":{"line":45,"column":7}},"type":"switch","locations":[{"start":{"line":16,"column":8},"end":{"line":22,"column":13}},{"start":{"line":23,"column":8},"end":{"line":33,"column":14}},{"start":{"line":34,"column":8},"end":{"line":37,"column":16}},{"start":{"line":38,"column":8},"end":{"line":41,"column":44}},{"start":{"line":42,"column":8},"end":{"line":42,"column":16}},{"start":{"line":43,"column":8},"end":{"line":44,"column":33}}],"line":15},"1":{"loc":{"start":{"line":26,"column":10},"end":{"line":29,"column":11}},"type":"if","locations":[{"start":{"line":26,"column":10},"end":{"line":29,"column":11}},{"start":{"line":26,"column":10},"end":{"line":29,"column":11}}],"line":26},"2":{"loc":{"start":{"line":57,"column":16},"end":{"line":85,"column":7}},"type":"switch","locations":[{"start":{"line":58,"column":8},"end":{"line":61,"column":63}},{"start":{"line":62,"column":8},"end":{"line":70,"column":14}},{"start":{"line":71,"column":8},"end":{"line":75,"column":16}},{"start":{"line":76,"column":8},"end":{"line":81,"column":13}},{"start":{"line":82,"column":8},"end":{"line":82,"column":16}},{"start":{"line":83,"column":8},"end":{"line":84,"column":34}}],"line":57},"3":{"loc":{"start":{"line":64,"column":10},"end":{"line":67,"column":11}},"type":"if","locations":[{"start":{"line":64,"column":10},"end":{"line":67,"column":11}},{"start":{"line":64,"column":10},"end":{"line":67,"column":11}}],"line":64}},"s":{"0":1,"1":1,"2":1,"3":1,"4":1,"5":1,"6":1,"7":1,"8":0,"9":0,"10":0,"11":0,"12":0,"13":0,"14":0,"15":0,"16":0,"17":0,"18":0,"19":0,"20":0,"21":0,"22":0,"23":0,"24":0,"25":0,"26":0,"27":1,"28":0,"29":1,"30":1,"31":1,"32":1,"33":3,"34":3,"35":1,"36":1,"37":1,"38":1,"39":1,"40":0,"41":0,"42":1,"43":0,"44":0,"45":0,"46":0,"47":0,"48":0,"49":0,"50":1,"51":1,"52":1,"53":1},"f":{"0":1,"1":0,"2":0,"3":0,"4":1,"5":1,"6":3,"7":1},"b":{"0":[0,0,0,0,0,0],"1":[0,0],"2":[1,1,0,0,0,1],"3":[0,1]},"inputSourceMap":{"version":3,"names":["isAdmin","req","res","next","User","findOne","_id","user","role","Adminaccess","console","log","status","json","message","findUserById","findById","params","id"],"sourceRoot":"/home/patsicko/Desktop/my-brand-patrick/server/my-brand-bakend/src/middleware/","sources":["isAdmin.js"],"sourcesContent":["import User from \"../model/userModel\";\n\n\n\nconst isAdmin = async (req, res, next) => {\n    try {\n        const Adminaccess = await User.findOne({_id:req.user._id,role: \"admin\" });\n        console.log(Adminaccess);\n\n        \n        if(!Adminaccess) {\n            return res\n                .status(401)\n                .json({ status: \"not allowed\", message: \"only admins allowed\" });\n               \n        }\n        next();\n    } catch (error) {\n        res.status(500).json(error);\n    }\n};\n\n\n\n const findUserById = async (req, res, next) => {\n      try {\n        const user = await User.findById(req.params.id);\n        if (!user) {\n          return res.status(404).json({ message: \"User not found\" });\n        }\n        req.user = user;\n        next();\n      } catch (error) {\n        res.status(500).json({ message: error.message });\n      }\n    };\n\n\n\n\nexport  {isAdmin,findUserById};"],"mappings":";;;;;;;;;AAAA;AAIA,IAAMA,OAAO;EAAA,yFAAG,iBAAOC,GAAG,EAAEC,GAAG,EAAEC,IAAI;IAAA;IAAA;MAAA;QAAA;UAAA;UAAA;UAAA,OAEHC,qBAAI,CAACC,OAAO,CAAC;YAACC,GAAG,EAACL,GAAG,CAACM,IAAI,CAACD,GAAG;YAACE,IAAI,EAAE;UAAQ,CAAC,CAAC;QAAA;UAAnEC,WAAW;UACjBC,OAAO,CAACC,GAAG,CAACF,WAAW,CAAC;UAAC,IAGrBA,WAAW;YAAA;YAAA;UAAA;UAAA,iCACJP,GAAG,CACLU,MAAM,CAAC,GAAG,CAAC,CACXC,IAAI,CAAC;YAAED,MAAM,EAAE,aAAa;YAAEE,OAAO,EAAE;UAAsB,CAAC,CAAC;QAAA;UAGxEX,IAAI,EAAE;UAAC;UAAA;QAAA;UAAA;UAAA;UAEPD,GAAG,CAACU,MAAM,CAAC,GAAG,CAAC,CAACC,IAAI,aAAO;QAAC;QAAA;UAAA;MAAA;IAAA;EAAA,CAEnC;EAAA,gBAhBKb,OAAO;IAAA;EAAA;AAAA,GAgBZ;AAAC;AAID,IAAMe,YAAY;EAAA,0FAAG,kBAAOd,GAAG,EAAEC,GAAG,EAAEC,IAAI;IAAA;IAAA;MAAA;QAAA;UAAA;UAAA;UAAA,OAEhBC,qBAAI,CAACY,QAAQ,CAACf,GAAG,CAACgB,MAAM,CAACC,EAAE,CAAC;QAAA;UAAzCX,IAAI;UAAA,IACLA,IAAI;YAAA;YAAA;UAAA;UAAA,kCACAL,GAAG,CAACU,MAAM,CAAC,GAAG,CAAC,CAACC,IAAI,CAAC;YAAEC,OAAO,EAAE;UAAiB,CAAC,CAAC;QAAA;UAE5Db,GAAG,CAACM,IAAI,GAAGA,IAAI;UACfJ,IAAI,EAAE;UAAC;UAAA;QAAA;UAAA;UAAA;UAEPD,GAAG,CAACU,MAAM,CAAC,GAAG,CAAC,CAACC,IAAI,CAAC;YAAEC,OAAO,EAAE,aAAMA;UAAQ,CAAC,CAAC;QAAC;QAAA;UAAA;MAAA;IAAA;EAAA,CAEpD;EAAA,gBAXEC,YAAY;IAAA;EAAA;AAAA,GAWd;AAAC"},"_coverageSchema":"1a1c01bbd47fc00a2c39e90264f33305004495a9","hash":"61dd60d41dcf0a0c6ab9291d70fb686adbb1948b","contentHash":"9565f50ff882ed5bf83c47cae3415e8cd799e524dba13f97c17520afd193108b"},"/home/patsicko/Desktop/my-brand-patrick/server/my-brand-bakend/src/model/userModel.js":{"path":"/home/patsicko/Desktop/my-brand-patrick/server/my-brand-bakend/src/model/userModel.js","statementMap":{"0":{"start":{"line":3,"column":29},"end":{"line":3,"column":84}},"1":{"start":{"line":4,"column":0},"end":{"line":6,"column":3}},"2":{"start":{"line":7,"column":0},"end":{"line":7,"column":28}},"3":{"start":{"line":8,"column":16},"end":{"line":8,"column":59}},"4":{"start":{"line":9,"column":17},"end":{"line":28,"column":2}},"5":{"start":{"line":29,"column":11},"end":{"line":29,"column":57}},"6":{"start":{"line":30,"column":15},"end":{"line":30,"column":19}},"7":{"start":{"line":31,"column":0},"end":{"line":31,"column":30}}},"fnMap":{},"branchMap":{},"s":{"0":1,"1":1,"2":1,"3":1,"4":1,"5":1,"6":1,"7":1},"f":{},"b":{},"inputSourceMap":{"version":3,"names":["userSchema","mongoose","Schema","fname","type","String","lname","email","password","role","timestamps","User","model"],"sourceRoot":"/home/patsicko/Desktop/my-brand-patrick/server/my-brand-bakend/src/model/","sources":["userModel.js"],"sourcesContent":["import mongoose from \"mongoose\";\n\nconst userSchema=mongoose.Schema({\n    fname:{\n        type:String,\n       \n    },\n    lname:{\n        type:String,\n        \n    },\n    email:{\n        type:String,\n       \n    },\n    password: {\n        type:String,\n        \n    },\n   \n    role:{\n        type:String,\n        default:\"user\"\n    },  \n \n},\n{timestamps:true});\n\nconst User=mongoose.model('User',userSchema);\n\nexport default User;"],"mappings":";;;;;;;AAAA;AAEA,IAAMA,UAAU,GAACC,oBAAQ,CAACC,MAAM,CAAC;EAC7BC,KAAK,EAAC;IACFC,IAAI,EAACC;EAET,CAAC;EACDC,KAAK,EAAC;IACFF,IAAI,EAACC;EAET,CAAC;EACDE,KAAK,EAAC;IACFH,IAAI,EAACC;EAET,CAAC;EACDG,QAAQ,EAAE;IACNJ,IAAI,EAACC;EAET,CAAC;EAEDI,IAAI,EAAC;IACDL,IAAI,EAACC,MAAM;IACX,WAAQ;EACZ;AAEJ,CAAC,EACD;EAACK,UAAU,EAAC;AAAI,CAAC,CAAC;AAElB,IAAMC,IAAI,GAACV,oBAAQ,CAACW,KAAK,CAAC,MAAM,EAACZ,UAAU,CAAC;AAAC,eAE9BW,IAAI;AAAA"},"_coverageSchema":"1a1c01bbd47fc00a2c39e90264f33305004495a9","hash":"b139ea3ce1a70189f75cc4e04649336649f490dd","contentHash":"57796352c0bd3af8abcd65163e60af48affca22e932a2eda8f2e47ac24b0028d"},"/home/patsicko/Desktop/my-brand-patrick/server/my-brand-bakend/src/controller/ContactController.js":{"path":"/home/patsicko/Desktop/my-brand-patrick/server/my-brand-bakend/src/controller/ContactController.js","statementMap":{"0":{"start":{"line":3,"column":29},"end":{"line":3,"column":84}},"1":{"start":{"line":4,"column":0},"end":{"line":6,"column":3}},"2":{"start":{"line":7,"column":0},"end":{"line":7,"column":28}},"3":{"start":{"line":8,"column":19},"end":{"line":8,"column":80}},"4":{"start":{"line":9,"column":25},"end":{"line":9,"column":99}},"5":{"start":{"line":10,"column":23},"end":{"line":10,"column":95}},"6":{"start":{"line":11,"column":20},"end":{"line":11,"column":89}},"7":{"start":{"line":12,"column":20},"end":{"line":12,"column":76}},"8":{"start":{"line":13,"column":37},"end":{"line":174,"column":3}},"9":{"start":{"line":15,"column":4},"end":{"line":15,"column":62}},"10":{"start":{"line":17,"column":2},"end":{"line":172,"column":6}},"11":{"start":{"line":20,"column":27},"end":{"line":53,"column":9}},"12":{"start":{"line":22,"column":8},"end":{"line":52,"column":36}},"13":{"start":{"line":23,"column":10},"end":{"line":51,"column":11}},"14":{"start":{"line":23,"column":20},"end":{"line":51,"column":11}},"15":{"start":{"line":25,"column":14},"end":{"line":25,"column":32}},"16":{"start":{"line":26,"column":14},"end":{"line":30,"column":17}},"17":{"start":{"line":31,"column":14},"end":{"line":31,"column":32}},"18":{"start":{"line":32,"column":14},"end":{"line":32,"column":36}},"19":{"start":{"line":34,"column":14},"end":{"line":37,"column":17}},"20":{"start":{"line":38,"column":14},"end":{"line":38,"column":45}},"21":{"start":{"line":39,"column":14},"end":{"line":39,"column":33}},"22":{"start":{"line":40,"column":14},"end":{"line":40,"column":20}},"23":{"start":{"line":42,"column":14},"end":{"line":42,"column":32}},"24":{"start":{"line":43,"column":14},"end":{"line":43,"column":49}},"25":{"start":{"line":44,"column":14},"end":{"line":47,"column":17}},"26":{"start":{"line":50,"column":14},"end":{"line":50,"column":37}},"27":{"start":{"line":55,"column":8},"end":{"line":55,"column":53}},"28":{"start":{"line":57,"column":6},"end":{"line":57,"column":27}},"29":{"start":{"line":62,"column":25},"end":{"line":92,"column":9}},"30":{"start":{"line":64,"column":8},"end":{"line":91,"column":37}},"31":{"start":{"line":65,"column":10},"end":{"line":90,"column":11}},"32":{"start":{"line":65,"column":20},"end":{"line":90,"column":11}},"33":{"start":{"line":67,"column":14},"end":{"line":67,"column":33}},"34":{"start":{"line":68,"column":14},"end":{"line":68,"column":33}},"35":{"start":{"line":69,"column":14},"end":{"line":69,"column":53}},"36":{"start":{"line":71,"column":14},"end":{"line":71,"column":40}},"37":{"start":{"line":72,"column":14},"end":{"line":77,"column":17}},"38":{"start":{"line":78,"column":14},"end":{"line":78,"column":34}},"39":{"start":{"line":79,"column":14},"end":{"line":79,"column":20}},"40":{"start":{"line":81,"column":14},"end":{"line":81,"column":33}},"41":{"start":{"line":82,"column":14},"end":{"line":82,"column":51}},"42":{"start":{"line":83,"column":14},"end":{"line":86,"column":17}},"43":{"start":{"line":89,"column":14},"end":{"line":89,"column":38}},"44":{"start":{"line":94,"column":8},"end":{"line":94,"column":51}},"45":{"start":{"line":96,"column":6},"end":{"line":96,"column":25}},"46":{"start":{"line":101,"column":30},"end":{"line":131,"column":9}},"47":{"start":{"line":103,"column":8},"end":{"line":130,"column":37}},"48":{"start":{"line":104,"column":10},"end":{"line":129,"column":11}},"49":{"start":{"line":104,"column":20},"end":{"line":129,"column":11}},"50":{"start":{"line":106,"column":14},"end":{"line":106,"column":33}},"51":{"start":{"line":107,"column":14},"end":{"line":107,"column":33}},"52":{"start":{"line":108,"column":14},"end":{"line":108,"column":68}},"53":{"start":{"line":110,"column":14},"end":{"line":110,"column":39}},"54":{"start":{"line":111,"column":14},"end":{"line":116,"column":17}},"55":{"start":{"line":117,"column":14},"end":{"line":117,"column":34}},"56":{"start":{"line":118,"column":14},"end":{"line":118,"column":20}},"57":{"start":{"line":120,"column":14},"end":{"line":120,"column":33}},"58":{"start":{"line":121,"column":14},"end":{"line":121,"column":51}},"59":{"start":{"line":122,"column":14},"end":{"line":125,"column":17}},"60":{"start":{"line":128,"column":14},"end":{"line":128,"column":38}},"61":{"start":{"line":133,"column":8},"end":{"line":133,"column":56}},"62":{"start":{"line":135,"column":6},"end":{"line":135,"column":30}},"63":{"start":{"line":140,"column":27},"end":{"line":166,"column":9}},"64":{"start":{"line":141,"column":8},"end":{"line":165,"column":37}},"65":{"start":{"line":142,"column":10},"end":{"line":164,"column":11}},"66":{"start":{"line":142,"column":20},"end":{"line":164,"column":11}},"67":{"start":{"line":144,"column":14},"end":{"line":144,"column":33}},"68":{"start":{"line":145,"column":14},"end":{"line":145,"column":33}},"69":{"start":{"line":146,"column":14},"end":{"line":146,"column":79}},"70":{"start":{"line":148,"column":14},"end":{"line":151,"column":17}},"71":{"start":{"line":152,"column":14},"end":{"line":152,"column":33}},"72":{"start":{"line":153,"column":14},"end":{"line":153,"column":20}},"73":{"start":{"line":155,"column":14},"end":{"line":155,"column":33}},"74":{"start":{"line":156,"column":14},"end":{"line":156,"column":51}},"75":{"start":{"line":157,"column":14},"end":{"line":160,"column":17}},"76":{"start":{"line":163,"column":14},"end":{"line":163,"column":38}},"77":{"start":{"line":168,"column":8},"end":{"line":168,"column":53}},"78":{"start":{"line":170,"column":6},"end":{"line":170,"column":27}},"79":{"start":{"line":173,"column":2},"end":{"line":173,"column":27}},"80":{"start":{"line":175,"column":15},"end":{"line":175,"column":32}},"81":{"start":{"line":176,"column":0},"end":{"line":176,"column":30}}},"fnMap":{"0":{"name":"(anonymous_0)","decl":{"start":{"line":13,"column":37},"end":{"line":13,"column":38}},"loc":{"start":{"line":13,"column":49},"end":{"line":174,"column":1}},"line":13},"1":{"name":"ContactController","decl":{"start":{"line":14,"column":11},"end":{"line":14,"column":28}},"loc":{"start":{"line":14,"column":31},"end":{"line":16,"column":3}},"line":14},"2":{"name":"(anonymous_2)","decl":{"start":{"line":19,"column":11},"end":{"line":19,"column":12}},"loc":{"start":{"line":19,"column":23},"end":{"line":58,"column":5}},"line":19},"3":{"name":"_callee","decl":{"start":{"line":20,"column":114},"end":{"line":20,"column":121}},"loc":{"start":{"line":20,"column":132},"end":{"line":53,"column":7}},"line":20},"4":{"name":"_callee$","decl":{"start":{"line":22,"column":53},"end":{"line":22,"column":61}},"loc":{"start":{"line":22,"column":72},"end":{"line":52,"column":9}},"line":22},"5":{"name":"createMessage","decl":{"start":{"line":54,"column":15},"end":{"line":54,"column":28}},"loc":{"start":{"line":54,"column":38},"end":{"line":56,"column":7}},"line":54},"6":{"name":"(anonymous_6)","decl":{"start":{"line":61,"column":11},"end":{"line":61,"column":12}},"loc":{"start":{"line":61,"column":23},"end":{"line":97,"column":5}},"line":61},"7":{"name":"_callee2","decl":{"start":{"line":62,"column":112},"end":{"line":62,"column":120}},"loc":{"start":{"line":62,"column":131},"end":{"line":92,"column":7}},"line":62},"8":{"name":"_callee2$","decl":{"start":{"line":64,"column":53},"end":{"line":64,"column":62}},"loc":{"start":{"line":64,"column":74},"end":{"line":91,"column":9}},"line":64},"9":{"name":"getMessages","decl":{"start":{"line":93,"column":15},"end":{"line":93,"column":26}},"loc":{"start":{"line":93,"column":37},"end":{"line":95,"column":7}},"line":93},"10":{"name":"(anonymous_10)","decl":{"start":{"line":100,"column":11},"end":{"line":100,"column":12}},"loc":{"start":{"line":100,"column":23},"end":{"line":136,"column":5}},"line":100},"11":{"name":"_callee3","decl":{"start":{"line":101,"column":117},"end":{"line":101,"column":125}},"loc":{"start":{"line":101,"column":136},"end":{"line":131,"column":7}},"line":101},"12":{"name":"_callee3$","decl":{"start":{"line":103,"column":53},"end":{"line":103,"column":62}},"loc":{"start":{"line":103,"column":74},"end":{"line":130,"column":9}},"line":103},"13":{"name":"getSingleMessage","decl":{"start":{"line":132,"column":15},"end":{"line":132,"column":31}},"loc":{"start":{"line":132,"column":42},"end":{"line":134,"column":7}},"line":132},"14":{"name":"(anonymous_14)","decl":{"start":{"line":139,"column":11},"end":{"line":139,"column":12}},"loc":{"start":{"line":139,"column":23},"end":{"line":171,"column":5}},"line":139},"15":{"name":"_callee4","decl":{"start":{"line":140,"column":114},"end":{"line":140,"column":122}},"loc":{"start":{"line":140,"column":133},"end":{"line":166,"column":7}},"line":140},"16":{"name":"_callee4$","decl":{"start":{"line":141,"column":53},"end":{"line":141,"column":62}},"loc":{"start":{"line":141,"column":74},"end":{"line":165,"column":9}},"line":141},"17":{"name":"deleteMessage","decl":{"start":{"line":167,"column":15},"end":{"line":167,"column":28}},"loc":{"start":{"line":167,"column":39},"end":{"line":169,"column":7}},"line":167}},"branchMap":{"0":{"loc":{"start":{"line":23,"column":20},"end":{"line":51,"column":11}},"type":"switch","locations":[{"start":{"line":24,"column":12},"end":{"line":32,"column":36}},{"start":{"line":33,"column":12},"end":{"line":40,"column":20}},{"start":{"line":41,"column":12},"end":{"line":47,"column":17}},{"start":{"line":48,"column":12},"end":{"line":48,"column":20}},{"start":{"line":49,"column":12},"end":{"line":50,"column":37}}],"line":23},"1":{"loc":{"start":{"line":65,"column":20},"end":{"line":90,"column":11}},"type":"switch","locations":[{"start":{"line":66,"column":12},"end":{"line":69,"column":53}},{"start":{"line":70,"column":12},"end":{"line":79,"column":20}},{"start":{"line":80,"column":12},"end":{"line":86,"column":17}},{"start":{"line":87,"column":12},"end":{"line":87,"column":20}},{"start":{"line":88,"column":12},"end":{"line":89,"column":38}}],"line":65},"2":{"loc":{"start":{"line":104,"column":20},"end":{"line":129,"column":11}},"type":"switch","locations":[{"start":{"line":105,"column":12},"end":{"line":108,"column":68}},{"start":{"line":109,"column":12},"end":{"line":118,"column":20}},{"start":{"line":119,"column":12},"end":{"line":125,"column":17}},{"start":{"line":126,"column":12},"end":{"line":126,"column":20}},{"start":{"line":127,"column":12},"end":{"line":128,"column":38}}],"line":104},"3":{"loc":{"start":{"line":142,"column":20},"end":{"line":164,"column":11}},"type":"switch","locations":[{"start":{"line":143,"column":12},"end":{"line":146,"column":79}},{"start":{"line":147,"column":12},"end":{"line":153,"column":20}},{"start":{"line":154,"column":12},"end":{"line":160,"column":17}},{"start":{"line":161,"column":12},"end":{"line":161,"column":19}},{"start":{"line":162,"column":12},"end":{"line":163,"column":38}}],"line":142}},"s":{"0":1,"1":1,"2":1,"3":1,"4":1,"5":1,"6":1,"7":1,"8":1,"9":0,"10":1,"11":1,"12":0,"13":0,"14":0,"15":0,"16":0,"17":0,"18":0,"19":0,"20":0,"21":0,"22":0,"23":0,"24":0,"25":0,"26":0,"27":0,"28":1,"29":1,"30":0,"31":0,"32":0,"33":0,"34":0,"35":0,"36":0,"37":0,"38":0,"39":0,"40":0,"41":0,"42":0,"43":0,"44":0,"45":1,"46":1,"47":0,"48":0,"49":0,"50":0,"51":0,"52":0,"53":0,"54":0,"55":0,"56":0,"57":0,"58":0,"59":0,"60":0,"61":0,"62":1,"63":1,"64":0,"65":0,"66":0,"67":0,"68":0,"69":0,"70":0,"71":0,"72":0,"73":0,"74":0,"75":0,"76":0,"77":0,"78":1,"79":1,"80":1,"81":1},"f":{"0":1,"1":0,"2":1,"3":0,"4":0,"5":0,"6":1,"7":0,"8":0,"9":0,"10":1,"11":0,"12":0,"13":0,"14":1,"15":0,"16":0,"17":0},"b":{"0":[0,0,0,0,0],"1":[0,0,0,0,0],"2":[0,0,0,0,0],"3":[0,0,0,0,0]},"inputSourceMap":{"version":3,"names":["ContactController","req","res","message","Message","names","body","email","save","status","json","console","log","find","messages","data","findOne","param","id","findByIdAndDelete","params"],"sourceRoot":"/home/patsicko/Desktop/my-brand-patrick/server/my-brand-bakend/src/controller/","sources":["ContactController.js"],"sourcesContent":["import Message from \"../model/ContactModel\";\n\nclass ContactController {\n\n    static async createMessage(req, res) {\n        try {\n          const message = new Message({\n            names:req.body.names,\n            email:req.body.email,\n            message:req.body.message,\n          });\n          await message.save();\n          res.status(201).json({\n            \"status\":\"success\",\n            \"post\":message\n          });\n          console.log(\"message created\");\n        } catch (error) {\n          res.status(401).json({\n            \"status\":\"error\",\n            \"message\":error.message\n          });\n        }\n      }\n      \n    static async getMessages(req,res) {\n      try {\n     const messages=await Message.find();\n     res.status(200).json({\n      status:\"success\",\n      data:{\n        \"posts\":messages\n      }\n    })\n      }catch (error){\n          res.status(404).json({\n            \"status\":\"error\",\n            \"message\":error.message\n          });\n      }\n  }\n\n\n  static async getSingleMessage(req,res) {\n    try {\n   const message=await Message.findOne(req.param.id);\n\n   res.status(200).json({\n    \"status\":\"success\",\n    \"data\":{\n      \"post\":message\n    }\n   })\n    }catch (error){\n        res.status(404).json({\n          \"status\":\"error\",\n          \"message\":error.message\n        });\n    }\n}\n\n\n  static async deleteMessage(req,res){\n    try{\n     \n      await Message.findByIdAndDelete(req.params.id);\n        res.status(200).json({\n          \"status\":\"success\",\n          \"message\":\"message deleted\"\n        })\n      \n      \n    }catch(error){\n      res.status(404).json({\n        \"status\":\"error\",\n        \"message\":error.message\n      })\n    }\n  }\n\n\n}\n\n\nexport default ContactController;"],"mappings":";;;;;;;;;;;AAAA;AAA4C,IAEtCA,iBAAiB;EAAA;IAAA;EAAA;EAAA;IAAA;IAAA;MAAA,mGAEnB,iBAA2BC,GAAG,EAAEC,GAAG;QAAA;QAAA;UAAA;YAAA;cAAA;cAEvBC,OAAO,GAAG,IAAIC,wBAAO,CAAC;gBAC1BC,KAAK,EAACJ,GAAG,CAACK,IAAI,CAACD,KAAK;gBACpBE,KAAK,EAACN,GAAG,CAACK,IAAI,CAACC,KAAK;gBACpBJ,OAAO,EAACF,GAAG,CAACK,IAAI,CAACH;cACnB,CAAC,CAAC;cAAA;cAAA,OACIA,OAAO,CAACK,IAAI,EAAE;YAAA;cACpBN,GAAG,CAACO,MAAM,CAAC,GAAG,CAAC,CAACC,IAAI,CAAC;gBACnB,QAAQ,EAAC,SAAS;gBAClB,MAAM,EAACP;cACT,CAAC,CAAC;cACFQ,OAAO,CAACC,GAAG,CAAC,iBAAiB,CAAC;cAAC;cAAA;YAAA;cAAA;cAAA;cAE/BV,GAAG,CAACO,MAAM,CAAC,GAAG,CAAC,CAACC,IAAI,CAAC;gBACnB,QAAQ,EAAC,OAAO;gBAChB,SAAS,EAAC,YAAMP;cAClB,CAAC,CAAC;YAAC;YAAA;cAAA;UAAA;QAAA;MAAA,CAEN;MAAA;QAAA;MAAA;MAAA;IAAA;EAAA;IAAA;IAAA;MAAA,iGAEH,kBAAyBF,GAAG,EAACC,GAAG;QAAA;QAAA;UAAA;YAAA;cAAA;cAAA;cAAA,OAEVE,wBAAO,CAACS,IAAI,EAAE;YAAA;cAA7BC,QAAQ;cACdZ,GAAG,CAACO,MAAM,CAAC,GAAG,CAAC,CAACC,IAAI,CAAC;gBACpBD,MAAM,EAAC,SAAS;gBAChBM,IAAI,EAAC;kBACH,OAAO,EAACD;gBACV;cACF,CAAC,CAAC;cAAA;cAAA;YAAA;cAAA;cAAA;cAEIZ,GAAG,CAACO,MAAM,CAAC,GAAG,CAAC,CAACC,IAAI,CAAC;gBACnB,QAAQ,EAAC,OAAO;gBAChB,SAAS,EAAC,aAAMP;cAClB,CAAC,CAAC;YAAC;YAAA;cAAA;UAAA;QAAA;MAAA,CAEV;MAAA;QAAA;MAAA;MAAA;IAAA;EAAA;IAAA;IAAA;MAAA,sGAGD,kBAA8BF,GAAG,EAACC,GAAG;QAAA;QAAA;UAAA;YAAA;cAAA;cAAA;cAAA,OAEhBE,wBAAO,CAACY,OAAO,CAACf,GAAG,CAACgB,KAAK,CAACC,EAAE,CAAC;YAAA;cAA3Cf,OAAO;cAEbD,GAAG,CAACO,MAAM,CAAC,GAAG,CAAC,CAACC,IAAI,CAAC;gBACpB,QAAQ,EAAC,SAAS;gBAClB,MAAM,EAAC;kBACL,MAAM,EAACP;gBACT;cACD,CAAC,CAAC;cAAA;cAAA;YAAA;cAAA;cAAA;cAEGD,GAAG,CAACO,MAAM,CAAC,GAAG,CAAC,CAACC,IAAI,CAAC;gBACnB,QAAQ,EAAC,OAAO;gBAChB,SAAS,EAAC,aAAMP;cAClB,CAAC,CAAC;YAAC;YAAA;cAAA;UAAA;QAAA;MAAA,CAEV;MAAA;QAAA;MAAA;MAAA;IAAA;EAAA;IAAA;IAAA;MAAA,mGAGC,kBAA2BF,GAAG,EAACC,GAAG;QAAA;UAAA;YAAA;cAAA;cAAA;cAAA,OAGxBE,wBAAO,CAACe,iBAAiB,CAAClB,GAAG,CAACmB,MAAM,CAACF,EAAE,CAAC;YAAA;cAC5ChB,GAAG,CAACO,MAAM,CAAC,GAAG,CAAC,CAACC,IAAI,CAAC;gBACnB,QAAQ,EAAC,SAAS;gBAClB,SAAS,EAAC;cACZ,CAAC,CAAC;cAAA;cAAA;YAAA;cAAA;cAAA;cAIJR,GAAG,CAACO,MAAM,CAAC,GAAG,CAAC,CAACC,IAAI,CAAC;gBACnB,QAAQ,EAAC,OAAO;gBAChB,SAAS,EAAC,aAAMP;cAClB,CAAC,CAAC;YAAA;YAAA;cAAA;UAAA;QAAA;MAAA,CAEL;MAAA;QAAA;MAAA;MAAA;IAAA;EAAA;EAAA;AAAA;AAAA,eAMYH,iBAAiB;AAAA"},"_coverageSchema":"1a1c01bbd47fc00a2c39e90264f33305004495a9","hash":"9d8cda34784860a682d5d0043c987f06f8b60d63","contentHash":"2a59c8f59d0f14b8d4b3bb1301abb14e1dd4c01722b81726b87c3e3077a83a16"},"/home/patsicko/Desktop/my-brand-patrick/server/my-brand-bakend/src/model/ContactModel.js":{"path":"/home/patsicko/Desktop/my-brand-patrick/server/my-brand-bakend/src/model/ContactModel.js","statementMap":{"0":{"start":{"line":3,"column":29},"end":{"line":3,"column":84}},"1":{"start":{"line":4,"column":0},"end":{"line":6,"column":3}},"2":{"start":{"line":7,"column":0},"end":{"line":7,"column":28}},"3":{"start":{"line":8,"column":16},"end":{"line":8,"column":59}},"4":{"start":{"line":9,"column":21},"end":{"line":22,"column":2}},"5":{"start":{"line":23,"column":14},"end":{"line":23,"column":75}},"6":{"start":{"line":24,"column":15},"end":{"line":24,"column":22}},"7":{"start":{"line":25,"column":0},"end":{"line":25,"column":30}}},"fnMap":{},"branchMap":{},"s":{"0":1,"1":1,"2":1,"3":1,"4":1,"5":1,"6":1,"7":1},"f":{},"b":{},"inputSourceMap":{"version":3,"names":["ContactMessage","mongoose","Schema","names","type","String","required","email","message","Message","model"],"sourceRoot":"/home/patsicko/Desktop/my-brand-patrick/server/my-brand-bakend/src/model/","sources":["ContactModel.js"],"sourcesContent":["import mongoose from \"mongoose\";\n\nconst ContactMessage=mongoose.Schema({\n\n    names:{\n        type:String,\n        required:true\n    },\n   \n    email:{\n        type:String,\n        required:true,\n        \n    },\n    message: {\n        type:String,\n        required:true\n    }\n\n \n});\n\nconst Message=mongoose.model('Contact_message',ContactMessage);\n\nexport default Message;"],"mappings":";;;;;;;AAAA;AAEA,IAAMA,cAAc,GAACC,oBAAQ,CAACC,MAAM,CAAC;EAEjCC,KAAK,EAAC;IACFC,IAAI,EAACC,MAAM;IACXC,QAAQ,EAAC;EACb,CAAC;EAEDC,KAAK,EAAC;IACFH,IAAI,EAACC,MAAM;IACXC,QAAQ,EAAC;EAEb,CAAC;EACDE,OAAO,EAAE;IACLJ,IAAI,EAACC,MAAM;IACXC,QAAQ,EAAC;EACb;AAGJ,CAAC,CAAC;AAEF,IAAMG,OAAO,GAACR,oBAAQ,CAACS,KAAK,CAAC,iBAAiB,EAACV,cAAc,CAAC;AAAC,eAEhDS,OAAO;AAAA"},"_coverageSchema":"1a1c01bbd47fc00a2c39e90264f33305004495a9","hash":"6164a020a9b9de6df29129e36b3f8d13592ad3a3","contentHash":"f5af10e78b65640fccf2ce610b632fd78faa8dba59ead43b4108e49b1b941f61"},"/home/patsicko/Desktop/my-brand-patrick/server/my-brand-bakend/src/routes/apis/blogRoute.js":{"path":"/home/patsicko/Desktop/my-brand-patrick/server/my-brand-bakend/src/routes/apis/blogRoute.js","statementMap":{"0":{"start":{"line":3,"column":29},"end":{"line":3,"column":84}},"1":{"start":{"line":4,"column":0},"end":{"line":6,"column":3}},"2":{"start":{"line":7,"column":0},"end":{"line":7,"column":28}},"3":{"start":{"line":8,"column":15},"end":{"line":8,"column":57}},"4":{"start":{"line":9,"column":22},"end":{"line":9,"column":88}},"5":{"start":{"line":10,"column":14},"end":{"line":10,"column":70}},"6":{"start":{"line":11,"column":20},"end":{"line":11,"column":84}},"7":{"start":{"line":12,"column":20},"end":{"line":12,"column":84}},"8":{"start":{"line":13,"column":15},"end":{"line":13,"column":50}},"9":{"start":{"line":14,"column":16},"end":{"line":14,"column":44}},"10":{"start":{"line":15,"column":0},"end":{"line":15,"column":206}},"11":{"start":{"line":16,"column":0},"end":{"line":16,"column":71}},"12":{"start":{"line":17,"column":0},"end":{"line":17,"column":77}},"13":{"start":{"line":18,"column":0},"end":{"line":18,"column":98}},"14":{"start":{"line":19,"column":0},"end":{"line":19,"column":138}},"15":{"start":{"line":20,"column":15},"end":{"line":20,"column":24}},"16":{"start":{"line":21,"column":0},"end":{"line":21,"column":30}}},"fnMap":{},"branchMap":{},"s":{"0":1,"1":1,"2":1,"3":1,"4":1,"5":1,"6":1,"7":1,"8":1,"9":1,"10":1,"11":1,"12":1,"13":1,"14":1,"15":1,"16":1},"f":{},"b":{},"inputSourceMap":{"version":3,"names":["BlogRoute","Express","Router","post","verifyToken","findUserById","isAdmin","upload","single","validateBlog","BlogController","createBlog","get","retrieveBlogAll","retrieveBlogSingle","deleteBlog","put","updateBlog"],"sourceRoot":"/home/patsicko/Desktop/my-brand-patrick/server/my-brand-bakend/src/routes/apis/","sources":["blogRoute.js"],"sourcesContent":["import Express from \"express\";\nimport BlogController from \"../../controller/blogController\";\nimport upload from \"../../uploader/multer\";\nimport validateBlog from \"../../middleware/blogValidate\";\nimport  verifyToken  from \"../../middleware/authenticate\";\nimport {isAdmin,findUserById} from \"../../middleware/isAdmin\";\n\nconst BlogRoute=Express.Router();\n\nBlogRoute.post(\"/createBlog/:id\",verifyToken,findUserById,isAdmin,upload.single('blogImage'),validateBlog,BlogController.createBlog);\nBlogRoute.get(\"/getBlogs\",BlogController.retrieveBlogAll);\nBlogRoute.get(\"/getBlog/:id\",BlogController.retrieveBlogSingle);\nBlogRoute.get(\"/deleteBlog/:id\",verifyToken,BlogController.deleteBlog);\nBlogRoute.put(\"/updateBlog/:id\",upload.single('blogImage'),validateBlog,BlogController.updateBlog);\n\n\n\nexport default BlogRoute"],"mappings":";;;;;;;AAAA;AACA;AACA;AACA;AACA;AACA;AAEA,IAAMA,SAAS,GAACC,mBAAO,CAACC,MAAM,EAAE;AAEhCF,SAAS,CAACG,IAAI,CAAC,iBAAiB,EAACC,wBAAW,EAACC,qBAAY,EAACC,gBAAO,EAACC,kBAAM,CAACC,MAAM,CAAC,WAAW,CAAC,EAACC,wBAAY,EAACC,0BAAc,CAACC,UAAU,CAAC;AACpIX,SAAS,CAACY,GAAG,CAAC,WAAW,EAACF,0BAAc,CAACG,eAAe,CAAC;AACzDb,SAAS,CAACY,GAAG,CAAC,cAAc,EAACF,0BAAc,CAACI,kBAAkB,CAAC;AAC/Dd,SAAS,CAACY,GAAG,CAAC,iBAAiB,EAACR,wBAAW,EAACM,0BAAc,CAACK,UAAU,CAAC;AACtEf,SAAS,CAACgB,GAAG,CAAC,iBAAiB,EAACT,kBAAM,CAACC,MAAM,CAAC,WAAW,CAAC,EAACC,wBAAY,EAACC,0BAAc,CAACO,UAAU,CAAC;AAAC,eAIpFjB,SAAS;AAAA"},"_coverageSchema":"1a1c01bbd47fc00a2c39e90264f33305004495a9","hash":"385eac84396a0afd9c2a3fbbc0544e39a382a3a8","contentHash":"4fe2c60d89b852b9079810a22a43efa67476d086452c56d1ea4fbee7644f093b"},"/home/patsicko/Desktop/my-brand-patrick/server/my-brand-bakend/src/controller/blogController.js":{"path":"/home/patsicko/Desktop/my-brand-patrick/server/my-brand-bakend/src/controller/blogController.js","statementMap":{"0":{"start":{"line":3,"column":29},"end":{"line":3,"column":84}},"1":{"start":{"line":4,"column":0},"end":{"line":6,"column":3}},"2":{"start":{"line":7,"column":0},"end":{"line":7,"column":28}},"3":{"start":{"line":8,"column":19},"end":{"line":8,"column":80}},"4":{"start":{"line":9,"column":25},"end":{"line":9,"column":99}},"5":{"start":{"line":10,"column":23},"end":{"line":10,"column":95}},"6":{"start":{"line":11,"column":20},"end":{"line":11,"column":89}},"7":{"start":{"line":12,"column":17},"end":{"line":12,"column":70}},"8":{"start":{"line":13,"column":18},"end":{"line":13,"column":75}},"9":{"start":{"line":14,"column":34},"end":{"line":235,"column":3}},"10":{"start":{"line":16,"column":4},"end":{"line":16,"column":59}},"11":{"start":{"line":18,"column":2},"end":{"line":233,"column":6}},"12":{"start":{"line":21,"column":24},"end":{"line":58,"column":9}},"13":{"start":{"line":23,"column":8},"end":{"line":57,"column":37}},"14":{"start":{"line":24,"column":10},"end":{"line":56,"column":11}},"15":{"start":{"line":24,"column":20},"end":{"line":56,"column":11}},"16":{"start":{"line":26,"column":14},"end":{"line":26,"column":32}},"17":{"start":{"line":27,"column":14},"end":{"line":27,"column":32}},"18":{"start":{"line":28,"column":14},"end":{"line":28,"column":75}},"19":{"start":{"line":30,"column":14},"end":{"line":30,"column":37}},"20":{"start":{"line":31,"column":14},"end":{"line":37,"column":17}},"21":{"start":{"line":38,"column":14},"end":{"line":38,"column":32}},"22":{"start":{"line":39,"column":14},"end":{"line":39,"column":33}},"23":{"start":{"line":42,"column":14},"end":{"line":42,"column":41}},"24":{"start":{"line":43,"column":14},"end":{"line":43,"column":54}},"25":{"start":{"line":44,"column":14},"end":{"line":44,"column":33}},"26":{"start":{"line":45,"column":14},"end":{"line":45,"column":20}},"27":{"start":{"line":47,"column":14},"end":{"line":47,"column":33}},"28":{"start":{"line":48,"column":14},"end":{"line":48,"column":49}},"29":{"start":{"line":49,"column":14},"end":{"line":52,"column":17}},"30":{"start":{"line":55,"column":14},"end":{"line":55,"column":37}},"31":{"start":{"line":60,"column":8},"end":{"line":60,"column":50}},"32":{"start":{"line":62,"column":6},"end":{"line":62,"column":24}},"33":{"start":{"line":67,"column":29},"end":{"line":97,"column":9}},"34":{"start":{"line":69,"column":8},"end":{"line":96,"column":37}},"35":{"start":{"line":70,"column":10},"end":{"line":95,"column":11}},"36":{"start":{"line":70,"column":20},"end":{"line":95,"column":11}},"37":{"start":{"line":72,"column":14},"end":{"line":72,"column":33}},"38":{"start":{"line":73,"column":14},"end":{"line":73,"column":33}},"39":{"start":{"line":74,"column":14},"end":{"line":74,"column":50}},"40":{"start":{"line":76,"column":14},"end":{"line":76,"column":37}},"41":{"start":{"line":77,"column":14},"end":{"line":82,"column":17}},"42":{"start":{"line":83,"column":14},"end":{"line":83,"column":34}},"43":{"start":{"line":84,"column":14},"end":{"line":84,"column":20}},"44":{"start":{"line":86,"column":14},"end":{"line":86,"column":33}},"45":{"start":{"line":87,"column":14},"end":{"line":87,"column":51}},"46":{"start":{"line":88,"column":14},"end":{"line":91,"column":17}},"47":{"start":{"line":94,"column":14},"end":{"line":94,"column":38}},"48":{"start":{"line":99,"column":8},"end":{"line":99,"column":55}},"49":{"start":{"line":101,"column":6},"end":{"line":101,"column":29}},"50":{"start":{"line":106,"column":32},"end":{"line":136,"column":9}},"51":{"start":{"line":108,"column":8},"end":{"line":135,"column":37}},"52":{"start":{"line":109,"column":10},"end":{"line":134,"column":11}},"53":{"start":{"line":109,"column":20},"end":{"line":134,"column":11}},"54":{"start":{"line":111,"column":14},"end":{"line":111,"column":33}},"55":{"start":{"line":112,"column":14},"end":{"line":112,"column":33}},"56":{"start":{"line":113,"column":14},"end":{"line":113,"column":67}},"57":{"start":{"line":115,"column":14},"end":{"line":115,"column":36}},"58":{"start":{"line":116,"column":14},"end":{"line":121,"column":17}},"59":{"start":{"line":122,"column":14},"end":{"line":122,"column":34}},"60":{"start":{"line":123,"column":14},"end":{"line":123,"column":20}},"61":{"start":{"line":125,"column":14},"end":{"line":125,"column":33}},"62":{"start":{"line":126,"column":14},"end":{"line":126,"column":51}},"63":{"start":{"line":127,"column":14},"end":{"line":130,"column":17}},"64":{"start":{"line":133,"column":14},"end":{"line":133,"column":38}},"65":{"start":{"line":138,"column":8},"end":{"line":138,"column":58}},"66":{"start":{"line":140,"column":6},"end":{"line":140,"column":32}},"67":{"start":{"line":145,"column":24},"end":{"line":171,"column":9}},"68":{"start":{"line":146,"column":8},"end":{"line":170,"column":37}},"69":{"start":{"line":147,"column":10},"end":{"line":169,"column":11}},"70":{"start":{"line":147,"column":20},"end":{"line":169,"column":11}},"71":{"start":{"line":149,"column":14},"end":{"line":149,"column":33}},"72":{"start":{"line":150,"column":14},"end":{"line":150,"column":33}},"73":{"start":{"line":151,"column":14},"end":{"line":151,"column":76}},"74":{"start":{"line":153,"column":14},"end":{"line":156,"column":17}},"75":{"start":{"line":157,"column":14},"end":{"line":157,"column":33}},"76":{"start":{"line":158,"column":14},"end":{"line":158,"column":20}},"77":{"start":{"line":160,"column":14},"end":{"line":160,"column":33}},"78":{"start":{"line":161,"column":14},"end":{"line":161,"column":51}},"79":{"start":{"line":162,"column":14},"end":{"line":165,"column":17}},"80":{"start":{"line":168,"column":14},"end":{"line":168,"column":38}},"81":{"start":{"line":173,"column":8},"end":{"line":173,"column":50}},"82":{"start":{"line":175,"column":6},"end":{"line":175,"column":24}},"83":{"start":{"line":180,"column":24},"end":{"line":227,"column":9}},"84":{"start":{"line":182,"column":8},"end":{"line":226,"column":38}},"85":{"start":{"line":183,"column":10},"end":{"line":225,"column":11}},"86":{"start":{"line":183,"column":20},"end":{"line":225,"column":11}},"87":{"start":{"line":185,"column":14},"end":{"line":185,"column":33}},"88":{"start":{"line":186,"column":14},"end":{"line":186,"column":33}},"89":{"start":{"line":187,"column":14},"end":{"line":187,"column":67}},"90":{"start":{"line":189,"column":14},"end":{"line":189,"column":36}},"91":{"start":{"line":190,"column":14},"end":{"line":190,"column":33}},"92":{"start":{"line":191,"column":14},"end":{"line":191,"column":77}},"93":{"start":{"line":193,"column":14},"end":{"line":193,"column":33}},"94":{"start":{"line":194,"column":14},"end":{"line":194,"column":75}},"95":{"start":{"line":196,"column":14},"end":{"line":196,"column":38}},"96":{"start":{"line":197,"column":14},"end":{"line":197,"column":34}},"97":{"start":{"line":198,"column":14},"end":{"line":207,"column":17}},"98":{"start":{"line":209,"column":14},"end":{"line":209,"column":43}},"99":{"start":{"line":210,"column":14},"end":{"line":213,"column":17}},"100":{"start":{"line":214,"column":14},"end":{"line":214,"column":34}},"101":{"start":{"line":215,"column":14},"end":{"line":215,"column":20}},"102":{"start":{"line":217,"column":14},"end":{"line":217,"column":34}},"103":{"start":{"line":218,"column":14},"end":{"line":218,"column":51}},"104":{"start":{"line":219,"column":14},"end":{"line":221,"column":17}},"105":{"start":{"line":224,"column":14},"end":{"line":224,"column":38}},"106":{"start":{"line":229,"column":8},"end":{"line":229,"column":50}},"107":{"start":{"line":231,"column":6},"end":{"line":231,"column":24}},"108":{"start":{"line":234,"column":2},"end":{"line":234,"column":24}},"109":{"start":{"line":236,"column":15},"end":{"line":236,"column":29}},"110":{"start":{"line":237,"column":0},"end":{"line":237,"column":30}}},"fnMap":{"0":{"name":"(anonymous_0)","decl":{"start":{"line":14,"column":34},"end":{"line":14,"column":35}},"loc":{"start":{"line":14,"column":46},"end":{"line":235,"column":1}},"line":14},"1":{"name":"BlogController","decl":{"start":{"line":15,"column":11},"end":{"line":15,"column":25}},"loc":{"start":{"line":15,"column":28},"end":{"line":17,"column":3}},"line":15},"2":{"name":"(anonymous_2)","decl":{"start":{"line":20,"column":11},"end":{"line":20,"column":12}},"loc":{"start":{"line":20,"column":23},"end":{"line":63,"column":5}},"line":20},"3":{"name":"_callee","decl":{"start":{"line":21,"column":111},"end":{"line":21,"column":118}},"loc":{"start":{"line":21,"column":129},"end":{"line":58,"column":7}},"line":21},"4":{"name":"_callee$","decl":{"start":{"line":23,"column":53},"end":{"line":23,"column":61}},"loc":{"start":{"line":23,"column":72},"end":{"line":57,"column":9}},"line":23},"5":{"name":"createBlog","decl":{"start":{"line":59,"column":15},"end":{"line":59,"column":25}},"loc":{"start":{"line":59,"column":35},"end":{"line":61,"column":7}},"line":59},"6":{"name":"(anonymous_6)","decl":{"start":{"line":66,"column":11},"end":{"line":66,"column":12}},"loc":{"start":{"line":66,"column":23},"end":{"line":102,"column":5}},"line":66},"7":{"name":"_callee2","decl":{"start":{"line":67,"column":116},"end":{"line":67,"column":124}},"loc":{"start":{"line":67,"column":135},"end":{"line":97,"column":7}},"line":67},"8":{"name":"_callee2$","decl":{"start":{"line":69,"column":53},"end":{"line":69,"column":62}},"loc":{"start":{"line":69,"column":74},"end":{"line":96,"column":9}},"line":69},"9":{"name":"retrieveBlogAll","decl":{"start":{"line":98,"column":15},"end":{"line":98,"column":30}},"loc":{"start":{"line":98,"column":41},"end":{"line":100,"column":7}},"line":98},"10":{"name":"(anonymous_10)","decl":{"start":{"line":105,"column":11},"end":{"line":105,"column":12}},"loc":{"start":{"line":105,"column":23},"end":{"line":141,"column":5}},"line":105},"11":{"name":"_callee3","decl":{"start":{"line":106,"column":119},"end":{"line":106,"column":127}},"loc":{"start":{"line":106,"column":138},"end":{"line":136,"column":7}},"line":106},"12":{"name":"_callee3$","decl":{"start":{"line":108,"column":53},"end":{"line":108,"column":62}},"loc":{"start":{"line":108,"column":74},"end":{"line":135,"column":9}},"line":108},"13":{"name":"retrieveBlogSingle","decl":{"start":{"line":137,"column":15},"end":{"line":137,"column":33}},"loc":{"start":{"line":137,"column":44},"end":{"line":139,"column":7}},"line":137},"14":{"name":"(anonymous_14)","decl":{"start":{"line":144,"column":11},"end":{"line":144,"column":12}},"loc":{"start":{"line":144,"column":23},"end":{"line":176,"column":5}},"line":144},"15":{"name":"_callee4","decl":{"start":{"line":145,"column":111},"end":{"line":145,"column":119}},"loc":{"start":{"line":145,"column":130},"end":{"line":171,"column":7}},"line":145},"16":{"name":"_callee4$","decl":{"start":{"line":146,"column":53},"end":{"line":146,"column":62}},"loc":{"start":{"line":146,"column":74},"end":{"line":170,"column":9}},"line":146},"17":{"name":"deleteBlog","decl":{"start":{"line":172,"column":15},"end":{"line":172,"column":25}},"loc":{"start":{"line":172,"column":36},"end":{"line":174,"column":7}},"line":172},"18":{"name":"(anonymous_18)","decl":{"start":{"line":179,"column":11},"end":{"line":179,"column":12}},"loc":{"start":{"line":179,"column":23},"end":{"line":232,"column":5}},"line":179},"19":{"name":"_callee5","decl":{"start":{"line":180,"column":111},"end":{"line":180,"column":119}},"loc":{"start":{"line":180,"column":130},"end":{"line":227,"column":7}},"line":180},"20":{"name":"_callee5$","decl":{"start":{"line":182,"column":53},"end":{"line":182,"column":62}},"loc":{"start":{"line":182,"column":74},"end":{"line":226,"column":9}},"line":182},"21":{"name":"updateBlog","decl":{"start":{"line":228,"column":15},"end":{"line":228,"column":25}},"loc":{"start":{"line":228,"column":37},"end":{"line":230,"column":7}},"line":228}},"branchMap":{"0":{"loc":{"start":{"line":24,"column":20},"end":{"line":56,"column":11}},"type":"switch","locations":[{"start":{"line":25,"column":12},"end":{"line":28,"column":75}},{"start":{"line":29,"column":12},"end":{"line":39,"column":33}},{"start":{"line":40,"column":12},"end":{"line":45,"column":20}},{"start":{"line":46,"column":12},"end":{"line":52,"column":17}},{"start":{"line":53,"column":12},"end":{"line":53,"column":20}},{"start":{"line":54,"column":12},"end":{"line":55,"column":37}}],"line":24},"1":{"loc":{"start":{"line":70,"column":20},"end":{"line":95,"column":11}},"type":"switch","locations":[{"start":{"line":71,"column":12},"end":{"line":74,"column":50}},{"start":{"line":75,"column":12},"end":{"line":84,"column":20}},{"start":{"line":85,"column":12},"end":{"line":91,"column":17}},{"start":{"line":92,"column":12},"end":{"line":92,"column":20}},{"start":{"line":93,"column":12},"end":{"line":94,"column":38}}],"line":70},"2":{"loc":{"start":{"line":109,"column":20},"end":{"line":134,"column":11}},"type":"switch","locations":[{"start":{"line":110,"column":12},"end":{"line":113,"column":67}},{"start":{"line":114,"column":12},"end":{"line":123,"column":20}},{"start":{"line":124,"column":12},"end":{"line":130,"column":17}},{"start":{"line":131,"column":12},"end":{"line":131,"column":20}},{"start":{"line":132,"column":12},"end":{"line":133,"column":38}}],"line":109},"3":{"loc":{"start":{"line":147,"column":20},"end":{"line":169,"column":11}},"type":"switch","locations":[{"start":{"line":148,"column":12},"end":{"line":151,"column":76}},{"start":{"line":152,"column":12},"end":{"line":158,"column":20}},{"start":{"line":159,"column":12},"end":{"line":165,"column":17}},{"start":{"line":166,"column":12},"end":{"line":166,"column":19}},{"start":{"line":167,"column":12},"end":{"line":168,"column":38}}],"line":147},"4":{"loc":{"start":{"line":183,"column":20},"end":{"line":225,"column":11}},"type":"switch","locations":[{"start":{"line":184,"column":12},"end":{"line":187,"column":67}},{"start":{"line":188,"column":12},"end":{"line":191,"column":77}},{"start":{"line":192,"column":12},"end":{"line":194,"column":75}},{"start":{"line":195,"column":12},"end":{"line":207,"column":17}},{"start":{"line":208,"column":12},"end":{"line":215,"column":20}},{"start":{"line":216,"column":12},"end":{"line":221,"column":17}},{"start":{"line":222,"column":12},"end":{"line":222,"column":20}},{"start":{"line":223,"column":12},"end":{"line":224,"column":38}}],"line":183}},"s":{"0":1,"1":1,"2":1,"3":1,"4":1,"5":1,"6":1,"7":1,"8":1,"9":1,"10":0,"11":1,"12":1,"13":0,"14":0,"15":0,"16":0,"17":0,"18":0,"19":0,"20":0,"21":0,"22":0,"23":0,"24":0,"25":0,"26":0,"27":0,"28":0,"29":0,"30":0,"31":0,"32":1,"33":1,"34":0,"35":0,"36":0,"37":0,"38":0,"39":0,"40":0,"41":0,"42":0,"43":0,"44":0,"45":0,"46":0,"47":0,"48":0,"49":1,"50":1,"51":0,"52":0,"53":0,"54":0,"55":0,"56":0,"57":0,"58":0,"59":0,"60":0,"61":0,"62":0,"63":0,"64":0,"65":0,"66":1,"67":1,"68":0,"69":0,"70":0,"71":0,"72":0,"73":0,"74":0,"75":0,"76
[...]
":9,"column":99}},"5":{"start":{"line":10,"column":23},"end":{"line":10,"column":95}},"6":{"start":{"line":11,"column":20},"end":{"line":11,"column":89}},"7":{"start":{"line":12,"column":17},"end":{"line":12,"column":70}},"8":{"start":{"line":13,"column":14},"end":{"line":13,"column":55}},"9":{"start":{"line":14,"column":20},"end":{"line":14,"column":67}},"10":{"start":{"line":15,"column":35},"end":{"line":73,"column":3}},"11":{"start":{"line":17,"column":4},"end":{"line":17,"column":60}},"12":{"start":{"line":19,"column":2},"end":{"line":71,"column":6}},"13":{"start":{"line":22,"column":25},"end":{"line":65,"column":9}},"14":{"start":{"line":24,"column":8},"end":{"line":64,"column":37}},"15":{"start":{"line":25,"column":10},"end":{"line":63,"column":11}},"16":{"start":{"line":25,"column":20},"end":{"line":63,"column":11}},"17":{"start":{"line":27,"column":14},"end":{"line":27,"column":32}},"18":{"start":{"line":28,"column":14},"end":{"line":28,"column":52}},"19":{"start":{"line":30,"column":14},"end":{"line":30,"column":35}},"20":{"start":{"line":31,"column":14},"end":{"line":31,"column":32}},"21":{"start":{"line":32,"column":14},"end":{"line":32,"column":70}},"22":{"start":{"line":34,"column":14},"end":{"line":34,"column":45}},"23":{"start":{"line":35,"column":14},"end":{"line":35,"column":32}},"24":{"start":{"line":36,"column":14},"end":{"line":42,"column":17}},"25":{"start":{"line":43,"column":14},"end":{"line":43,"column":33}},"26":{"start":{"line":44,"column":14},"end":{"line":44,"column":33}},"27":{"start":{"line":46,"column":14},"end":{"line":49,"column":17}},"28":{"start":{"line":50,"column":14},"end":{"line":50,"column":42}},"29":{"start":{"line":51,"column":14},"end":{"line":51,"column":33}},"30":{"start":{"line":52,"column":14},"end":{"line":52,"column":20}},"31":{"start":{"line":54,"column":14},"end":{"line":54,"column":33}},"32":{"start":{"line":55,"column":14},"end":{"line":55,"column":49}},"33":{"start":{"line":56,"column":14},"end":{"line":59,"column":17}},"34":{"start":{"line":62,"column":14},"end":{"line":62,"column":37}},"35":{"start":{"line":67,"column":8},"end":{"line":67,"column":51}},"36":{"start":{"line":69,"column":6},"end":{"line":69,"column":25}},"37":{"start":{"line":72,"column":2},"end":{"line":72,"column":25}},"38":{"start":{"line":74,"column":15},"end":{"line":74,"column":30}},"39":{"start":{"line":75,"column":0},"end":{"line":75,"column":30}}},"fnMap":{"0":{"name":"(anonymous_0)","decl":{"start":{"line":15,"column":35},"end":{"line":15,"column":36}},"loc":{"start":{"line":15,"column":47},"end":{"line":73,"column":1}},"line":15},"1":{"name":"adminController","decl":{"start":{"line":16,"column":11},"end":{"line":16,"column":26}},"loc":{"start":{"line":16,"column":29},"end":{"line":18,"column":3}},"line":16},"2":{"name":"(anonymous_2)","decl":{"start":{"line":21,"column":11},"end":{"line":21,"column":12}},"loc":{"start":{"line":21,"column":23},"end":{"line":70,"column":5}},"line":21},"3":{"name":"_callee","decl":{"start":{"line":22,"column":112},"end":{"line":22,"column":119}},"loc":{"start":{"line":22,"column":130},"end":{"line":65,"column":7}},"line":22},"4":{"name":"_callee$","decl":{"start":{"line":24,"column":53},"end":{"line":24,"column":61}},"loc":{"start":{"line":24,"column":72},"end":{"line":64,"column":9}},"line":24},"5":{"name":"createAdmin","decl":{"start":{"line":66,"column":15},"end":{"line":66,"column":26}},"loc":{"start":{"line":66,"column":36},"end":{"line":68,"column":7}},"line":66}},"branchMap":{"0":{"loc":{"start":{"line":25,"column":20},"end":{"line":63,"column":11}},"type":"switch","locations":[{"start":{"line":26,"column":12},"end":{"line":28,"column":52}},{"start":{"line":29,"column":12},"end":{"line":32,"column":70}},{"start":{"line":33,"column":12},"end":{"line":44,"column":33}},{"start":{"line":45,"column":12},"end":{"line":52,"column":20}},{"start":{"line":53,"column":12},"end":{"line":59,"column":17}},{"start":{"line":60,"column":12},"end":{"line":60,"column":20}},{"start":{"line":61,"column":12},"end":{"line":62,"column":37}}],"line":25}},"s":{"0":1,"1":1,"2":1,"3":1,"4":1,"5":1,"6":1,"7":1,"8":1,"9":1,"10":1,"11":0,"12":1,"13":1,"14":0,"15":0,"16":0,"17":0,"18":0,"19":0,"20":0,"21":0,"22":0,"23":0,"24":0,"25":0,"26":0,"27":0,"28":0,"29":0,"30":0,"31":0,"32":0,"33":0,"34":0,"35":0,"36":1,"37":1,"38":1,"39":1},"f":{"0":1,"1":0,"2":1,"3":0,"4":0,"5":0},"b":{"0":[0,0,0,0,0,0,0]},"inputSourceMap":{"version":3,"names":["adminController","req","res","bcrypt","genSalt","salt","hash","body","password","hashedPassword","user","User","fname","lname","email","role","save","status","json","console","log","message"],"sourceRoot":"/home/patsicko/Desktop/my-brand-patrick/server/my-brand-bakend/src/controller/","sources":["adminController.js"],"sourcesContent":["import User from \"../model/userModel\";\nimport bcrypt from \"bcrypt\";\nimport jwt from \"jsonwebtoken\";\n\n\nclass adminController {\n\n\n    static async createAdmin(req, res) {\n        const salt = await bcrypt.genSalt(10);\n        const hashedPassword = await bcrypt.hash(req.body.password, salt);\n          try {\n            const user = new User({\n              fname:req.body.fname,\n              lname:req.body.lname,\n              email:req.body.email,\n              password:hashedPassword,\n              role:\"admin\"\n            });\n            await user.save();\n            res.status(201).json({\n              \"status\":\"success\",\n              \"post\":user\n  \n            });\n            console.log(\"user created\");\n          } catch (error) {\n            res.status(401).json({\n              \"status\":\"error\",\n              \"message\":error.message\n            });\n          }\n        }\n}\n\nexport default adminController;"],"mappings":";;;;;;;;;;;AAAA;AACA;AACA;AAA+B,IAGzBA,eAAe;EAAA;IAAA;EAAA;EAAA;IAAA;IAAA;MAAA,iGAGjB,iBAAyBC,GAAG,EAAEC,GAAG;QAAA;QAAA;UAAA;YAAA;cAAA;cAAA,OACVC,kBAAM,CAACC,OAAO,CAAC,EAAE,CAAC;YAAA;cAA/BC,IAAI;cAAA;cAAA,OACmBF,kBAAM,CAACG,IAAI,CAACL,GAAG,CAACM,IAAI,CAACC,QAAQ,EAAEH,IAAI,CAAC;YAAA;cAA3DI,cAAc;cAAA;cAEVC,IAAI,GAAG,IAAIC,qBAAI,CAAC;gBACpBC,KAAK,EAACX,GAAG,CAACM,IAAI,CAACK,KAAK;gBACpBC,KAAK,EAACZ,GAAG,CAACM,IAAI,CAACM,KAAK;gBACpBC,KAAK,EAACb,GAAG,CAACM,IAAI,CAACO,KAAK;gBACpBN,QAAQ,EAACC,cAAc;gBACvBM,IAAI,EAAC;cACP,CAAC,CAAC;cAAA;cAAA,OACIL,IAAI,CAACM,IAAI,EAAE;YAAA;cACjBd,GAAG,CAACe,MAAM,CAAC,GAAG,CAAC,CAACC,IAAI,CAAC;gBACnB,QAAQ,EAAC,SAAS;gBAClB,MAAM,EAACR;cAET,CAAC,CAAC;cACFS,OAAO,CAACC,GAAG,CAAC,cAAc,CAAC;cAAC;cAAA;YAAA;cAAA;cAAA;cAE5BlB,GAAG,CAACe,MAAM,CAAC,GAAG,CAAC,CAACC,IAAI,CAAC;gBACnB,QAAQ,EAAC,OAAO;gBAChB,SAAS,EAAC,YAAMG;cAClB,CAAC,CAAC;YAAC;YAAA;cAAA;UAAA;QAAA;MAAA,CAEN;MAAA;QAAA;MAAA;MAAA;IAAA;EAAA;EAAA;AAAA;AAAA,eAGMrB,eAAe;AAAA"},"_coverageSchema":"1a1c01bbd47fc00a2c39e90264f33305004495a9","hash":"ddf719cc1c5857b6e16fbc5d1ff3ff81f7ea6f56","contentHash":"7580be94135d7bd94a8734fdc8be6d0a87d656663626ca5241fb99cd3a5f58da"},"/home/patsicko/Desktop/my-brand-patrick/server/my-brand-bakend/src/documentations.js":{"path":"/home/patsicko/Desktop/my-brand-patrick/server/my-brand-bakend/src/documentations.js","statementMap":{"0":{"start":{"line":3,"column":29},"end":{"line":3,"column":84}},"1":{"start":{"line":4,"column":0},"end":{"line":6,"column":3}},"2":{"start":{"line":7,"column":0},"end":{"line":7,"column":28}},"3":{"start":{"line":8,"column":23},"end":{"line":8,"column":95}},"4":{"start":{"line":9,"column":12},"end":{"line":9,"column":69}},"5":{"start":{"line":10,"column":54},"end":{"line":10,"column":73}},"6":{"start":{"line":10,"column":75},"end":{"line":10,"column":326}},"7":{"start":{"line":10,"column":125},"end":{"line":10,"column":161}},"8":{"start":{"line":10,"column":163},"end":{"line":10,"column":324}},"9":{"start":{"line":10,"column":224},"end":{"line":10,"column":287}},"10":{"start":{"line":10,"column":327},"end":{"line":10,"column":339}},"11":{"start":{"line":11,"column":33},"end":{"line":11,"column":506}},"12":{"start":{"line":11,"column":46},"end":{"line":11,"column":47}},"13":{"start":{"line":11,"column":91},"end":{"line":11,"column":131}},"14":{"start":{"line":11,"column":133},"end":{"line":11,"column":504}},"15":{"start":{"line":11,"column":194},"end":{"line":11,"column":253}},"16":{"start":{"line":11,"column":419},"end":{"line":11,"column":500}},"17":{"start":{"line":11,"column":507},"end":{"line":11,"column":521}},"18":{"start":{"line":12,"column":28},"end":{"line":50,"column":1}},"19":{"start":{"line":51,"column":15},"end":{"line":51,"column":36}},"20":{"start":{"line":52,"column":0},"end":{"line":52,"column":30}}},"fnMap":{"0":{"name":"ownKeys","decl":{"start":{"line":10,"column":9},"end":{"line":10,"column":16}},"loc":{"start":{"line":10,"column":41},"end":{"line":10,"column":341}},"line":10},"1":{"name":"(anonymous_1)","decl":{"start":{"line":10,"column":207},"end":{"line":10,"column":208}},"loc":{"start":{"line":10,"column":222},"end":{"line":10,"column":289}},"line":10},"2":{"name":"_objectSpread","decl":{"start":{"line":11,"column":9},"end":{"line":11,"column":22}},"loc":{"start":{"line":11,"column":31},"end":{"line":11,"column":523}},"line":11},"3":{"name":"(anonymous_3)","decl":{"start":{"line":11,"column":177},"end":{"line":11,"column":178}},"loc":{"start":{"line":11,"column":192},"end":{"line":11,"column":255}},"line":11},"4":{"name":"(anonymous_4)","decl":{"start":{"line":11,"column":402},"end":{"line":11,"column":403}},"loc":{"start":{"line":11,"column":417},"end":{"line":11,"column":502}},"line":11}},"branchMap":{"0":{"loc":{"start":{"line":10,"column":75},"end":{"line":10,"column":326}},"type":"if","locations":[{"start":{"line":10,"column":75},"end":{"line":10,"column":326}},{"start":{"line":10,"column":75},"end":{"line":10,"column":326}}],"line":10},"1":{"loc":{"start":{"line":10,"column":163},"end":{"line":10,"column":291}},"type":"binary-expr","locations":[{"start":{"line":10,"column":163},"end":{"line":10,"column":177}},{"start":{"line":10,"column":182},"end":{"line":10,"column":290}}],"line":10},"2":{"loc":{"start":{"line":11,"column":91},"end":{"line":11,"column":131}},"type":"cond-expr","locations":[{"start":{"line":11,"column":114},"end":{"line":11,"column":126}},{"start":{"line":11,"column":129},"end":{"line":11,"column":131}}],"line":11},"3":{"loc":{"start":{"line":11,"column":133},"end":{"line":11,"column":503}},"type":"cond-expr","locations":[{"start":{"line":11,"column":141},"end":{"line":11,"column":256}},{"start":{"line":11,"column":259},"end":{"line":11,"column":503}}],"line":11},"4":{"loc":{"start":{"line":11,"column":259},"end":{"line":11,"column":503}},"type":"cond-expr","locations":[{"start":{"line":11,"column":294},"end":{"line":11,"column":367}},{"start":{"line":11,"column":370},"end":{"line":11,"column":503}}],"line":11}},"s":{"0":1,"1":1,"2":1,"3":1,"4":1,"5":1,"6":1,"7":1,"8":1,"9":0,"10":1,"11":1,"12":1,"13":1,"14":1,"15":3,"16":0,"17":1,"18":1,"19":1,"20":1},"f":{"0":1,"1":0,"2":1,"3":3,"4":0},"b":{"0":[1,0],"1":[1,1],"2":[1,0],"3":[1,0],"4":[0,0]},"inputSourceMap":{"version":3,"names":["swaggerDocumentations","openapi","info","title","version","description","contact","name","email","url","servers","components","securitySchemes","token","type","scheme","bearerFormat","tags","paths","userRouteDoc"],"sourceRoot":"/home/patsicko/Desktop/my-brand-patrick/server/my-brand-bakend/src/","sources":["documentations.js"],"sourcesContent":["import userRouteDoc from \"./routes/apis/user.doc\"\n\nconst swaggerDocumentations ={\n  openapi: \"3.0.0\",\n  info:{\n      title: \"MY BRAND API\",\n      version:\"0.1.0\",\n      description:\"This is the backend of my brand\"\n  },\n  contact:{\n        name:\"MANIBAHO Patrick\",\n        email:\"patsicko@gmail.com\",\n        url:\"https://github.com/patsicko\"\n  },\n  servers:[\n      {\n          url: \"http://localhost:3002\",\n          name:\"development server\"\n      },\n  ],\n  components: {\n      securitySchemes: {\n        token: {\n          type: 'apiKey',\n          scheme: 'bearer',\n          bearerFormat: 'JWT',\n          name:\"token\",\n          in:\"header\"\n        },\n      },\n    },\n\n\n  tags:[\n      {\n          name:\"Blogs\",\n          description:\"\"\n      },\n      {\n          name:\"Contact\",\n          description:\"\"\n      },\n      {\n          name:\"Users\",\n          description:\"\"\n      }\n  ],\n\n  paths:{\n...userRouteDoc\n\n\n  }\n\n}\n\nexport default swaggerDocumentations"],"mappings":";;;;;;;;AAAA;AAAiD;AAAA;AAEjD,IAAMA,qBAAqB,GAAE;EAC3BC,OAAO,EAAE,OAAO;EAChBC,IAAI,EAAC;IACDC,KAAK,EAAE,cAAc;IACrBC,OAAO,EAAC,OAAO;IACfC,WAAW,EAAC;EAChB,CAAC;EACDC,OAAO,EAAC;IACFC,IAAI,EAAC,kBAAkB;IACvBC,KAAK,EAAC,oBAAoB;IAC1BC,GAAG,EAAC;EACV,CAAC;EACDC,OAAO,EAAC,CACJ;IACID,GAAG,EAAE,uBAAuB;IAC5BF,IAAI,EAAC;EACT,CAAC,CACJ;EACDI,UAAU,EAAE;IACRC,eAAe,EAAE;MACfC,KAAK,EAAE;QACLC,IAAI,EAAE,QAAQ;QACdC,MAAM,EAAE,QAAQ;QAChBC,YAAY,EAAE,KAAK;QACnBT,IAAI,EAAC,OAAO;QACZ,MAAG;MACL;IACF;EACF,CAAC;EAGHU,IAAI,EAAC,CACD;IACIV,IAAI,EAAC,OAAO;IACZF,WAAW,EAAC;EAChB,CAAC,EACD;IACIE,IAAI,EAAC,SAAS;IACdF,WAAW,EAAC;EAChB,CAAC,EACD;IACIE,IAAI,EAAC,OAAO;IACZF,WAAW,EAAC;EAChB,CAAC,CACJ;EAEDa,KAAK,oBACJC,gBAAY;AAKf,CAAC;AAAA,eAEcnB,qBAAqB;AAAA"},"_coverageSchema":"1a1c01bbd47fc00a2c39e90264f33305004495a9","hash":"11befaea8a2229b2da5ca3666a454f435b7959a7","contentHash":"755f7e196ec3b0096a881c417cb14422669be3dfab38e157f612e00e10b6f94a"},"/home/patsicko/Desktop/my-brand-patrick/server/my-brand-bakend/src/routes/apis/user.doc.js":{"path":"/home/patsicko/Desktop/my-brand-patrick/server/my-brand-bakend/src/routes/apis/user.doc.js","statementMap":{"0":{"start":{"line":3,"column":0},"end":{"line":5,"column":3}},"1":{"start":{"line":6,"column":0},"end":{"line":6,"column":28}},"2":{"start":{"line":7,"column":17},"end":{"line":53,"column":1}},"3":{"start":{"line":56,"column":12},"end":{"line":92,"column":1}},"4":{"start":{"line":95,"column":15},"end":{"line":113,"column":1}},"5":{"start":{"line":114,"column":19},"end":{"line":124,"column":1}},"6":{"start":{"line":125,"column":15},"end":{"line":125,"column":27}},"7":{"start":{"line":126,"column":0},"end":{"line":126,"column":30}}},"fnMap":{},"branchMap":{},"s":{"0":1,"1":1,"2":1,"3":1,"4":1,"5":1,"6":1,"7":1},"f":{},"b":{},"inputSourceMap":{"version":3,"names":["createUser","tags","description","requestBody","content","schema","type","properties","fname","example","lname","email","password","responses","login","getUsers","security","token","userRouteDoc","post","get"],"sourceRoot":"/home/patsicko/Desktop/my-brand-patrick/server/my-brand-bakend/src/routes/apis/","sources":["user.doc.js"],"sourcesContent":["const createUser = {\n    tags:[\"Users\"],\n    description: \"create a user\",\n    requestBody:{\n        content:{\n            \"Application/json\":{\n                schema:{\n                    type:\"object\",\n                    properties:{\n                        fname:{\n                            type:\"string\",\n                            description:\" first name of the user\",\n                            example:\"MANIBAHO\"\n                        },\n                        lname:{\n                            type:\"string\",\n                            description:\"Last name of the user\",\n                            example:\"Patrick\",\n                        },\n                        email:{\n                            type:\"email\",\n                            description:\"email of the user\",\n                            example:\"patsicko@gmail.com\"\n                        },\n                        password:{\n                            type:\"string\",\n                            description:\"password of the user\",\n                            example:\"123456\",\n                        },\n                      \n                    },\n                },\n            },\n        },\n    },\n\n  responses:{\n        200:{\n            description:\"OK\",\n            content:{\n                \"application/json\":{\n                    schema:{\n                        type:\"object\",\n                    },\n                },\n            },\n        },\n    },\n  };\n\n\n\n  //logging in a user swagger documentation\nconst login = {\n    tags:[\"Users\"],\n    description: \"login user\",\n    requestBody:{\n        content:{\n            \"Application/json\":{\n                schema:{\n                    type:\"object\",\n                    properties:{\n                        email:{\n                            type:\"email\",\n                            description:\"email of the user\",\n                            example:\"patsicko@gmail.com\"\n                        },\n                        password:{\n                            type:\"string\",\n                            description:\"password of the user\",\n                            example:\"123456\",\n                        },\n                        \n                    },\n                },\n            },\n  \n        },\n    },\n  responses:{\n        200:{\n            description:\"OK\",\n            content:{\n                \"application/json\":{\n                    schema:{\n                        type:\"object\",\n  \n                    },\n                },\n            },\n        },\n    },\n  \n  \n  };\n\n\n//get all users swagger documetnation \nconst getUsers = {\n    \n    tags:[\"Users\"],\n    description: \"list of all users\",\n    security: [\n        {\n          token: [],\n        },\n      ],\n    responses:{\n        200:{\n            description:\"OK\",\n            content:{\n                \"application/json\":{\n                    schema:{\n                        type:\"object\",\n                      \n\n                    },\n                },\n            },\n        },\n    },\n};\n\n\n\n\n\n  const userRouteDoc = {\n    \"/api/createUser\": {\n        post:createUser\n    },\n\n    \"/api/login\": {\n        post:login\n    },\n    \"/api/getUsers\": {\n        get:getUsers\n    },\n\n}\n\n\nexport default userRouteDoc;"],"mappings":";;;;;;AAAA,IAAMA,UAAU,GAAG;EACfC,IAAI,EAAC,CAAC,OAAO,CAAC;EACdC,WAAW,EAAE,eAAe;EAC5BC,WAAW,EAAC;IACRC,OAAO,EAAC;MACJ,kBAAkB,EAAC;QACfC,MAAM,EAAC;UACHC,IAAI,EAAC,QAAQ;UACbC,UAAU,EAAC;YACPC,KAAK,EAAC;cACFF,IAAI,EAAC,QAAQ;cACbJ,WAAW,EAAC,yBAAyB;cACrCO,OAAO,EAAC;YACZ,CAAC;YACDC,KAAK,EAAC;cACFJ,IAAI,EAAC,QAAQ;cACbJ,WAAW,EAAC,uBAAuB;cACnCO,OAAO,EAAC;YACZ,CAAC;YACDE,KAAK,EAAC;cACFL,IAAI,EAAC,OAAO;cACZJ,WAAW,EAAC,mBAAmB;cAC/BO,OAAO,EAAC;YACZ,CAAC;YACDG,QAAQ,EAAC;cACLN,IAAI,EAAC,QAAQ;cACbJ,WAAW,EAAC,sBAAsB;cAClCO,OAAO,EAAC;YACZ;UAEJ;QACJ;MACJ;IACJ;EACJ,CAAC;EAEHI,SAAS,EAAC;IACJ,GAAG,EAAC;MACAX,WAAW,EAAC,IAAI;MAChBE,OAAO,EAAC;QACJ,kBAAkB,EAAC;UACfC,MAAM,EAAC;YACHC,IAAI,EAAC;UACT;QACJ;MACJ;IACJ;EACJ;AACF,CAAC;;AAID;AACF,IAAMQ,KAAK,GAAG;EACVb,IAAI,EAAC,CAAC,OAAO,CAAC;EACdC,WAAW,EAAE,YAAY;EACzBC,WAAW,EAAC;IACRC,OAAO,EAAC;MACJ,kBAAkB,EAAC;QACfC,MAAM,EAAC;UACHC,IAAI,EAAC,QAAQ;UACbC,UAAU,EAAC;YACPI,KAAK,EAAC;cACFL,IAAI,EAAC,OAAO;cACZJ,WAAW,EAAC,mBAAmB;cAC/BO,OAAO,EAAC;YACZ,CAAC;YACDG,QAAQ,EAAC;cACLN,IAAI,EAAC,QAAQ;cACbJ,WAAW,EAAC,sBAAsB;cAClCO,OAAO,EAAC;YACZ;UAEJ;QACJ;MACJ;IAEJ;EACJ,CAAC;EACHI,SAAS,EAAC;IACJ,GAAG,EAAC;MACAX,WAAW,EAAC,IAAI;MAChBE,OAAO,EAAC;QACJ,kBAAkB,EAAC;UACfC,MAAM,EAAC;YACHC,IAAI,EAAC;UAET;QACJ;MACJ;IACJ;EACJ;AAGF,CAAC;;AAGH;AACA,IAAMS,QAAQ,GAAG;EAEbd,IAAI,EAAC,CAAC,OAAO,CAAC;EACdC,WAAW,EAAE,mBAAmB;EAChCc,QAAQ,EAAE,CACN;IACEC,KAAK,EAAE;EACT,CAAC,CACF;EACHJ,SAAS,EAAC;IACN,GAAG,EAAC;MACAX,WAAW,EAAC,IAAI;MAChBE,OAAO,EAAC;QACJ,kBAAkB,EAAC;UACfC,MAAM,EAAC;YACHC,IAAI,EAAC;UAGT;QACJ;MACJ;IACJ;EACJ;AACJ,CAAC;AAMC,IAAMY,YAAY,GAAG;EACnB,iBAAiB,EAAE;IACfC,IAAI,EAACnB;EACT,CAAC;EAED,YAAY,EAAE;IACVmB,IAAI,EAACL;EACT,CAAC;EACD,eAAe,EAAE;IACbM,GAAG,EAACL;EACR;AAEJ,CAAC;AAAA,eAGcG,YAAY;AAAA"},"_coverageSchema":"1a1c01bbd47fc00a2c39e90264f33305004495a9","hash":"7c762b58d3d16e1bee115752923d9e56a251fab9","contentHash":"412d4f244eafe1b8ead8b6758c648db8bc30d3e7f3edc3bd629601b1d05a8b8e"}}